{"/Users/gsoft05/Desktop/Gsoft/cohart-app/app/assets/Arrow_Down.png": {"path":"/Users/gsoft05/Desktop/Gsoft/cohart-app/app/assets/Arrow_Down.png","statementMap":{"0":{"start":{"line":1,"column":0},"end":{"line":4,"column":6}}},"fnMap":{},"branchMap":{},"s":{"0":3},"f":{},"b":{},"inputSourceMap":null,"_coverageSchema":"1a1c01bbd47fc00a2c39e90264f33305004495a9","hash":"95cf67b52fc2c222f0464ccdbe7242c301ed9000"}
,"/Users/gsoft05/Desktop/Gsoft/cohart-app/app/assets/Arrow_Left.png": {"path":"/Users/gsoft05/Desktop/Gsoft/cohart-app/app/assets/Arrow_Left.png","statementMap":{"0":{"start":{"line":1,"column":0},"end":{"line":4,"column":6}}},"fnMap":{},"branchMap":{},"s":{"0":1},"f":{},"b":{},"inputSourceMap":null,"_coverageSchema":"1a1c01bbd47fc00a2c39e90264f33305004495a9","hash":"46baab6fd4d1eabb66fa4d8321abada9c8d5f3d6"}
,"/Users/gsoft05/Desktop/Gsoft/cohart-app/app/assets/Arrow_Right.png": {"path":"/Users/gsoft05/Desktop/Gsoft/cohart-app/app/assets/Arrow_Right.png","statementMap":{"0":{"start":{"line":1,"column":0},"end":{"line":4,"column":6}}},"fnMap":{},"branchMap":{},"s":{"0":5},"f":{},"b":{},"inputSourceMap":null,"_coverageSchema":"1a1c01bbd47fc00a2c39e90264f33305004495a9","hash":"d8cfe0e2e85735edbc9d318f6f9f2d8763db1f64"}
,"/Users/gsoft05/Desktop/Gsoft/cohart-app/app/assets/ChangePhoneNumber.png": {"path":"/Users/gsoft05/Desktop/Gsoft/cohart-app/app/assets/ChangePhoneNumber.png","statementMap":{"0":{"start":{"line":1,"column":0},"end":{"line":4,"column":6}}},"fnMap":{},"branchMap":{},"s":{"0":1},"f":{},"b":{},"inputSourceMap":null,"_coverageSchema":"1a1c01bbd47fc00a2c39e90264f33305004495a9","hash":"ff9d21c92caecbd14bcbbef9449bedd4db19262a"}
,"/Users/gsoft05/Desktop/Gsoft/cohart-app/app/assets/Circle.png": {"path":"/Users/gsoft05/Desktop/Gsoft/cohart-app/app/assets/Circle.png","statementMap":{"0":{"start":{"line":1,"column":0},"end":{"line":4,"column":6}}},"fnMap":{},"branchMap":{},"s":{"0":3},"f":{},"b":{},"inputSourceMap":null,"_coverageSchema":"1a1c01bbd47fc00a2c39e90264f33305004495a9","hash":"26ab23723ee6e889427d40242976fc94141a8e9b"}
,"/Users/gsoft05/Desktop/Gsoft/cohart-app/app/assets/Community.png": {"path":"/Users/gsoft05/Desktop/Gsoft/cohart-app/app/assets/Community.png","statementMap":{"0":{"start":{"line":1,"column":0},"end":{"line":4,"column":6}}},"fnMap":{},"branchMap":{},"s":{"0":3},"f":{},"b":{},"inputSourceMap":null,"_coverageSchema":"1a1c01bbd47fc00a2c39e90264f33305004495a9","hash":"6b4bbadbc7f28a73a8fcd432b213bfdf881e5e3f"}
,"/Users/gsoft05/Desktop/Gsoft/cohart-app/app/assets/CommunityTab.png": {"path":"/Users/gsoft05/Desktop/Gsoft/cohart-app/app/assets/CommunityTab.png","statementMap":{"0":{"start":{"line":1,"column":0},"end":{"line":4,"column":6}}},"fnMap":{},"branchMap":{},"s":{"0":3},"f":{},"b":{},"inputSourceMap":null,"_coverageSchema":"1a1c01bbd47fc00a2c39e90264f33305004495a9","hash":"1ea283997eb705eb26d0c24e2bb13a625a421964"}
,"/Users/gsoft05/Desktop/Gsoft/cohart-app/app/assets/Icon-back.png": {"path":"/Users/gsoft05/Desktop/Gsoft/cohart-app/app/assets/Icon-back.png","statementMap":{"0":{"start":{"line":1,"column":0},"end":{"line":4,"column":6}}},"fnMap":{},"branchMap":{},"s":{"0":1},"f":{},"b":{},"inputSourceMap":null,"_coverageSchema":"1a1c01bbd47fc00a2c39e90264f33305004495a9","hash":"b91aab8eb1a8304a65e88fbb57a1d45f21e80c44"}
,"/Users/gsoft05/Desktop/Gsoft/cohart-app/app/assets/Inspiration.png": {"path":"/Users/gsoft05/Desktop/Gsoft/cohart-app/app/assets/Inspiration.png","statementMap":{"0":{"start":{"line":1,"column":0},"end":{"line":4,"column":6}}},"fnMap":{},"branchMap":{},"s":{"0":3},"f":{},"b":{},"inputSourceMap":null,"_coverageSchema":"1a1c01bbd47fc00a2c39e90264f33305004495a9","hash":"0914ddc838d09dc840a51085209b4283845eaacb"}
,"/Users/gsoft05/Desktop/Gsoft/cohart-app/app/assets/LoginBackGround.png": {"path":"/Users/gsoft05/Desktop/Gsoft/cohart-app/app/assets/LoginBackGround.png","statementMap":{"0":{"start":{"line":1,"column":0},"end":{"line":4,"column":6}}},"fnMap":{},"branchMap":{},"s":{"0":2},"f":{},"b":{},"inputSourceMap":null,"_coverageSchema":"1a1c01bbd47fc00a2c39e90264f33305004495a9","hash":"b32cbc382e6f953e434a3462f9f4c256087743e9"}
,"/Users/gsoft05/Desktop/Gsoft/cohart-app/app/assets/MonogramIcon.png": {"path":"/Users/gsoft05/Desktop/Gsoft/cohart-app/app/assets/MonogramIcon.png","statementMap":{"0":{"start":{"line":1,"column":0},"end":{"line":4,"column":6}}},"fnMap":{},"branchMap":{},"s":{"0":1},"f":{},"b":{},"inputSourceMap":null,"_coverageSchema":"1a1c01bbd47fc00a2c39e90264f33305004495a9","hash":"43a793ce56c077ef5d7c9f62068467b2460f73e1"}
,"/Users/gsoft05/Desktop/Gsoft/cohart-app/app/assets/Placeholder-1.png": {"path":"/Users/gsoft05/Desktop/Gsoft/cohart-app/app/assets/Placeholder-1.png","statementMap":{"0":{"start":{"line":1,"column":0},"end":{"line":4,"column":6}}},"fnMap":{},"branchMap":{},"s":{"0":5},"f":{},"b":{},"inputSourceMap":null,"_coverageSchema":"1a1c01bbd47fc00a2c39e90264f33305004495a9","hash":"5bd1a9bed1e6467e63e7cbd6170b52ad2e83523d"}
,"/Users/gsoft05/Desktop/Gsoft/cohart-app/app/assets/Placeholder-2.png": {"path":"/Users/gsoft05/Desktop/Gsoft/cohart-app/app/assets/Placeholder-2.png","statementMap":{"0":{"start":{"line":1,"column":0},"end":{"line":4,"column":6}}},"fnMap":{},"branchMap":{},"s":{"0":5},"f":{},"b":{},"inputSourceMap":null,"_coverageSchema":"1a1c01bbd47fc00a2c39e90264f33305004495a9","hash":"52b953ef7aedf8fe874aeebecf3e51f077da6baa"}
,"/Users/gsoft05/Desktop/Gsoft/cohart-app/app/assets/Placeholder-3.png": {"path":"/Users/gsoft05/Desktop/Gsoft/cohart-app/app/assets/Placeholder-3.png","statementMap":{"0":{"start":{"line":1,"column":0},"end":{"line":4,"column":6}}},"fnMap":{},"branchMap":{},"s":{"0":5},"f":{},"b":{},"inputSourceMap":null,"_coverageSchema":"1a1c01bbd47fc00a2c39e90264f33305004495a9","hash":"78e33273eac4b39a0d1da501b6e0bb560a069d12"}
,"/Users/gsoft05/Desktop/Gsoft/cohart-app/app/assets/Placeholder-4.png": {"path":"/Users/gsoft05/Desktop/Gsoft/cohart-app/app/assets/Placeholder-4.png","statementMap":{"0":{"start":{"line":1,"column":0},"end":{"line":4,"column":6}}},"fnMap":{},"branchMap":{},"s":{"0":3},"f":{},"b":{},"inputSourceMap":null,"_coverageSchema":"1a1c01bbd47fc00a2c39e90264f33305004495a9","hash":"2742653945096885340134741cfc52bf64bcc796"}
,"/Users/gsoft05/Desktop/Gsoft/cohart-app/app/assets/Placeholder-5.png": {"path":"/Users/gsoft05/Desktop/Gsoft/cohart-app/app/assets/Placeholder-5.png","statementMap":{"0":{"start":{"line":1,"column":0},"end":{"line":4,"column":6}}},"fnMap":{},"branchMap":{},"s":{"0":5},"f":{},"b":{},"inputSourceMap":null,"_coverageSchema":"1a1c01bbd47fc00a2c39e90264f33305004495a9","hash":"834009ca7a51a86cdc50acc70332da46e081d139"}
,"/Users/gsoft05/Desktop/Gsoft/cohart-app/app/assets/Placeholder-6.png": {"path":"/Users/gsoft05/Desktop/Gsoft/cohart-app/app/assets/Placeholder-6.png","statementMap":{"0":{"start":{"line":1,"column":0},"end":{"line":4,"column":6}}},"fnMap":{},"branchMap":{},"s":{"0":5},"f":{},"b":{},"inputSourceMap":null,"_coverageSchema":"1a1c01bbd47fc00a2c39e90264f33305004495a9","hash":"d0d251625f1d67743c623ec1545f5533d587f348"}
,"/Users/gsoft05/Desktop/Gsoft/cohart-app/app/assets/Placeholder4.png": {"path":"/Users/gsoft05/Desktop/Gsoft/cohart-app/app/assets/Placeholder4.png","statementMap":{"0":{"start":{"line":1,"column":0},"end":{"line":4,"column":6}}},"fnMap":{},"branchMap":{},"s":{"0":2},"f":{},"b":{},"inputSourceMap":null,"_coverageSchema":"1a1c01bbd47fc00a2c39e90264f33305004495a9","hash":"91641c5004b35d4a06157018c35be5cea7020620"}
,"/Users/gsoft05/Desktop/Gsoft/cohart-app/app/assets/Search.png": {"path":"/Users/gsoft05/Desktop/Gsoft/cohart-app/app/assets/Search.png","statementMap":{"0":{"start":{"line":1,"column":0},"end":{"line":4,"column":6}}},"fnMap":{},"branchMap":{},"s":{"0":1},"f":{},"b":{},"inputSourceMap":null,"_coverageSchema":"1a1c01bbd47fc00a2c39e90264f33305004495a9","hash":"07059730582958d0cc58c653f5c19301fb32135a"}
,"/Users/gsoft05/Desktop/Gsoft/cohart-app/app/assets/StarIconFull.png": {"path":"/Users/gsoft05/Desktop/Gsoft/cohart-app/app/assets/StarIconFull.png","statementMap":{"0":{"start":{"line":1,"column":0},"end":{"line":4,"column":6}}},"fnMap":{},"branchMap":{},"s":{"0":3},"f":{},"b":{},"inputSourceMap":null,"_coverageSchema":"1a1c01bbd47fc00a2c39e90264f33305004495a9","hash":"3812e354aa111fd778f5d4f9959bf71182b03491"}
,"/Users/gsoft05/Desktop/Gsoft/cohart-app/app/assets/avatar-placeholder.png": {"path":"/Users/gsoft05/Desktop/Gsoft/cohart-app/app/assets/avatar-placeholder.png","statementMap":{"0":{"start":{"line":1,"column":0},"end":{"line":4,"column":6}}},"fnMap":{},"branchMap":{},"s":{"0":1},"f":{},"b":{},"inputSourceMap":null,"_coverageSchema":"1a1c01bbd47fc00a2c39e90264f33305004495a9","hash":"fba56ee6aba010a7137f3738ba4988e9aed1c498"}
,"/Users/gsoft05/Desktop/Gsoft/cohart-app/app/assets/cohart-social.png": {"path":"/Users/gsoft05/Desktop/Gsoft/cohart-app/app/assets/cohart-social.png","statementMap":{"0":{"start":{"line":1,"column":0},"end":{"line":4,"column":6}}},"fnMap":{},"branchMap":{},"s":{"0":1},"f":{},"b":{},"inputSourceMap":null,"_coverageSchema":"1a1c01bbd47fc00a2c39e90264f33305004495a9","hash":"562c2bf121c8d69651429948314f3dd862ab76b9"}
,"/Users/gsoft05/Desktop/Gsoft/cohart-app/app/assets/collapse-down.png": {"path":"/Users/gsoft05/Desktop/Gsoft/cohart-app/app/assets/collapse-down.png","statementMap":{"0":{"start":{"line":1,"column":0},"end":{"line":4,"column":6}}},"fnMap":{},"branchMap":{},"s":{"0":1},"f":{},"b":{},"inputSourceMap":null,"_coverageSchema":"1a1c01bbd47fc00a2c39e90264f33305004495a9","hash":"1e2c8dd7ba75e80ba610dde5c0bd16dc9c2de18b"}
,"/Users/gsoft05/Desktop/Gsoft/cohart-app/app/assets/collapse-up.png": {"path":"/Users/gsoft05/Desktop/Gsoft/cohart-app/app/assets/collapse-up.png","statementMap":{"0":{"start":{"line":1,"column":0},"end":{"line":4,"column":6}}},"fnMap":{},"branchMap":{},"s":{"0":1},"f":{},"b":{},"inputSourceMap":null,"_coverageSchema":"1a1c01bbd47fc00a2c39e90264f33305004495a9","hash":"64c27cc5ad6f9e68931b5ad3c01140e2dbf02895"}
,"/Users/gsoft05/Desktop/Gsoft/cohart-app/app/assets/discord.png": {"path":"/Users/gsoft05/Desktop/Gsoft/cohart-app/app/assets/discord.png","statementMap":{"0":{"start":{"line":1,"column":0},"end":{"line":4,"column":6}}},"fnMap":{},"branchMap":{},"s":{"0":1},"f":{},"b":{},"inputSourceMap":null,"_coverageSchema":"1a1c01bbd47fc00a2c39e90264f33305004495a9","hash":"ad4b01fd90afc1a5d69432f4a3c445158e049078"}
,"/Users/gsoft05/Desktop/Gsoft/cohart-app/app/assets/discover.png": {"path":"/Users/gsoft05/Desktop/Gsoft/cohart-app/app/assets/discover.png","statementMap":{"0":{"start":{"line":1,"column":0},"end":{"line":4,"column":6}}},"fnMap":{},"branchMap":{},"s":{"0":3},"f":{},"b":{},"inputSourceMap":null,"_coverageSchema":"1a1c01bbd47fc00a2c39e90264f33305004495a9","hash":"7bbe2f8034ad592e905e39fa105e4c7d17b354b8"}
,"/Users/gsoft05/Desktop/Gsoft/cohart-app/app/assets/dummyAvator.png": {"path":"/Users/gsoft05/Desktop/Gsoft/cohart-app/app/assets/dummyAvator.png","statementMap":{"0":{"start":{"line":1,"column":0},"end":{"line":4,"column":6}}},"fnMap":{},"branchMap":{},"s":{"0":6},"f":{},"b":{},"inputSourceMap":null,"_coverageSchema":"1a1c01bbd47fc00a2c39e90264f33305004495a9","hash":"0706de646363780253eb030aac9b09a3cb9aad4f"}
,"/Users/gsoft05/Desktop/Gsoft/cohart-app/app/assets/facebook.png": {"path":"/Users/gsoft05/Desktop/Gsoft/cohart-app/app/assets/facebook.png","statementMap":{"0":{"start":{"line":1,"column":0},"end":{"line":4,"column":6}}},"fnMap":{},"branchMap":{},"s":{"0":1},"f":{},"b":{},"inputSourceMap":null,"_coverageSchema":"1a1c01bbd47fc00a2c39e90264f33305004495a9","hash":"8ce43a0c1d50b6c547c8c6ac8cc0845455b853f9"}
,"/Users/gsoft05/Desktop/Gsoft/cohart-app/app/assets/ic_edit.png": {"path":"/Users/gsoft05/Desktop/Gsoft/cohart-app/app/assets/ic_edit.png","statementMap":{"0":{"start":{"line":1,"column":0},"end":{"line":4,"column":6}}},"fnMap":{},"branchMap":{},"s":{"0":3},"f":{},"b":{},"inputSourceMap":null,"_coverageSchema":"1a1c01bbd47fc00a2c39e90264f33305004495a9","hash":"6f5d3109dd8ef12d8f6bc6b279f04c169e19e64a"}
,"/Users/gsoft05/Desktop/Gsoft/cohart-app/app/assets/ic_hide.png": {"path":"/Users/gsoft05/Desktop/Gsoft/cohart-app/app/assets/ic_hide.png","statementMap":{"0":{"start":{"line":1,"column":0},"end":{"line":4,"column":6}}},"fnMap":{},"branchMap":{},"s":{"0":2},"f":{},"b":{},"inputSourceMap":null,"_coverageSchema":"1a1c01bbd47fc00a2c39e90264f33305004495a9","hash":"b48a53eae31f7859fbda857f7d2d5b46242bcf85"}
,"/Users/gsoft05/Desktop/Gsoft/cohart-app/app/assets/ic_plus.png": {"path":"/Users/gsoft05/Desktop/Gsoft/cohart-app/app/assets/ic_plus.png","statementMap":{"0":{"start":{"line":1,"column":0},"end":{"line":4,"column":6}}},"fnMap":{},"branchMap":{},"s":{"0":1},"f":{},"b":{},"inputSourceMap":null,"_coverageSchema":"1a1c01bbd47fc00a2c39e90264f33305004495a9","hash":"0561611a14130cebe54123455e3516b192dca552"}
,"/Users/gsoft05/Desktop/Gsoft/cohart-app/app/assets/ic_qr.png": {"path":"/Users/gsoft05/Desktop/Gsoft/cohart-app/app/assets/ic_qr.png","statementMap":{"0":{"start":{"line":1,"column":0},"end":{"line":4,"column":6}}},"fnMap":{},"branchMap":{},"s":{"0":1},"f":{},"b":{},"inputSourceMap":null,"_coverageSchema":"1a1c01bbd47fc00a2c39e90264f33305004495a9","hash":"387436f72a9752c79e7d687ae5eb6e750eda5567"}
,"/Users/gsoft05/Desktop/Gsoft/cohart-app/app/assets/ic_remove.png": {"path":"/Users/gsoft05/Desktop/Gsoft/cohart-app/app/assets/ic_remove.png","statementMap":{"0":{"start":{"line":1,"column":0},"end":{"line":4,"column":6}}},"fnMap":{},"branchMap":{},"s":{"0":1},"f":{},"b":{},"inputSourceMap":null,"_coverageSchema":"1a1c01bbd47fc00a2c39e90264f33305004495a9","hash":"5022582cafbb7fe202bb7ca6e60229f3746d2c0d"}
,"/Users/gsoft05/Desktop/Gsoft/cohart-app/app/assets/ic_remove_text.png": {"path":"/Users/gsoft05/Desktop/Gsoft/cohart-app/app/assets/ic_remove_text.png","statementMap":{"0":{"start":{"line":1,"column":0},"end":{"line":4,"column":6}}},"fnMap":{},"branchMap":{},"s":{"0":2},"f":{},"b":{},"inputSourceMap":null,"_coverageSchema":"1a1c01bbd47fc00a2c39e90264f33305004495a9","hash":"cdaf4192924869ad20feec8fcaa15ea1a5353239"}
,"/Users/gsoft05/Desktop/Gsoft/cohart-app/app/assets/ic_show.png": {"path":"/Users/gsoft05/Desktop/Gsoft/cohart-app/app/assets/ic_show.png","statementMap":{"0":{"start":{"line":1,"column":0},"end":{"line":4,"column":6}}},"fnMap":{},"branchMap":{},"s":{"0":2},"f":{},"b":{},"inputSourceMap":null,"_coverageSchema":"1a1c01bbd47fc00a2c39e90264f33305004495a9","hash":"c6ed6bad931943e781acf171c26563f0bba4ec9a"}
,"/Users/gsoft05/Desktop/Gsoft/cohart-app/app/assets/ic_warning_blue.png": {"path":"/Users/gsoft05/Desktop/Gsoft/cohart-app/app/assets/ic_warning_blue.png","statementMap":{"0":{"start":{"line":1,"column":0},"end":{"line":4,"column":6}}},"fnMap":{},"branchMap":{},"s":{"0":2},"f":{},"b":{},"inputSourceMap":null,"_coverageSchema":"1a1c01bbd47fc00a2c39e90264f33305004495a9","hash":"6ae19226c8c59c793ca669c168a4ae9c55fd8bd4"}
,"/Users/gsoft05/Desktop/Gsoft/cohart-app/app/assets/instagram.png": {"path":"/Users/gsoft05/Desktop/Gsoft/cohart-app/app/assets/instagram.png","statementMap":{"0":{"start":{"line":1,"column":0},"end":{"line":4,"column":6}}},"fnMap":{},"branchMap":{},"s":{"0":1},"f":{},"b":{},"inputSourceMap":null,"_coverageSchema":"1a1c01bbd47fc00a2c39e90264f33305004495a9","hash":"34f98c05772014fb31cb32296d98d3eae9408b5c"}
,"/Users/gsoft05/Desktop/Gsoft/cohart-app/app/assets/profileHeaderIcon.png": {"path":"/Users/gsoft05/Desktop/Gsoft/cohart-app/app/assets/profileHeaderIcon.png","statementMap":{"0":{"start":{"line":1,"column":0},"end":{"line":4,"column":6}}},"fnMap":{},"branchMap":{},"s":{"0":3},"f":{},"b":{},"inputSourceMap":null,"_coverageSchema":"1a1c01bbd47fc00a2c39e90264f33305004495a9","hash":"3ceeaf4345345543c43580257d0a05055a864269"}
,"/Users/gsoft05/Desktop/Gsoft/cohart-app/app/assets/reportIcon.png": {"path":"/Users/gsoft05/Desktop/Gsoft/cohart-app/app/assets/reportIcon.png","statementMap":{"0":{"start":{"line":1,"column":0},"end":{"line":4,"column":6}}},"fnMap":{},"branchMap":{},"s":{"0":1},"f":{},"b":{},"inputSourceMap":null,"_coverageSchema":"1a1c01bbd47fc00a2c39e90264f33305004495a9","hash":"c0cdb576789edd4c489b5966da08b40a818ae229"}
,"/Users/gsoft05/Desktop/Gsoft/cohart-app/app/assets/sample-avatar.jpeg": {"path":"/Users/gsoft05/Desktop/Gsoft/cohart-app/app/assets/sample-avatar.jpeg","statementMap":{"0":{"start":{"line":1,"column":0},"end":{"line":4,"column":6}}},"fnMap":{},"branchMap":{},"s":{"0":2},"f":{},"b":{},"inputSourceMap":null,"_coverageSchema":"1a1c01bbd47fc00a2c39e90264f33305004495a9","hash":"3f358b75e9772d4a6541b1c2e42eb2e5730ca746"}
,"/Users/gsoft05/Desktop/Gsoft/cohart-app/app/assets/termCondition.png": {"path":"/Users/gsoft05/Desktop/Gsoft/cohart-app/app/assets/termCondition.png","statementMap":{"0":{"start":{"line":1,"column":0},"end":{"line":4,"column":6}}},"fnMap":{},"branchMap":{},"s":{"0":1},"f":{},"b":{},"inputSourceMap":null,"_coverageSchema":"1a1c01bbd47fc00a2c39e90264f33305004495a9","hash":"3ad3bfc8225c07713ba44a28c7d1f5ee70e16920"}
,"/Users/gsoft05/Desktop/Gsoft/cohart-app/app/assets/twitter.png": {"path":"/Users/gsoft05/Desktop/Gsoft/cohart-app/app/assets/twitter.png","statementMap":{"0":{"start":{"line":1,"column":0},"end":{"line":4,"column":6}}},"fnMap":{},"branchMap":{},"s":{"0":1},"f":{},"b":{},"inputSourceMap":null,"_coverageSchema":"1a1c01bbd47fc00a2c39e90264f33305004495a9","hash":"74d3717cf456b753e277375a782d1647369a2c60"}
,"/Users/gsoft05/Desktop/Gsoft/cohart-app/app/components/AnimatedImage.tsx": {"path":"/Users/gsoft05/Desktop/Gsoft/cohart-app/app/components/AnimatedImage.tsx","statementMap":{"0":{"start":{"line":10,"column":36},"end":{"line":10,"column":41}},"1":{"start":{"line":11,"column":34},"end":{"line":11,"column":49}},"2":{"start":{"line":12,"column":22},"end":{"line":16,"column":3}},"3":{"start":{"line":13,"column":4},"end":{"line":15,"column":13}},"4":{"start":{"line":14,"column":6},"end":{"line":14,"column":24}},"5":{"start":{"line":17,"column":2},"end":{"line":44,"column":4}},"6":{"start":{"line":40,"column":10},"end":{"line":40,"column":29}},"7":{"start":{"line":46,"column":15},"end":{"line":57,"column":2}}},"fnMap":{"0":{"name":"AnimatedImage","decl":{"start":{"line":9,"column":24},"end":{"line":9,"column":37}},"loc":{"start":{"line":9,"column":52},"end":{"line":45,"column":1}},"line":9},"1":{"name":"(anonymous_1)","decl":{"start":{"line":12,"column":22},"end":{"line":12,"column":23}},"loc":{"start":{"line":12,"column":28},"end":{"line":16,"column":3}},"line":12},"2":{"name":"(anonymous_2)","decl":{"start":{"line":13,"column":15},"end":{"line":13,"column":16}},"loc":{"start":{"line":13,"column":21},"end":{"line":15,"column":5}},"line":13},"3":{"name":"(anonymous_3)","decl":{"start":{"line":39,"column":17},"end":{"line":39,"column":18}},"loc":{"start":{"line":39,"column":23},"end":{"line":41,"column":9}},"line":39}},"branchMap":{"0":{"loc":{"start":{"line":19,"column":7},"end":{"line":33,"column":14}},"type":"cond-expr","locations":[{"start":{"line":20,"column":8},"end":{"line":32,"column":10}},{"start":{"line":33,"column":10},"end":{"line":33,"column":14}}],"line":19}},"s":{"0":5,"1":5,"2":5,"3":0,"4":0,"5":5,"6":0,"7":3},"f":{"0":5,"1":0,"2":0,"3":0},"b":{"0":[5,0]},"_coverageSchema":"1a1c01bbd47fc00a2c39e90264f33305004495a9","hash":"4b999c97476967d4ba9fe5eea0c93fb84b2fc380"}
,"/Users/gsoft05/Desktop/Gsoft/cohart-app/app/components/BackHeader.tsx": {"path":"/Users/gsoft05/Desktop/Gsoft/cohart-app/app/components/BackHeader.tsx","statementMap":{"0":{"start":{"line":30,"column":21},"end":{"line":30,"column":36}},"1":{"start":{"line":31,"column":45},"end":{"line":31,"column":50}},"2":{"start":{"line":33,"column":23},"end":{"line":38,"column":3}},"3":{"start":{"line":34,"column":4},"end":{"line":37,"column":5}},"4":{"start":{"line":35,"column":6},"end":{"line":35,"column":38}},"5":{"start":{"line":36,"column":6},"end":{"line":36,"column":13}},"6":{"start":{"line":39,"column":2},"end":{"line":68,"column":4}},"7":{"start":{"line":45,"column":10},"end":{"line":45,"column":30}},"8":{"start":{"line":71,"column":15},"end":{"line":93,"column":2}}},"fnMap":{"0":{"name":"Header","decl":{"start":{"line":29,"column":24},"end":{"line":29,"column":30}},"loc":{"start":{"line":29,"column":45},"end":{"line":69,"column":1}},"line":29},"1":{"name":"(anonymous_1)","decl":{"start":{"line":33,"column":23},"end":{"line":33,"column":24}},"loc":{"start":{"line":33,"column":29},"end":{"line":38,"column":3}},"line":33},"2":{"name":"(anonymous_2)","decl":{"start":{"line":43,"column":17},"end":{"line":43,"column":18}},"loc":{"start":{"line":43,"column":23},"end":{"line":46,"column":9}},"line":43}},"branchMap":{"0":{"loc":{"start":{"line":34,"column":4},"end":{"line":37,"column":5}},"type":"if","locations":[{"start":{"line":34,"column":4},"end":{"line":37,"column":5}},{"start":{},"end":{}}],"line":34},"1":{"loc":{"start":{"line":52,"column":7},"end":{"line":64,"column":27}},"type":"cond-expr","locations":[{"start":{"line":53,"column":6},"end":{"line":60,"column":25}},{"start":{"line":62,"column":8},"end":{"line":64,"column":27}}],"line":52}},"s":{"0":14,"1":14,"2":14,"3":0,"4":0,"5":0,"6":14,"7":0,"8":1},"f":{"0":14,"1":0,"2":0},"b":{"0":[0,0],"1":[0,14]},"_coverageSchema":"1a1c01bbd47fc00a2c39e90264f33305004495a9","hash":"780f313ed782aefbc0398024fb3c7c15a11e2b19"}
,"/Users/gsoft05/Desktop/Gsoft/cohart-app/app/components/BackHeadingHeader.tsx": {"path":"/Users/gsoft05/Desktop/Gsoft/cohart-app/app/components/BackHeadingHeader.tsx","statementMap":{"0":{"start":{"line":19,"column":21},"end":{"line":19,"column":36}},"1":{"start":{"line":20,"column":20},"end":{"line":20,"column":25}},"2":{"start":{"line":21,"column":22},"end":{"line":23,"column":3}},"3":{"start":{"line":22,"column":4},"end":{"line":22,"column":24}},"4":{"start":{"line":24,"column":2},"end":{"line":33,"column":4}},"5":{"start":{"line":36,"column":15},"end":{"line":58,"column":2}}},"fnMap":{"0":{"name":"FansHeader","decl":{"start":{"line":18,"column":24},"end":{"line":18,"column":34}},"loc":{"start":{"line":18,"column":49},"end":{"line":34,"column":1}},"line":18},"1":{"name":"(anonymous_1)","decl":{"start":{"line":21,"column":22},"end":{"line":21,"column":23}},"loc":{"start":{"line":21,"column":28},"end":{"line":23,"column":3}},"line":21}},"branchMap":{},"s":{"0":1,"1":1,"2":1,"3":0,"4":1,"5":1},"f":{"0":1,"1":0},"b":{},"_coverageSchema":"1a1c01bbd47fc00a2c39e90264f33305004495a9","hash":"138d29a4e7cf5e7d9604ec2ab2527a8f55f9ea9a"}
,"/Users/gsoft05/Desktop/Gsoft/cohart-app/app/components/CodeTextInput.tsx": {"path":"/Users/gsoft05/Desktop/Gsoft/cohart-app/app/components/CodeTextInput.tsx","statementMap":{"0":{"start":{"line":17,"column":28},"end":{"line":17,"column":62}},"1":{"start":{"line":18,"column":21},"end":{"line":18,"column":29}},"2":{"start":{"line":19,"column":21},"end":{"line":19,"column":29}},"3":{"start":{"line":20,"column":21},"end":{"line":20,"column":29}},"4":{"start":{"line":21,"column":21},"end":{"line":21,"column":29}},"5":{"start":{"line":22,"column":21},"end":{"line":22,"column":29}},"6":{"start":{"line":23,"column":21},"end":{"line":23,"column":29}},"7":{"start":{"line":25,"column":19},"end":{"line":25,"column":32}},"8":{"start":{"line":27,"column":2},"end":{"line":174,"column":4}},"9":{"start":{"line":47,"column":10},"end":{"line":51,"column":13}},"10":{"start":{"line":48,"column":25},"end":{"line":48,"column":33}},"11":{"start":{"line":49,"column":12},"end":{"line":49,"column":27}},"12":{"start":{"line":50,"column":12},"end":{"line":50,"column":24}},"13":{"start":{"line":52,"column":10},"end":{"line":54,"column":11}},"14":{"start":{"line":53,"column":12},"end":{"line":53,"column":39}},"15":{"start":{"line":65,"column":10},"end":{"line":69,"column":13}},"16":{"start":{"line":66,"column":25},"end":{"line":66,"column":33}},"17":{"start":{"line":67,"column":12},"end":{"line":67,"column":27}},"18":{"start":{"line":68,"column":12},"end":{"line":68,"column":24}},"19":{"start":{"line":70,"column":10},"end":{"line":74,"column":11}},"20":{"start":{"line":71,"column":12},"end":{"line":71,"column":39}},"21":{"start":{"line":73,"column":12},"end":{"line":73,"column":39}},"22":{"start":{"line":85,"column":10},"end":{"line":89,"column":13}},"23":{"start":{"line":86,"column":25},"end":{"line":86,"column":33}},"24":{"start":{"line":87,"column":12},"end":{"line":87,"column":27}},"25":{"start":{"line":88,"column":12},"end":{"line":88,"column":24}},"26":{"start":{"line":90,"column":10},"end":{"line":94,"column":11}},"27":{"start":{"line":91,"column":12},"end":{"line":91,"column":39}},"28":{"start":{"line":93,"column":12},"end":{"line":93,"column":39}},"29":{"start":{"line":105,"column":10},"end":{"line":109,"column":13}},"30":{"start":{"line":106,"column":25},"end":{"line":106,"column":33}},"31":{"start":{"line":107,"column":12},"end":{"line":107,"column":27}},"32":{"start":{"line":108,"column":12},"end":{"line":108,"column":24}},"33":{"start":{"line":110,"column":10},"end":{"line":114,"column":11}},"34":{"start":{"line":111,"column":12},"end":{"line":111,"column":39}},"35":{"start":{"line":113,"column":12},"end":{"line":113,"column":39}},"36":{"start":{"line":125,"column":10},"end":{"line":129,"column":13}},"37":{"start":{"line":126,"column":25},"end":{"line":126,"column":33}},"38":{"start":{"line":127,"column":12},"end":{"line":127,"column":27}},"39":{"start":{"line":128,"column":12},"end":{"line":128,"column":24}},"40":{"start":{"line":130,"column":10},"end":{"line":134,"column":11}},"41":{"start":{"line":131,"column":12},"end":{"line":131,"column":39}},"42":{"start":{"line":133,"column":12},"end":{"line":133,"column":39}},"43":{"start":{"line":145,"column":10},"end":{"line":149,"column":13}},"44":{"start":{"line":146,"column":25},"end":{"line":146,"column":33}},"45":{"start":{"line":147,"column":12},"end":{"line":147,"column":27}},"46":{"start":{"line":148,"column":12},"end":{"line":148,"column":24}},"47":{"start":{"line":150,"column":10},"end":{"line":170,"column":11}},"48":{"start":{"line":151,"column":12},"end":{"line":151,"column":39}},"49":{"start":{"line":153,"column":25},"end":{"line":153,"column":35}},"50":{"start":{"line":155,"column":26},"end":{"line":155,"column":75}},"51":{"start":{"line":155,"column":63},"end":{"line":155,"column":74}},"52":{"start":{"line":156,"column":12},"end":{"line":169,"column":13}},"53":{"start":{"line":157,"column":14},"end":{"line":157,"column":33}},"54":{"start":{"line":158,"column":14},"end":{"line":158,"column":29}},"55":{"start":{"line":160,"column":14},"end":{"line":168,"column":16}},"56":{"start":{"line":177,"column":15},"end":{"line":190,"column":2}}},"fnMap":{"0":{"name":"CodeTextInput","decl":{"start":{"line":16,"column":24},"end":{"line":16,"column":37}},"loc":{"start":{"line":16,"column":52},"end":{"line":175,"column":1}},"line":16},"1":{"name":"(anonymous_1)","decl":{"start":{"line":46,"column":22},"end":{"line":46,"column":23}},"loc":{"start":{"line":46,"column":30},"end":{"line":55,"column":9}},"line":46},"2":{"name":"(anonymous_2)","decl":{"start":{"line":47,"column":19},"end":{"line":47,"column":20}},"loc":{"start":{"line":47,"column":26},"end":{"line":51,"column":11}},"line":47},"3":{"name":"(anonymous_3)","decl":{"start":{"line":64,"column":22},"end":{"line":64,"column":23}},"loc":{"start":{"line":64,"column":30},"end":{"line":75,"column":9}},"line":64},"4":{"name":"(anonymous_4)","decl":{"start":{"line":65,"column":19},"end":{"line":65,"column":20}},"loc":{"start":{"line":65,"column":26},"end":{"line":69,"column":11}},"line":65},"5":{"name":"(anonymous_5)","decl":{"start":{"line":84,"column":22},"end":{"line":84,"column":23}},"loc":{"start":{"line":84,"column":30},"end":{"line":95,"column":9}},"line":84},"6":{"name":"(anonymous_6)","decl":{"start":{"line":85,"column":19},"end":{"line":85,"column":20}},"loc":{"start":{"line":85,"column":26},"end":{"line":89,"column":11}},"line":85},"7":{"name":"(anonymous_7)","decl":{"start":{"line":104,"column":22},"end":{"line":104,"column":23}},"loc":{"start":{"line":104,"column":30},"end":{"line":115,"column":9}},"line":104},"8":{"name":"(anonymous_8)","decl":{"start":{"line":105,"column":19},"end":{"line":105,"column":20}},"loc":{"start":{"line":105,"column":26},"end":{"line":109,"column":11}},"line":105},"9":{"name":"(anonymous_9)","decl":{"start":{"line":124,"column":22},"end":{"line":124,"column":23}},"loc":{"start":{"line":124,"column":30},"end":{"line":135,"column":9}},"line":124},"10":{"name":"(anonymous_10)","decl":{"start":{"line":125,"column":19},"end":{"line":125,"column":20}},"loc":{"start":{"line":125,"column":26},"end":{"line":129,"column":11}},"line":125},"11":{"name":"(anonymous_11)","decl":{"start":{"line":144,"column":22},"end":{"line":144,"column":23}},"loc":{"start":{"line":144,"column":30},"end":{"line":171,"column":9}},"line":144},"12":{"name":"(anonymous_12)","decl":{"start":{"line":145,"column":19},"end":{"line":145,"column":20}},"loc":{"start":{"line":145,"column":26},"end":{"line":149,"column":11}},"line":145},"13":{"name":"(anonymous_13)","decl":{"start":{"line":155,"column":55},"end":{"line":155,"column":56}},"loc":{"start":{"line":155,"column":63},"end":{"line":155,"column":74}},"line":155}},"branchMap":{"0":{"loc":{"start":{"line":52,"column":10},"end":{"line":54,"column":11}},"type":"if","locations":[{"start":{"line":52,"column":10},"end":{"line":54,"column":11}},{"start":{},"end":{}}],"line":52},"1":{"loc":{"start":{"line":70,"column":10},"end":{"line":74,"column":11}},"type":"if","locations":[{"start":{"line":70,"column":10},"end":{"line":74,"column":11}},{"start":{"line":72,"column":17},"end":{"line":74,"column":11}}],"line":70},"2":{"loc":{"start":{"line":90,"column":10},"end":{"line":94,"column":11}},"type":"if","locations":[{"start":{"line":90,"column":10},"end":{"line":94,"column":11}},{"start":{"line":92,"column":17},"end":{"line":94,"column":11}}],"line":90},"3":{"loc":{"start":{"line":110,"column":10},"end":{"line":114,"column":11}},"type":"if","locations":[{"start":{"line":110,"column":10},"end":{"line":114,"column":11}},{"start":{"line":112,"column":17},"end":{"line":114,"column":11}}],"line":110},"4":{"loc":{"start":{"line":130,"column":10},"end":{"line":134,"column":11}},"type":"if","locations":[{"start":{"line":130,"column":10},"end":{"line":134,"column":11}},{"start":{"line":132,"column":17},"end":{"line":134,"column":11}}],"line":130},"5":{"loc":{"start":{"line":150,"column":10},"end":{"line":170,"column":11}},"type":"if","locations":[{"start":{"line":150,"column":10},"end":{"line":170,"column":11}},{"start":{"line":152,"column":17},"end":{"line":170,"column":11}}],"line":150},"6":{"loc":{"start":{"line":156,"column":12},"end":{"line":169,"column":13}},"type":"if","locations":[{"start":{"line":156,"column":12},"end":{"line":169,"column":13}},{"start":{},"end":{}}],"line":156},"7":{"loc":{"start":{"line":163,"column":34},"end":{"line":163,"column":69}},"type":"cond-expr","locations":[{"start":{"line":163,"column":57},"end":{"line":163,"column":61}},{"start":{"line":163,"column":64},"end":{"line":163,"column":69}}],"line":163}},"s":{"0":1,"1":1,"2":1,"3":1,"4":1,"5":1,"6":1,"7":1,"8":1,"9":0,"10":0,"11":0,"12":0,"13":0,"14":0,"15":0,"16":0,"17":0,"18":0,"19":0,"20":0,"21":0,"22":0,"23":0,"24":0,"25":0,"26":0,"27":0,"28":0,"29":0,"30":0,"31":0,"32":0,"33":0,"34":0,"35":0,"36":0,"37":0,"38":0,"39":0,"40":0,"41":0,"42":0,"43":0,"44":0,"45":0,"46":0,"47":0,"48":0,"49":0,"50":0,"51":0,"52":0,"53":0,"54":0,"55":0,"56":1},"f":{"0":1,"1":0,"2":0,"3":0,"4":0,"5":0,"6":0,"7":0,"8":0,"9":0,"10":0,"11":0,"12":0,"13":0},"b":{"0":[0,0],"1":[0,0],"2":[0,0],"3":[0,0],"4":[0,0],"5":[0,0],"6":[0,0],"7":[0,0]},"_coverageSchema":"1a1c01bbd47fc00a2c39e90264f33305004495a9","hash":"2e74efd48110ba5d32506c7826cc195940fb09fe"}
,"/Users/gsoft05/Desktop/Gsoft/cohart-app/app/components/CustomMaterialMenu.tsx": {"path":"/Users/gsoft05/Desktop/Gsoft/cohart-app/app/components/CustomMaterialMenu.tsx","statementMap":{"0":{"start":{"line":22,"column":27},"end":{"line":40,"column":1}},"1":{"start":{"line":23,"column":2},"end":{"line":39,"column":4}},"2":{"start":{"line":44,"column":15},"end":{"line":46,"column":2}}},"fnMap":{"0":{"name":"(anonymous_0)","decl":{"start":{"line":22,"column":27},"end":{"line":22,"column":28}},"loc":{"start":{"line":22,"column":45},"end":{"line":40,"column":1}},"line":22}},"branchMap":{},"s":{"0":1,"1":0,"2":1},"f":{"0":0},"b":{},"_coverageSchema":"1a1c01bbd47fc00a2c39e90264f33305004495a9","hash":"745083ecdb1511bfdaebd521c586a17fd744e3d3"}
,"/Users/gsoft05/Desktop/Gsoft/cohart-app/app/components/CustomStatusBar.tsx": {"path":"/Users/gsoft05/Desktop/Gsoft/cohart-app/app/components/CustomStatusBar.tsx","statementMap":{"0":{"start":{"line":6,"column":20},"end":{"line":6,"column":34}},"1":{"start":{"line":8,"column":2},"end":{"line":8,"column":53}}},"fnMap":{"0":{"name":"FocusAwareStatusBar","decl":{"start":{"line":5,"column":9},"end":{"line":5,"column":28}},"loc":{"start":{"line":5,"column":52},"end":{"line":9,"column":1}},"line":5}},"branchMap":{"0":{"loc":{"start":{"line":8,"column":9},"end":{"line":8,"column":52}},"type":"cond-expr","locations":[{"start":{"line":8,"column":21},"end":{"line":8,"column":45}},{"start":{"line":8,"column":48},"end":{"line":8,"column":52}}],"line":8}},"s":{"0":33,"1":33},"f":{"0":33},"b":{"0":[33,0]},"_coverageSchema":"1a1c01bbd47fc00a2c39e90264f33305004495a9","hash":"8e4887ca2e4819f61c3bffa6445cafc929ca6dc6"}
,"/Users/gsoft05/Desktop/Gsoft/cohart-app/app/components/Header.tsx": {"path":"/Users/gsoft05/Desktop/Gsoft/cohart-app/app/components/Header.tsx","statementMap":{"0":{"start":{"line":41,"column":21},"end":{"line":41,"column":36}},"1":{"start":{"line":42,"column":19},"end":{"line":42,"column":32}},"2":{"start":{"line":43,"column":16},"end":{"line":43,"column":26}},"3":{"start":{"line":45,"column":69},"end":{"line":45,"column":74}},"4":{"start":{"line":47,"column":26},"end":{"line":59,"column":3}},"5":{"start":{"line":48,"column":4},"end":{"line":58,"column":5}},"6":{"start":{"line":49,"column":6},"end":{"line":55,"column":9}},"7":{"start":{"line":50,"column":8},"end":{"line":54,"column":9}},"8":{"start":{"line":51,"column":10},"end":{"line":51,"column":28}},"9":{"start":{"line":53,"column":10},"end":{"line":53,"column":22}},"10":{"start":{"line":57,"column":6},"end":{"line":57,"column":18}},"11":{"start":{"line":60,"column":20},"end":{"line":88,"column":3}},"12":{"start":{"line":61,"column":4},"end":{"line":87,"column":9}},"13":{"start":{"line":67,"column":8},"end":{"line":79,"column":9}},"14":{"start":{"line":71,"column":10},"end":{"line":76,"column":13}},"15":{"start":{"line":78,"column":10},"end":{"line":78,"column":55}},"16":{"start":{"line":82,"column":8},"end":{"line":86,"column":9}},"17":{"start":{"line":83,"column":10},"end":{"line":83,"column":28}},"18":{"start":{"line":84,"column":15},"end":{"line":86,"column":9}},"19":{"start":{"line":85,"column":10},"end":{"line":85,"column":51}},"20":{"start":{"line":90,"column":2},"end":{"line":179,"column":4}},"21":{"start":{"line":109,"column":12},"end":{"line":119,"column":13}},"22":{"start":{"line":110,"column":14},"end":{"line":116,"column":15}},"23":{"start":{"line":111,"column":16},"end":{"line":111,"column":31}},"24":{"start":{"line":112,"column":21},"end":{"line":116,"column":15}},"25":{"start":{"line":113,"column":16},"end":{"line":113,"column":39}},"26":{"start":{"line":115,"column":16},"end":{"line":115,"column":36}},"27":{"start":{"line":118,"column":14},"end":{"line":118,"column":32}},"28":{"start":{"line":157,"column":12},"end":{"line":163,"column":13}},"29":{"start":{"line":158,"column":14},"end":{"line":158,"column":30}},"30":{"start":{"line":160,"column":14},"end":{"line":162,"column":38}}},"fnMap":{"0":{"name":"Header","decl":{"start":{"line":40,"column":24},"end":{"line":40,"column":30}},"loc":{"start":{"line":40,"column":45},"end":{"line":180,"column":1}},"line":40},"1":{"name":"(anonymous_1)","decl":{"start":{"line":47,"column":26},"end":{"line":47,"column":27}},"loc":{"start":{"line":47,"column":32},"end":{"line":59,"column":3}},"line":47},"2":{"name":"(anonymous_2)","decl":{"start":{"line":49,"column":48},"end":{"line":49,"column":49}},"loc":{"start":{"line":49,"column":60},"end":{"line":55,"column":7}},"line":49},"3":{"name":"(anonymous_3)","decl":{"start":{"line":60,"column":20},"end":{"line":60,"column":21}},"loc":{"start":{"line":60,"column":26},"end":{"line":88,"column":3}},"line":60},"4":{"name":"(anonymous_4)","decl":{"start":{"line":66,"column":12},"end":{"line":66,"column":13}},"loc":{"start":{"line":66,"column":26},"end":{"line":80,"column":7}},"line":66},"5":{"name":"(anonymous_5)","decl":{"start":{"line":81,"column":13},"end":{"line":81,"column":14}},"loc":{"start":{"line":81,"column":24},"end":{"line":87,"column":7}},"line":81},"6":{"name":"(anonymous_6)","decl":{"start":{"line":108,"column":19},"end":{"line":108,"column":20}},"loc":{"start":{"line":108,"column":25},"end":{"line":120,"column":11}},"line":108},"7":{"name":"(anonymous_7)","decl":{"start":{"line":156,"column":19},"end":{"line":156,"column":20}},"loc":{"start":{"line":156,"column":25},"end":{"line":164,"column":11}},"line":156}},"branchMap":{"0":{"loc":{"start":{"line":45,"column":17},"end":{"line":45,"column":31}},"type":"default-arg","locations":[{"start":{"line":45,"column":29},"end":{"line":45,"column":31}}],"line":45},"1":{"loc":{"start":{"line":45,"column":33},"end":{"line":45,"column":50}},"type":"default-arg","locations":[{"start":{"line":45,"column":41},"end":{"line":45,"column":50}}],"line":45},"2":{"loc":{"start":{"line":48,"column":4},"end":{"line":58,"column":5}},"type":"if","locations":[{"start":{"line":48,"column":4},"end":{"line":58,"column":5}},{"start":{"line":56,"column":11},"end":{"line":58,"column":5}}],"line":48},"3":{"loc":{"start":{"line":50,"column":8},"end":{"line":54,"column":9}},"type":"if","locations":[{"start":{"line":50,"column":8},"end":{"line":54,"column":9}},{"start":{"line":52,"column":15},"end":{"line":54,"column":9}}],"line":50},"4":{"loc":{"start":{"line":67,"column":8},"end":{"line":79,"column":9}},"type":"if","locations":[{"start":{"line":67,"column":8},"end":{"line":79,"column":9}},{"start":{"line":77,"column":15},"end":{"line":79,"column":9}}],"line":67},"5":{"loc":{"start":{"line":68,"column":10},"end":{"line":69,"column":36}},"type":"binary-expr","locations":[{"start":{"line":68,"column":10},"end":{"line":68,"column":49}},{"start":{"line":69,"column":10},"end":{"line":69,"column":36}}],"line":68},"6":{"loc":{"start":{"line":82,"column":8},"end":{"line":86,"column":9}},"type":"if","locations":[{"start":{"line":82,"column":8},"end":{"line":86,"column":9}},{"start":{"line":84,"column":15},"end":{"line":86,"column":9}}],"line":82},"7":{"loc":{"start":{"line":84,"column":15},"end":{"line":86,"column":9}},"type":"if","locations":[{"start":{"line":84,"column":15},"end":{"line":86,"column":9}},{"start":{},"end":{}}],"line":84},"8":{"loc":{"start":{"line":105,"column":7},"end":{"line":134,"column":7}},"type":"binary-expr","locations":[{"start":{"line":105,"column":7},"end":{"line":105,"column":24}},{"start":{"line":106,"column":8},"end":{"line":133,"column":27}}],"line":105},"9":{"loc":{"start":{"line":109,"column":12},"end":{"line":119,"column":13}},"type":"if","locations":[{"start":{"line":109,"column":12},"end":{"line":119,"column":13}},{"start":{"line":117,"column":19},"end":{"line":119,"column":13}}],"line":109},"10":{"loc":{"start":{"line":110,"column":14},"end":{"line":116,"column":15}},"type":"if","locations":[{"start":{"line":110,"column":14},"end":{"line":116,"column":15}},{"start":{"line":112,"column":21},"end":{"line":116,"column":15}}],"line":110},"11":{"loc":{"start":{"line":112,"column":21},"end":{"line":116,"column":15}},"type":"if","locations":[{"start":{"line":112,"column":21},"end":{"line":116,"column":15}},{"start":{"line":114,"column":21},"end":{"line":116,"column":15}}],"line":112},"12":{"loc":{"start":{"line":112,"column":25},"end":{"line":112,"column":64}},"type":"binary-expr","locations":[{"start":{"line":112,"column":25},"end":{"line":112,"column":40}},{"start":{"line":112,"column":44},"end":{"line":112,"column":64}}],"line":112},"13":{"loc":{"start":{"line":122,"column":11},"end":{"line":132,"column":11}},"type":"cond-expr","locations":[{"start":{"line":123,"column":12},"end":{"line":123,"column":28}},{"start":{"line":124,"column":14},"end":{"line":132,"column":11}}],"line":122},"14":{"loc":{"start":{"line":124,"column":14},"end":{"line":132,"column":11}},"type":"cond-expr","locations":[{"start":{"line":125,"column":12},"end":{"line":127,"column":19}},{"start":{"line":129,"column":12},"end":{"line":131,"column":19}}],"line":124},"15":{"loc":{"start":{"line":126,"column":31},"end":{"line":126,"column":68}},"type":"cond-expr","locations":[{"start":{"line":126,"column":53},"end":{"line":126,"column":60}},{"start":{"line":126,"column":63},"end":{"line":126,"column":68}}],"line":126},"16":{"loc":{"start":{"line":146,"column":11},"end":{"line":146,"column":35}},"type":"cond-expr","locations":[{"start":{"line":146,"column":19},"end":{"line":146,"column":24}},{"start":{"line":146,"column":27},"end":{"line":146,"column":35}}],"line":146},"17":{"loc":{"start":{"line":148,"column":9},"end":{"line":150,"column":9}},"type":"binary-expr","locations":[{"start":{"line":148,"column":9},"end":{"line":148,"column":14}},{"start":{"line":149,"column":10},"end":{"line":149,"column":73}}],"line":148},"18":{"loc":{"start":{"line":153,"column":7},"end":{"line":177,"column":7}},"type":"cond-expr","locations":[{"start":{"line":154,"column":8},"end":{"line":174,"column":27}},{"start":{"line":176,"column":8},"end":{"line":176,"column":25}}],"line":153},"19":{"loc":{"start":{"line":157,"column":12},"end":{"line":163,"column":13}},"type":"if","locations":[{"start":{"line":157,"column":12},"end":{"line":163,"column":13}},{"start":{"line":159,"column":19},"end":{"line":163,"column":13}}],"line":157},"20":{"loc":{"start":{"line":157,"column":16},"end":{"line":157,"column":48}},"type":"binary-expr","locations":[{"start":{"line":157,"column":16},"end":{"line":157,"column":31}},{"start":{"line":157,"column":35},"end":{"line":157,"column":48}}],"line":157},"21":{"loc":{"start":{"line":160,"column":14},"end":{"line":162,"column":37}},"type":"cond-expr","locations":[{"start":{"line":161,"column":18},"end":{"line":161,"column":45}},{"start":{"line":162,"column":18},"end":{"line":162,"column":37}}],"line":160},"22":{"loc":{"start":{"line":166,"column":11},"end":{"line":173,"column":11}},"type":"cond-expr","locations":[{"start":{"line":167,"column":12},"end":{"line":167,"column":29}},{"start":{"line":168,"column":14},"end":{"line":173,"column":11}}],"line":166},"23":{"loc":{"start":{"line":168,"column":14},"end":{"line":173,"column":11}},"type":"cond-expr","locations":[{"start":{"line":169,"column":12},"end":{"line":169,"column":74}},{"start":{"line":171,"column":10},"end":{"line":173,"column":11}}],"line":168},"24":{"loc":{"start":{"line":171,"column":10},"end":{"line":173,"column":11}},"type":"cond-expr","locations":[{"start":{"line":171,"column":59},"end":{"line":171,"column":99}},{"start":{"line":172,"column":12},"end":{"line":172,"column":38}}],"line":171},"25":{"loc":{"start":{"line":171,"column":11},"end":{"line":171,"column":54}},"type":"binary-expr","locations":[{"start":{"line":171,"column":11},"end":{"line":171,"column":16}},{"start":{"line":171,"column":20},"end":{"line":171,"column":54}}],"line":171}},"s":{"0":31,"1":31,"2":31,"3":31,"4":31,"5":0,"6":0,"7":0,"8":0,"9":0,"10":0,"11":31,"12":0,"13":0,"14":0,"15":0,"16":0,"17":0,"18":0,"19":0,"20":31,"21":0,"22":0,"23":0,"24":0,"25":0,"26":0,"27":0,"28":0,"29":0,"30":0},"f":{"0":31,"1":0,"2":0,"3":0,"4":0,"5":0,"6":0,"7":0},"b":{"0":[13],"1":[13],"2":[0,0],"3":[0,0],"4":[0,0],"5":[0,0],"6":[0,0],"7":[0,0],"8":[31,31],"9":[0,0],"10":[0,0],"11":[0,0],"12":[0,0],"13":[1,30],"14":[30,0],"15":[0,30],"16":[0,31],"17":[31,0],"18":[31,0],"19":[0,0],"20":[0,0],"21":[0,0],"22":[1,30],"23":[0,30],"24":[0,30],"25":[30,30]},"_coverageSchema":"1a1c01bbd47fc00a2c39e90264f33305004495a9","hash":"70b1c336e0a5ff4a7fb512bf3fcbc2702306770e"}
,"/Users/gsoft05/Desktop/Gsoft/cohart-app/app/components/HeaderHeading.tsx": {"path":"/Users/gsoft05/Desktop/Gsoft/cohart-app/app/components/HeaderHeading.tsx","statementMap":{"0":{"start":{"line":31,"column":26},"end":{"line":31,"column":31}},"1":{"start":{"line":33,"column":2},"end":{"line":75,"column":2}}},"fnMap":{"0":{"name":"Header","decl":{"start":{"line":30,"column":24},"end":{"line":30,"column":30}},"loc":{"start":{"line":30,"column":45},"end":{"line":76,"column":1}},"line":30}},"branchMap":{"0":{"loc":{"start":{"line":58,"column":11},"end":{"line":71,"column":15}},"type":"cond-expr","locations":[{"start":{"line":59,"column":14},"end":{"line":59,"column":30}},{"start":{"line":60,"column":14},"end":{"line":71,"column":15}}],"line":58},"1":{"loc":{"start":{"line":60,"column":14},"end":{"line":71,"column":15}},"type":"binary-expr","locations":[{"start":{"line":60,"column":14},"end":{"line":60,"column":24}},{"start":{"line":61,"column":16},"end":{"line":70,"column":18}}],"line":60}},"s":{"0":17,"1":17},"f":{"0":17},"b":{"0":[8,9],"1":[9,9]},"_coverageSchema":"1a1c01bbd47fc00a2c39e90264f33305004495a9","hash":"1063ab3801c6c749c386e207224b9ba4b535644d"}
,"/Users/gsoft05/Desktop/Gsoft/cohart-app/app/components/Icons.tsx": {"path":"/Users/gsoft05/Desktop/Gsoft/cohart-app/app/components/Icons.tsx","statementMap":{"0":{"start":{"line":8,"column":25},"end":{"line":23,"column":1}},"1":{"start":{"line":9,"column":2},"end":{"line":22,"column":4}},"2":{"start":{"line":25,"column":25},"end":{"line":47,"column":1}},"3":{"start":{"line":30,"column":59},"end":{"line":30,"column":64}},"4":{"start":{"line":31,"column":2},"end":{"line":46,"column":4}},"5":{"start":{"line":49,"column":26},"end":{"line":65,"column":1}},"6":{"start":{"line":54,"column":57},"end":{"line":54,"column":62}},"7":{"start":{"line":55,"column":2},"end":{"line":64,"column":4}},"8":{"start":{"line":66,"column":24},"end":{"line":93,"column":1}},"9":{"start":{"line":71,"column":57},"end":{"line":71,"column":62}},"10":{"start":{"line":72,"column":2},"end":{"line":92,"column":4}},"11":{"start":{"line":95,"column":31},"end":{"line":104,"column":1}},"12":{"start":{"line":96,"column":2},"end":{"line":103,"column":4}},"13":{"start":{"line":106,"column":29},"end":{"line":123,"column":1}},"14":{"start":{"line":111,"column":58},"end":{"line":111,"column":63}},"15":{"start":{"line":112,"column":2},"end":{"line":122,"column":4}},"16":{"start":{"line":125,"column":25},"end":{"line":142,"column":1}},"17":{"start":{"line":126,"column":2},"end":{"line":141,"column":4}},"18":{"start":{"line":144,"column":24},"end":{"line":152,"column":1}},"19":{"start":{"line":145,"column":2},"end":{"line":151,"column":4}},"20":{"start":{"line":154,"column":24},"end":{"line":185,"column":1}},"21":{"start":{"line":159,"column":32},"end":{"line":159,"column":37}},"22":{"start":{"line":160,"column":2},"end":{"line":184,"column":4}},"23":{"start":{"line":187,"column":24},"end":{"line":227,"column":1}},"24":{"start":{"line":192,"column":32},"end":{"line":192,"column":37}},"25":{"start":{"line":193,"column":2},"end":{"line":226,"column":4}},"26":{"start":{"line":229,"column":28},"end":{"line":246,"column":1}},"27":{"start":{"line":230,"column":2},"end":{"line":245,"column":4}},"28":{"start":{"line":247,"column":26},"end":{"line":264,"column":1}},"29":{"start":{"line":248,"column":2},"end":{"line":263,"column":4}},"30":{"start":{"line":266,"column":24},"end":{"line":289,"column":1}},"31":{"start":{"line":267,"column":2},"end":{"line":288,"column":4}},"32":{"start":{"line":291,"column":24},"end":{"line":326,"column":1}},"33":{"start":{"line":292,"column":2},"end":{"line":325,"column":4}},"34":{"start":{"line":328,"column":30},"end":{"line":345,"column":1}},"35":{"start":{"line":329,"column":2},"end":{"line":344,"column":4}},"36":{"start":{"line":347,"column":29},"end":{"line":364,"column":1}},"37":{"start":{"line":348,"column":2},"end":{"line":363,"column":4}},"38":{"start":{"line":366,"column":24},"end":{"line":381,"column":1}},"39":{"start":{"line":367,"column":2},"end":{"line":380,"column":4}},"40":{"start":{"line":383,"column":23},"end":{"line":394,"column":1}},"41":{"start":{"line":384,"column":2},"end":{"line":393,"column":4}},"42":{"start":{"line":396,"column":32},"end":{"line":413,"column":1}},"43":{"start":{"line":397,"column":2},"end":{"line":412,"column":4}},"44":{"start":{"line":415,"column":25},"end":{"line":436,"column":1}},"45":{"start":{"line":420,"column":61},"end":{"line":420,"column":66}},"46":{"start":{"line":421,"column":2},"end":{"line":435,"column":4}},"47":{"start":{"line":438,"column":26},"end":{"line":459,"column":1}},"48":{"start":{"line":443,"column":61},"end":{"line":443,"column":66}},"49":{"start":{"line":444,"column":2},"end":{"line":458,"column":4}},"50":{"start":{"line":460,"column":27},"end":{"line":482,"column":1}},"51":{"start":{"line":465,"column":2},"end":{"line":481,"column":4}},"52":{"start":{"line":484,"column":32},"end":{"line":515,"column":1}},"53":{"start":{"line":489,"column":59},"end":{"line":489,"column":64}},"54":{"start":{"line":490,"column":2},"end":{"line":514,"column":4}},"55":{"start":{"line":516,"column":28},"end":{"line":531,"column":1}},"56":{"start":{"line":521,"column":59},"end":{"line":521,"column":64}},"57":{"start":{"line":522,"column":2},"end":{"line":530,"column":4}},"58":{"start":{"line":533,"column":25},"end":{"line":554,"column":1}},"59":{"start":{"line":538,"column":59},"end":{"line":538,"column":64}},"60":{"start":{"line":539,"column":2},"end":{"line":553,"column":4}},"61":{"start":{"line":556,"column":26},"end":{"line":590,"column":1}},"62":{"start":{"line":561,"column":60},"end":{"line":561,"column":65}},"63":{"start":{"line":562,"column":2},"end":{"line":589,"column":4}},"64":{"start":{"line":591,"column":29},"end":{"line":622,"column":1}},"65":{"start":{"line":596,"column":59},"end":{"line":596,"column":64}},"66":{"start":{"line":597,"column":2},"end":{"line":621,"column":4}},"67":{"start":{"line":624,"column":33},"end":{"line":646,"column":1}},"68":{"start":{"line":629,"column":42},"end":{"line":629,"column":47}},"69":{"start":{"line":630,"column":2},"end":{"line":645,"column":4}},"70":{"start":{"line":648,"column":31},"end":{"line":676,"column":1}},"71":{"start":{"line":653,"column":59},"end":{"line":653,"column":64}},"72":{"start":{"line":654,"column":2},"end":{"line":675,"column":4}},"73":{"start":{"line":678,"column":25},"end":{"line":698,"column":1}},"74":{"start":{"line":683,"column":59},"end":{"line":683,"column":64}},"75":{"start":{"line":684,"column":2},"end":{"line":697,"column":4}},"76":{"start":{"line":700,"column":32},"end":{"line":721,"column":1}},"77":{"start":{"line":705,"column":59},"end":{"line":705,"column":64}},"78":{"start":{"line":706,"column":2},"end":{"line":720,"column":4}}},"fnMap":{"0":{"name":"(anonymous_0)","decl":{"start":{"line":8,"column":25},"end":{"line":8,"column":26}},"loc":{"start":{"line":8,"column":52},"end":{"line":23,"column":1}},"line":8},"1":{"name":"(anonymous_1)","decl":{"start":{"line":25,"column":25},"end":{"line":25,"column":26}},"loc":{"start":{"line":29,"column":6},"end":{"line":47,"column":1}},"line":29},"2":{"name":"(anonymous_2)","decl":{"start":{"line":49,"column":26},"end":{"line":49,"column":27}},"loc":{"start":{"line":53,"column":6},"end":{"line":65,"column":1}},"line":53},"3":{"name":"(anonymous_3)","decl":{"start":{"line":66,"column":24},"end":{"line":66,"column":25}},"loc":{"start":{"line":70,"column":6},"end":{"line":93,"column":1}},"line":70},"4":{"name":"(anonymous_4)","decl":{"start":{"line":95,"column":31},"end":{"line":95,"column":32}},"loc":{"start":{"line":95,"column":37},"end":{"line":104,"column":1}},"line":95},"5":{"name":"(anonymous_5)","decl":{"start":{"line":106,"column":29},"end":{"line":106,"column":30}},"loc":{"start":{"line":110,"column":6},"end":{"line":123,"column":1}},"line":110},"6":{"name":"(anonymous_6)","decl":{"start":{"line":125,"column":25},"end":{"line":125,"column":26}},"loc":{"start":{"line":125,"column":31},"end":{"line":142,"column":1}},"line":125},"7":{"name":"(anonymous_7)","decl":{"start":{"line":144,"column":24},"end":{"line":144,"column":25}},"loc":{"start":{"line":144,"column":30},"end":{"line":152,"column":1}},"line":144},"8":{"name":"(anonymous_8)","decl":{"start":{"line":154,"column":24},"end":{"line":154,"column":25}},"loc":{"start":{"line":158,"column":6},"end":{"line":185,"column":1}},"line":158},"9":{"name":"(anonymous_9)","decl":{"start":{"line":187,"column":24},"end":{"line":187,"column":25}},"loc":{"start":{"line":191,"column":6},"end":{"line":227,"column":1}},"line":191},"10":{"name":"(anonymous_10)","decl":{"start":{"line":229,"column":28},"end":{"line":229,"column":29}},"loc":{"start":{"line":229,"column":34},"end":{"line":246,"column":1}},"line":229},"11":{"name":"(anonymous_11)","decl":{"start":{"line":247,"column":26},"end":{"line":247,"column":27}},"loc":{"start":{"line":247,"column":32},"end":{"line":264,"column":1}},"line":247},"12":{"name":"(anonymous_12)","decl":{"start":{"line":266,"column":24},"end":{"line":266,"column":25}},"loc":{"start":{"line":266,"column":30},"end":{"line":289,"column":1}},"line":266},"13":{"name":"(anonymous_13)","decl":{"start":{"line":291,"column":24},"end":{"line":291,"column":25}},"loc":{"start":{"line":291,"column":30},"end":{"line":326,"column":1}},"line":291},"14":{"name":"(anonymous_14)","decl":{"start":{"line":328,"column":30},"end":{"line":328,"column":31}},"loc":{"start":{"line":328,"column":36},"end":{"line":345,"column":1}},"line":328},"15":{"name":"(anonymous_15)","decl":{"start":{"line":347,"column":29},"end":{"line":347,"column":30}},"loc":{"start":{"line":347,"column":35},"end":{"line":364,"column":1}},"line":347},"16":{"name":"(anonymous_16)","decl":{"start":{"line":366,"column":24},"end":{"line":366,"column":25}},"loc":{"start":{"line":366,"column":30},"end":{"line":381,"column":1}},"line":366},"17":{"name":"(anonymous_17)","decl":{"start":{"line":383,"column":23},"end":{"line":383,"column":24}},"loc":{"start":{"line":383,"column":29},"end":{"line":394,"column":1}},"line":383},"18":{"name":"(anonymous_18)","decl":{"start":{"line":396,"column":32},"end":{"line":396,"column":33}},"loc":{"start":{"line":396,"column":38},"end":{"line":413,"column":1}},"line":396},"19":{"name":"(anonymous_19)","decl":{"start":{"line":415,"column":25},"end":{"line":415,"column":26}},"loc":{"start":{"line":419,"column":6},"end":{"line":436,"column":1}},"line":419},"20":{"name":"(anonymous_20)","decl":{"start":{"line":438,"column":26},"end":{"line":438,"column":27}},"loc":{"start":{"line":442,"column":6},"end":{"line":459,"column":1}},"line":442},"21":{"name":"(anonymous_21)","decl":{"start":{"line":460,"column":27},"end":{"line":460,"column":28}},"loc":{"start":{"line":464,"column":6},"end":{"line":482,"column":1}},"line":464},"22":{"name":"(anonymous_22)","decl":{"start":{"line":484,"column":32},"end":{"line":484,"column":33}},"loc":{"start":{"line":488,"column":6},"end":{"line":515,"column":1}},"line":488},"23":{"name":"(anonymous_23)","decl":{"start":{"line":516,"column":28},"end":{"line":516,"column":29}},"loc":{"start":{"line":520,"column":6},"end":{"line":531,"column":1}},"line":520},"24":{"name":"(anonymous_24)","decl":{"start":{"line":533,"column":25},"end":{"line":533,"column":26}},"loc":{"start":{"line":537,"column":6},"end":{"line":554,"column":1}},"line":537},"25":{"name":"(anonymous_25)","decl":{"start":{"line":556,"column":26},"end":{"line":556,"column":27}},"loc":{"start":{"line":560,"column":6},"end":{"line":590,"column":1}},"line":560},"26":{"name":"(anonymous_26)","decl":{"start":{"line":591,"column":29},"end":{"line":591,"column":30}},"loc":{"start":{"line":595,"column":6},"end":{"line":622,"column":1}},"line":595},"27":{"name":"(anonymous_27)","decl":{"start":{"line":624,"column":33},"end":{"line":624,"column":34}},"loc":{"start":{"line":628,"column":6},"end":{"line":646,"column":1}},"line":628},"28":{"name":"(anonymous_28)","decl":{"start":{"line":648,"column":31},"end":{"line":648,"column":32}},"loc":{"start":{"line":652,"column":6},"end":{"line":676,"column":1}},"line":652},"29":{"name":"(anonymous_29)","decl":{"start":{"line":678,"column":25},"end":{"line":678,"column":26}},"loc":{"start":{"line":682,"column":6},"end":{"line":698,"column":1}},"line":682},"30":{"name":"(anonymous_30)","decl":{"start":{"line":700,"column":32},"end":{"line":700,"column":33}},"loc":{"start":{"line":704,"column":6},"end":{"line":721,"column":1}},"line":704}},"branchMap":{"0":{"loc":{"start":{"line":13,"column":16},"end":{"line":13,"column":53}},"type":"cond-expr","locations":[{"start":{"line":13,"column":30},"end":{"line":13,"column":41}},{"start":{"line":13,"column":44},"end":{"line":13,"column":53}}],"line":13},"1":{"loc":{"start":{"line":18,"column":16},"end":{"line":18,"column":53}},"type":"cond-expr","locations":[{"start":{"line":18,"column":30},"end":{"line":18,"column":41}},{"start":{"line":18,"column":44},"end":{"line":18,"column":53}}],"line":18},"2":{"loc":{"start":{"line":30,"column":10},"end":{"line":30,"column":25}},"type":"default-arg","locations":[{"start":{"line":30,"column":18},"end":{"line":30,"column":25}}],"line":30},"3":{"loc":{"start":{"line":30,"column":27},"end":{"line":30,"column":40}},"type":"default-arg","locations":[{"start":{"line":30,"column":36},"end":{"line":30,"column":40}}],"line":30},"4":{"loc":{"start":{"line":30,"column":42},"end":{"line":30,"column":54}},"type":"default-arg","locations":[{"start":{"line":30,"column":50},"end":{"line":30,"column":54}}],"line":30},"5":{"loc":{"start":{"line":54,"column":10},"end":{"line":54,"column":27}},"type":"default-arg","locations":[{"start":{"line":54,"column":18},"end":{"line":54,"column":27}}],"line":54},"6":{"loc":{"start":{"line":54,"column":29},"end":{"line":54,"column":39}},"type":"default-arg","locations":[{"start":{"line":54,"column":37},"end":{"line":54,"column":39}}],"line":54},"7":{"loc":{"start":{"line":54,"column":41},"end":{"line":54,"column":52}},"type":"default-arg","locations":[{"start":{"line":54,"column":50},"end":{"line":54,"column":52}}],"line":54},"8":{"loc":{"start":{"line":71,"column":10},"end":{"line":71,"column":27}},"type":"default-arg","locations":[{"start":{"line":71,"column":18},"end":{"line":71,"column":27}}],"line":71},"9":{"loc":{"start":{"line":71,"column":29},"end":{"line":71,"column":39}},"type":"default-arg","locations":[{"start":{"line":71,"column":37},"end":{"line":71,"column":39}}],"line":71},"10":{"loc":{"start":{"line":71,"column":41},"end":{"line":71,"column":52}},"type":"default-arg","locations":[{"start":{"line":71,"column":50},"end":{"line":71,"column":52}}],"line":71},"11":{"loc":{"start":{"line":111,"column":10},"end":{"line":111,"column":24}},"type":"default-arg","locations":[{"start":{"line":111,"column":18},"end":{"line":111,"column":24}}],"line":111},"12":{"loc":{"start":{"line":111,"column":26},"end":{"line":111,"column":39}},"type":"default-arg","locations":[{"start":{"line":111,"column":35},"end":{"line":111,"column":39}}],"line":111},"13":{"loc":{"start":{"line":111,"column":41},"end":{"line":111,"column":53}},"type":"default-arg","locations":[{"start":{"line":111,"column":49},"end":{"line":111,"column":53}}],"line":111},"14":{"loc":{"start":{"line":115,"column":17},"end":{"line":115,"column":47}},"type":"cond-expr","locations":[{"start":{"line":115,"column":36},"end":{"line":115,"column":39}},{"start":{"line":115,"column":42},"end":{"line":115,"column":47}}],"line":115},"15":{"loc":{"start":{"line":159,"column":10},"end":{"line":159,"column":27}},"type":"default-arg","locations":[{"start":{"line":159,"column":18},"end":{"line":159,"column":27}}],"line":159},"16":{"loc":{"start":{"line":192,"column":10},"end":{"line":192,"column":27}},"type":"default-arg","locations":[{"start":{"line":192,"column":18},"end":{"line":192,"column":27}}],"line":192},"17":{"loc":{"start":{"line":420,"column":10},"end":{"line":420,"column":27}},"type":"default-arg","locations":[{"start":{"line":420,"column":18},"end":{"line":420,"column":27}}],"line":420},"18":{"loc":{"start":{"line":420,"column":29},"end":{"line":420,"column":42}},"type":"default-arg","locations":[{"start":{"line":420,"column":38},"end":{"line":420,"column":42}}],"line":420},"19":{"loc":{"start":{"line":420,"column":44},"end":{"line":420,"column":56}},"type":"default-arg","locations":[{"start":{"line":420,"column":52},"end":{"line":420,"column":56}}],"line":420},"20":{"loc":{"start":{"line":443,"column":10},"end":{"line":443,"column":27}},"type":"default-arg","locations":[{"start":{"line":443,"column":18},"end":{"line":443,"column":27}}],"line":443},"21":{"loc":{"start":{"line":443,"column":29},"end":{"line":443,"column":42}},"type":"default-arg","locations":[{"start":{"line":443,"column":38},"end":{"line":443,"column":42}}],"line":443},"22":{"loc":{"start":{"line":443,"column":44},"end":{"line":443,"column":56}},"type":"default-arg","locations":[{"start":{"line":443,"column":52},"end":{"line":443,"column":56}}],"line":443},"23":{"loc":{"start":{"line":489,"column":10},"end":{"line":489,"column":25}},"type":"default-arg","locations":[{"start":{"line":489,"column":18},"end":{"line":489,"column":25}}],"line":489},"24":{"loc":{"start":{"line":489,"column":27},"end":{"line":489,"column":40}},"type":"default-arg","locations":[{"start":{"line":489,"column":36},"end":{"line":489,"column":40}}],"line":489},"25":{"loc":{"start":{"line":489,"column":42},"end":{"line":489,"column":54}},"type":"default-arg","locations":[{"start":{"line":489,"column":50},"end":{"line":489,"column":54}}],"line":489},"26":{"loc":{"start":{"line":521,"column":10},"end":{"line":521,"column":25}},"type":"default-arg","locations":[{"start":{"line":521,"column":18},"end":{"line":521,"column":25}}],"line":521},"27":{"loc":{"start":{"line":521,"column":27},"end":{"line":521,"column":40}},"type":"default-arg","locations":[{"start":{"line":521,"column":36},"end":{"line":521,"column":40}}],"line":521},"28":{"loc":{"start":{"line":521,"column":42},"end":{"line":521,"column":54}},"type":"default-arg","locations":[{"start":{"line":521,"column":50},"end":{"line":521,"column":54}}],"line":521},"29":{"loc":{"start":{"line":538,"column":10},"end":{"line":538,"column":25}},"type":"default-arg","locations":[{"start":{"line":538,"column":18},"end":{"line":538,"column":25}}],"line":538},"30":{"loc":{"start":{"line":538,"column":27},"end":{"line":538,"column":40}},"type":"default-arg","locations":[{"start":{"line":538,"column":36},"end":{"line":538,"column":40}}],"line":538},"31":{"loc":{"start":{"line":538,"column":42},"end":{"line":538,"column":54}},"type":"default-arg","locations":[{"start":{"line":538,"column":50},"end":{"line":538,"column":54}}],"line":538},"32":{"loc":{"start":{"line":561,"column":10},"end":{"line":561,"column":25}},"type":"default-arg","locations":[{"start":{"line":561,"column":18},"end":{"line":561,"column":25}}],"line":561},"33":{"loc":{"start":{"line":561,"column":27},"end":{"line":561,"column":40}},"type":"default-arg","locations":[{"start":{"line":561,"column":36},"end":{"line":561,"column":40}}],"line":561},"34":{"loc":{"start":{"line":561,"column":42},"end":{"line":561,"column":55}},"type":"default-arg","locations":[{"start":{"line":561,"column":50},"end":{"line":561,"column":55}}],"line":561},"35":{"loc":{"start":{"line":596,"column":10},"end":{"line":596,"column":25}},"type":"default-arg","locations":[{"start":{"line":596,"column":18},"end":{"line":596,"column":25}}],"line":596},"36":{"loc":{"start":{"line":596,"column":27},"end":{"line":596,"column":40}},"type":"default-arg","locations":[{"start":{"line":596,"column":36},"end":{"line":596,"column":40}}],"line":596},"37":{"loc":{"start":{"line":596,"column":42},"end":{"line":596,"column":54}},"type":"default-arg","locations":[{"start":{"line":596,"column":50},"end":{"line":596,"column":54}}],"line":596},"38":{"loc":{"start":{"line":629,"column":10},"end":{"line":629,"column":23}},"type":"default-arg","locations":[{"start":{"line":629,"column":19},"end":{"line":629,"column":23}}],"line":629},"39":{"loc":{"start":{"line":629,"column":25},"end":{"line":629,"column":37}},"type":"default-arg","locations":[{"start":{"line":629,"column":33},"end":{"line":629,"column":37}}],"line":629},"40":{"loc":{"start":{"line":653,"column":10},"end":{"line":653,"column":25}},"type":"default-arg","locations":[{"start":{"line":653,"column":18},"end":{"line":653,"column":25}}],"line":653},"41":{"loc":{"start":{"line":653,"column":27},"end":{"line":653,"column":40}},"type":"default-arg","locations":[{"start":{"line":653,"column":36},"end":{"line":653,"column":40}}],"line":653},"42":{"loc":{"start":{"line":653,"column":42},"end":{"line":653,"column":54}},"type":"default-arg","locations":[{"start":{"line":653,"column":50},"end":{"line":653,"column":54}}],"line":653},"43":{"loc":{"start":{"line":683,"column":10},"end":{"line":683,"column":25}},"type":"default-arg","locations":[{"start":{"line":683,"column":18},"end":{"line":683,"column":25}}],"line":683},"44":{"loc":{"start":{"line":683,"column":27},"end":{"line":683,"column":40}},"type":"default-arg","locations":[{"start":{"line":683,"column":36},"end":{"line":683,"column":40}}],"line":683},"45":{"loc":{"start":{"line":683,"column":42},"end":{"line":683,"column":54}},"type":"default-arg","locations":[{"start":{"line":683,"column":50},"end":{"line":683,"column":54}}],"line":683},"46":{"loc":{"start":{"line":705,"column":10},"end":{"line":705,"column":25}},"type":"default-arg","locations":[{"start":{"line":705,"column":18},"end":{"line":705,"column":25}}],"line":705},"47":{"loc":{"start":{"line":705,"column":27},"end":{"line":705,"column":40}},"type":"default-arg","locations":[{"start":{"line":705,"column":36},"end":{"line":705,"column":40}}],"line":705},"48":{"loc":{"start":{"line":705,"column":42},"end":{"line":705,"column":54}},"type":"default-arg","locations":[{"start":{"line":705,"column":50},"end":{"line":705,"column":54}}],"line":705}},"s":{"0":9,"1":0,"2":9,"3":0,"4":0,"5":9,"6":1,"7":1,"8":9,"9":0,"10":0,"11":9,"12":0,"13":9,"14":0,"15":0,"16":9,"17":0,"18":9,"19":31,"20":9,"21":30,"22":30,"23":9,"24":0,"25":0,"26":9,"27":0,"28":9,"29":1,"30":9,"31":0,"32":9,"33":0,"34":9,"35":0,"36":9,"37":0,"38":9,"39":0,"40":9,"41":0,"42":9,"43":0,"44":9,"45":0,"46":0,"47":9,"48":0,"49":0,"50":9,"51":0,"52":9,"53":0,"54":0,"55":9,"56":0,"57":0,"58":9,"59":1,"60":1,"61":9,"62":0,"63":0,"64":9,"65":0,"66":0,"67":9,"68":0,"69":0,"70":9,"71":7,"72":7,"73":9,"74":0,"75":0,"76":9,"77":0,"78":0},"f":{"0":0,"1":0,"2":1,"3":0,"4":0,"5":0,"6":0,"7":31,"8":30,"9":0,"10":0,"11":1,"12":0,"13":0,"14":0,"15":0,"16":0,"17":0,"18":0,"19":0,"20":0,"21":0,"22":0,"23":0,"24":1,"25":0,"26":0,"27":0,"28":7,"29":0,"30":0},"b":{"0":[0,0],"1":[0,0],"2":[0],"3":[0],"4":[0],"5":[0],"6":[1],"7":[1],"8":[0],"9":[0],"10":[0],"11":[0],"12":[0],"13":[0],"14":[0,0],"15":[0],"16":[0],"17":[0],"18":[0],"19":[0],"20":[0],"21":[0],"22":[0],"23":[0],"24":[0],"25":[0],"26":[0],"27":[0],"28":[0],"29":[1],"30":[1],"31":[1],"32":[0],"33":[0],"34":[0],"35":[0],"36":[0],"37":[0],"38":[0],"39":[0],"40":[0],"41":[7],"42":[7],"43":[0],"44":[0],"45":[0],"46":[0],"47":[0],"48":[0]},"_coverageSchema":"1a1c01bbd47fc00a2c39e90264f33305004495a9","hash":"17bb1f1225d31fdc89a0db99375698800c96209a"}
,"/Users/gsoft05/Desktop/Gsoft/cohart-app/app/components/MainHeader.tsx": {"path":"/Users/gsoft05/Desktop/Gsoft/cohart-app/app/components/MainHeader.tsx","statementMap":{"0":{"start":{"line":23,"column":43},"end":{"line":23,"column":48}},"1":{"start":{"line":24,"column":21},"end":{"line":24,"column":36}},"2":{"start":{"line":25,"column":22},"end":{"line":27,"column":3}},"3":{"start":{"line":26,"column":4},"end":{"line":26,"column":24}},"4":{"start":{"line":28,"column":30},"end":{"line":30,"column":3}},"5":{"start":{"line":29,"column":4},"end":{"line":29,"column":40}},"6":{"start":{"line":31,"column":2},"end":{"line":55,"column":4}},"7":{"start":{"line":58,"column":15},"end":{"line":88,"column":2}}},"fnMap":{"0":{"name":"Header","decl":{"start":{"line":22,"column":24},"end":{"line":22,"column":30}},"loc":{"start":{"line":22,"column":45},"end":{"line":56,"column":1}},"line":22},"1":{"name":"(anonymous_1)","decl":{"start":{"line":25,"column":22},"end":{"line":25,"column":23}},"loc":{"start":{"line":25,"column":28},"end":{"line":27,"column":3}},"line":25},"2":{"name":"(anonymous_2)","decl":{"start":{"line":28,"column":30},"end":{"line":28,"column":31}},"loc":{"start":{"line":28,"column":36},"end":{"line":30,"column":3}},"line":28}},"branchMap":{"0":{"loc":{"start":{"line":23,"column":26},"end":{"line":23,"column":38}},"type":"default-arg","locations":[{"start":{"line":23,"column":33},"end":{"line":23,"column":38}}],"line":23},"1":{"loc":{"start":{"line":34,"column":9},"end":{"line":40,"column":9}},"type":"cond-expr","locations":[{"start":{"line":35,"column":10},"end":{"line":37,"column":29}},{"start":{"line":39,"column":10},"end":{"line":39,"column":55}}],"line":34}},"s":{"0":8,"1":8,"2":8,"3":0,"4":8,"5":0,"6":8,"7":1},"f":{"0":8,"1":0,"2":0},"b":{"0":[8],"1":[0,8]},"_coverageSchema":"1a1c01bbd47fc00a2c39e90264f33305004495a9","hash":"43e3a16a0c1f33d46289eed15ea8e5aba061a1b5"}
,"/Users/gsoft05/Desktop/Gsoft/cohart-app/app/components/MasonryList.js": {"path":"/Users/gsoft05/Desktop/Gsoft/cohart-app/app/components/MasonryList.js","statementMap":{"0":{"start":{"line":3,"column":24},"end":{"line":12,"column":1}},"1":{"start":{"line":7,"column":26},"end":{"line":7,"column":68}},"2":{"start":{"line":8,"column":2},"end":{"line":11,"column":4}},"3":{"start":{"line":14,"column":42},"end":{"line":14,"column":57}},"4":{"start":{"line":32,"column":6},"end":{"line":32,"column":11}},"5":{"start":{"line":33,"column":2},"end":{"line":90,"column":4}},"6":{"start":{"line":43,"column":12},"end":{"line":43,"column":34}},"7":{"start":{"line":44,"column":12},"end":{"line":44,"column":78}},"8":{"start":{"line":45,"column":12},"end":{"line":45,"column":35}},"9":{"start":{"line":51,"column":8},"end":{"line":54,"column":29}},"10":{"start":{"line":52,"column":10},"end":{"line":54,"column":29}},"11":{"start":{"line":67,"column":12},"end":{"line":83,"column":14}},"12":{"start":{"line":77,"column":20},"end":{"line":78,"column":57}},"13":{"start":{"line":78,"column":22},"end":{"line":78,"column":57}},"14":{"start":{"line":79,"column":20},"end":{"line":79,"column":32}},"15":{"start":{"line":81,"column":33},"end":{"line":81,"column":36}}},"fnMap":{"0":{"name":"(anonymous_0)","decl":{"start":{"line":3,"column":24},"end":{"line":3,"column":25}},"loc":{"start":{"line":6,"column":5},"end":{"line":12,"column":1}},"line":6},"1":{"name":"MasonryList","decl":{"start":{"line":13,"column":9},"end":{"line":13,"column":20}},"loc":{"start":{"line":13,"column":28},"end":{"line":91,"column":1}},"line":13},"2":{"name":"(anonymous_2)","decl":{"start":{"line":42,"column":21},"end":{"line":42,"column":22}},"loc":{"start":{"line":42,"column":27},"end":{"line":46,"column":11}},"line":42},"3":{"name":"(anonymous_3)","decl":{"start":{"line":50,"column":16},"end":{"line":50,"column":17}},"loc":{"start":{"line":50,"column":37},"end":{"line":55,"column":7}},"line":50},"4":{"name":"(anonymous_4)","decl":{"start":{"line":66,"column":41},"end":{"line":66,"column":42}},"loc":{"start":{"line":66,"column":53},"end":{"line":84,"column":11}},"line":66},"5":{"name":"(anonymous_5)","decl":{"start":{"line":76,"column":23},"end":{"line":76,"column":24}},"loc":{"start":{"line":76,"column":34},"end":{"line":80,"column":19}},"line":76},"6":{"name":"(anonymous_6)","decl":{"start":{"line":81,"column":26},"end":{"line":81,"column":27}},"loc":{"start":{"line":81,"column":33},"end":{"line":81,"column":36}},"line":81}},"branchMap":{"0":{"loc":{"start":{"line":29,"column":4},"end":{"line":29,"column":18}},"type":"default-arg","locations":[{"start":{"line":29,"column":17},"end":{"line":29,"column":18}}],"line":29},"1":{"loc":{"start":{"line":41,"column":25},"end":{"line":41,"column":51}},"type":"binary-expr","locations":[{"start":{"line":41,"column":25},"end":{"line":41,"column":35}},{"start":{"line":41,"column":39},"end":{"line":41,"column":51}}],"line":41},"2":{"loc":{"start":{"line":44,"column":12},"end":{"line":44,"column":77}},"type":"cond-expr","locations":[{"start":{"line":44,"column":57},"end":{"line":44,"column":63}},{"start":{"line":44,"column":66},"end":{"line":44,"column":77}}],"line":44},"3":{"loc":{"start":{"line":44,"column":12},"end":{"line":44,"column":54}},"type":"binary-expr","locations":[{"start":{"line":44,"column":12},"end":{"line":44,"column":30}},{"start":{"line":44,"column":34},"end":{"line":44,"column":54}}],"line":44},"4":{"loc":{"start":{"line":51,"column":8},"end":{"line":54,"column":29}},"type":"if","locations":[{"start":{"line":51,"column":8},"end":{"line":54,"column":29}},{"start":{},"end":{}}],"line":51},"5":{"loc":{"start":{"line":51,"column":41},"end":{"line":51,"column":69}},"type":"binary-expr","locations":[{"start":{"line":51,"column":41},"end":{"line":51,"column":62}},{"start":{"line":51,"column":66},"end":{"line":51,"column":69}}],"line":51},"6":{"loc":{"start":{"line":52,"column":10},"end":{"line":54,"column":28}},"type":"cond-expr","locations":[{"start":{"line":53,"column":14},"end":{"line":53,"column":20}},{"start":{"line":54,"column":14},"end":{"line":54,"column":28}}],"line":52},"7":{"loc":{"start":{"line":52,"column":10},"end":{"line":52,"column":58}},"type":"binary-expr","locations":[{"start":{"line":52,"column":10},"end":{"line":52,"column":31}},{"start":{"line":52,"column":35},"end":{"line":52,"column":58}}],"line":52},"8":{"loc":{"start":{"line":58,"column":7},"end":{"line":86,"column":7}},"type":"cond-expr","locations":[{"start":{"line":59,"column":8},"end":{"line":63,"column":9}},{"start":{"line":65,"column":8},"end":{"line":85,"column":15}}],"line":58},"9":{"loc":{"start":{"line":58,"column":7},"end":{"line":58,"column":46}},"type":"binary-expr","locations":[{"start":{"line":58,"column":7},"end":{"line":58,"column":24}},{"start":{"line":58,"column":28},"end":{"line":58,"column":46}}],"line":58},"10":{"loc":{"start":{"line":59,"column":8},"end":{"line":63,"column":9}},"type":"cond-expr","locations":[{"start":{"line":60,"column":10},"end":{"line":60,"column":28}},{"start":{"line":62,"column":10},"end":{"line":62,"column":32}}],"line":59},"11":{"loc":{"start":{"line":65,"column":47},"end":{"line":65,"column":76}},"type":"cond-expr","locations":[{"start":{"line":65,"column":60},"end":{"line":65,"column":68}},{"start":{"line":65,"column":71},"end":{"line":65,"column":76}}],"line":65},"12":{"loc":{"start":{"line":72,"column":33},"end":{"line":72,"column":62}},"type":"cond-expr","locations":[{"start":{"line":72,"column":46},"end":{"line":72,"column":51}},{"start":{"line":72,"column":54},"end":{"line":72,"column":62}}],"line":72},"13":{"loc":{"start":{"line":77,"column":20},"end":{"line":78,"column":57}},"type":"if","locations":[{"start":{"line":77,"column":20},"end":{"line":78,"column":57}},{"start":{},"end":{}}],"line":77},"14":{"loc":{"start":{"line":87,"column":7},"end":{"line":87,"column":29}},"type":"binary-expr","locations":[{"start":{"line":87,"column":7},"end":{"line":87,"column":14}},{"start":{"line":87,"column":18},"end":{"line":87,"column":29}}],"line":87}},"s":{"0":1,"1":0,"2":0,"3":23,"4":22,"5":22,"6":0,"7":0,"8":0,"9":0,"10":0,"11":16,"12":16,"13":16,"14":0,"15":16},"f":{"0":0,"1":23,"2":0,"3":0,"4":16,"5":16,"6":16},"b":{"0":[0],"1":[22,12],"2":[0,0],"3":[0,0],"4":[0,0],"5":[0,0],"6":[0,0],"7":[0,0],"8":[6,16],"9":[22,6],"10":[0,6],"11":[0,16],"12":[0,16],"13":[16,0],"14":[22,0]},"_coverageSchema":"1a1c01bbd47fc00a2c39e90264f33305004495a9","hash":"0d15947a2367a13d73b199f9dd37e099302010a7"}
,"/Users/gsoft05/Desktop/Gsoft/cohart-app/app/components/PhoneTextInput.tsx": {"path":"/Users/gsoft05/Desktop/Gsoft/cohart-app/app/components/PhoneTextInput.tsx","statementMap":{"0":{"start":{"line":47,"column":6},"end":{"line":47,"column":11}},"1":{"start":{"line":49,"column":2},"end":{"line":139,"column":4}},"2":{"start":{"line":142,"column":15},"end":{"line":172,"column":2}}},"fnMap":{"0":{"name":"TextField","decl":{"start":{"line":37,"column":24},"end":{"line":37,"column":33}},"loc":{"start":{"line":37,"column":48},"end":{"line":140,"column":1}},"line":37}},"branchMap":{"0":{"loc":{"start":{"line":44,"column":4},"end":{"line":44,"column":19}},"type":"default-arg","locations":[{"start":{"line":44,"column":15},"end":{"line":44,"column":19}}],"line":44},"1":{"loc":{"start":{"line":46,"column":4},"end":{"line":46,"column":32}},"type":"default-arg","locations":[{"start":{"line":46,"column":30},"end":{"line":46,"column":32}}],"line":46},"2":{"loc":{"start":{"line":55,"column":25},"end":{"line":55,"column":51}},"type":"cond-expr","locations":[{"start":{"line":55,"column":39},"end":{"line":55,"column":40}},{"start":{"line":55,"column":43},"end":{"line":55,"column":51}}],"line":55},"3":{"loc":{"start":{"line":56,"column":26},"end":{"line":56,"column":52}},"type":"cond-expr","locations":[{"start":{"line":56,"column":40},"end":{"line":56,"column":41}},{"start":{"line":56,"column":44},"end":{"line":56,"column":52}}],"line":56},"4":{"loc":{"start":{"line":60,"column":9},"end":{"line":129,"column":9}},"type":"cond-expr","locations":[{"start":{"line":61,"column":10},"end":{"line":110,"column":12}},{"start":{"line":112,"column":10},"end":{"line":128,"column":12}}],"line":60},"5":{"loc":{"start":{"line":130,"column":9},"end":{"line":134,"column":9}},"type":"binary-expr","locations":[{"start":{"line":130,"column":9},"end":{"line":130,"column":19}},{"start":{"line":131,"column":10},"end":{"line":133,"column":29}}],"line":130},"6":{"loc":{"start":{"line":137,"column":7},"end":{"line":137,"column":64}},"type":"binary-expr","locations":[{"start":{"line":137,"column":7},"end":{"line":137,"column":19}},{"start":{"line":137,"column":23},"end":{"line":137,"column":64}}],"line":137}},"s":{"0":40,"1":40,"2":4},"f":{"0":40},"b":{"0":[40],"1":[40],"2":[37,3],"3":[37,3],"4":[40,0],"5":[40,0],"6":[40,39]},"_coverageSchema":"1a1c01bbd47fc00a2c39e90264f33305004495a9","hash":"188c157f2a2ca63c5e301d00cd682c2a128dd0f6"}
[...]
,"/Users/gsoft05/Desktop/Gsoft/cohart-app/app/store/sagas/uploadBackGroundImageSaga.ts": {"path":"/Users/gsoft05/Desktop/Gsoft/cohart-app/app/store/sagas/uploadBackGroundImageSaga.ts","statementMap":{"0":{"start":{"line":15,"column":2},"end":{"line":57,"column":3}},"1":{"start":{"line":16,"column":4},"end":{"line":16,"column":45}},"2":{"start":{"line":22,"column":8},"end":{"line":25,"column":6}},"3":{"start":{"line":26,"column":17},"end":{"line":29,"column":5}},"4":{"start":{"line":30,"column":4},"end":{"line":30,"column":34}},"5":{"start":{"line":36,"column":8},"end":{"line":39,"column":6}},"6":{"start":{"line":41,"column":4},"end":{"line":49,"column":5}},"7":{"start":{"line":42,"column":6},"end":{"line":44,"column":8}},"8":{"start":{"line":45,"column":6},"end":{"line":45,"column":48}},"9":{"start":{"line":47,"column":6},"end":{"line":47,"column":48}},"10":{"start":{"line":48,"column":6},"end":{"line":48,"column":49}},"11":{"start":{"line":51,"column":4},"end":{"line":55,"column":5}},"12":{"start":{"line":52,"column":6},"end":{"line":52,"column":74}},"13":{"start":{"line":54,"column":6},"end":{"line":54,"column":49}},"14":{"start":{"line":56,"column":4},"end":{"line":56,"column":46}}},"fnMap":{"0":{"name":"uploadBackGroundImageSaga","decl":{"start":{"line":12,"column":25},"end":{"line":12,"column":50}},"loc":{"start":{"line":14,"column":2},"end":{"line":58,"column":1}},"line":14}},"branchMap":{"0":{"loc":{"start":{"line":41,"column":4},"end":{"line":49,"column":5}},"type":"if","locations":[{"start":{"line":41,"column":4},"end":{"line":49,"column":5}},{"start":{"line":46,"column":11},"end":{"line":49,"column":5}}],"line":41},"1":{"loc":{"start":{"line":51,"column":4},"end":{"line":55,"column":5}},"type":"if","locations":[{"start":{"line":51,"column":4},"end":{"line":55,"column":5}},{"start":{"line":53,"column":11},"end":{"line":55,"column":5}}],"line":51}},"s":{"0":4,"1":4,"2":2,"3":2,"4":2,"5":2,"6":2,"7":1,"8":1,"9":1,"10":1,"11":2,"12":1,"13":1,"14":1},"f":{"0":4},"b":{"0":[1,1],"1":[1,1]},"_coverageSchema":"1a1c01bbd47fc00a2c39e90264f33305004495a9","hash":"65a0222d3fbd521746b0c0791ecc0c7ba87d17e4"}
,"/Users/gsoft05/Desktop/Gsoft/cohart-app/app/store/sagas/viewTutorialSaga.ts": {"path":"/Users/gsoft05/Desktop/Gsoft/cohart-app/app/store/sagas/viewTutorialSaga.ts","statementMap":{"0":{"start":{"line":9,"column":2},"end":{"line":23,"column":3}},"1":{"start":{"line":15,"column":8},"end":{"line":15,"column":47}},"2":{"start":{"line":16,"column":4},"end":{"line":18,"column":5}},"3":{"start":{"line":17,"column":6},"end":{"line":17,"column":52}},"4":{"start":{"line":20,"column":4},"end":{"line":22,"column":5}},"5":{"start":{"line":21,"column":6},"end":{"line":21,"column":74}}},"fnMap":{"0":{"name":"uploadBackGroundImageSaga","decl":{"start":{"line":6,"column":25},"end":{"line":6,"column":50}},"loc":{"start":{"line":8,"column":2},"end":{"line":24,"column":1}},"line":8}},"branchMap":{"0":{"loc":{"start":{"line":16,"column":4},"end":{"line":18,"column":5}},"type":"if","locations":[{"start":{"line":16,"column":4},"end":{"line":18,"column":5}},{"start":{},"end":{}}],"line":16},"1":{"loc":{"start":{"line":20,"column":4},"end":{"line":22,"column":5}},"type":"if","locations":[{"start":{"line":20,"column":4},"end":{"line":22,"column":5}},{"start":{},"end":{}}],"line":20}},"s":{"0":2,"1":2,"2":1,"3":1,"4":1,"5":1},"f":{"0":2},"b":{"0":[1,0],"1":[1,0]},"_coverageSchema":"1a1c01bbd47fc00a2c39e90264f33305004495a9","hash":"10684708bab943b97d8cb6b7aba10a52861bc6e9"}
,"/Users/gsoft05/Desktop/Gsoft/cohart-app/app/utils/icons.tsx": {"path":"/Users/gsoft05/Desktop/Gsoft/cohart-app/app/utils/icons.tsx","statementMap":{"0":{"start":{"line":12,"column":41},"end":{"line":23,"column":1}},"1":{"start":{"line":13,"column":2},"end":{"line":22,"column":4}},"2":{"start":{"line":25,"column":48},"end":{"line":34,"column":1}},"3":{"start":{"line":26,"column":2},"end":{"line":33,"column":4}},"4":{"start":{"line":36,"column":38},"end":{"line":52,"column":1}},"5":{"start":{"line":38,"column":2},"end":{"line":51,"column":4}},"6":{"start":{"line":54,"column":39},"end":{"line":72,"column":1}},"7":{"start":{"line":55,"column":2},"end":{"line":71,"column":4}},"8":{"start":{"line":74,"column":36},"end":{"line":91,"column":1}},"9":{"start":{"line":75,"column":2},"end":{"line":90,"column":4}},"10":{"start":{"line":93,"column":45},"end":{"line":104,"column":1}},"11":{"start":{"line":94,"column":2},"end":{"line":103,"column":4}},"12":{"start":{"line":106,"column":45},"end":{"line":136,"column":1}},"13":{"start":{"line":107,"column":16},"end":{"line":107,"column":39}},"14":{"start":{"line":108,"column":2},"end":{"line":135,"column":4}},"15":{"start":{"line":138,"column":41},"end":{"line":163,"column":1}},"16":{"start":{"line":139,"column":2},"end":{"line":162,"column":4}},"17":{"start":{"line":171,"column":28},"end":{"line":187,"column":1}},"18":{"start":{"line":172,"column":59},"end":{"line":172,"column":64}},"19":{"start":{"line":173,"column":2},"end":{"line":186,"column":4}},"20":{"start":{"line":189,"column":25},"end":{"line":205,"column":1}},"21":{"start":{"line":190,"column":59},"end":{"line":190,"column":64}},"22":{"start":{"line":191,"column":2},"end":{"line":204,"column":4}},"23":{"start":{"line":207,"column":26},"end":{"line":236,"column":1}},"24":{"start":{"line":208,"column":59},"end":{"line":208,"column":64}},"25":{"start":{"line":209,"column":2},"end":{"line":235,"column":4}},"26":{"start":{"line":237,"column":29},"end":{"line":263,"column":1}},"27":{"start":{"line":238,"column":59},"end":{"line":238,"column":64}},"28":{"start":{"line":239,"column":2},"end":{"line":262,"column":4}},"29":{"start":{"line":265,"column":33},"end":{"line":281,"column":1}},"30":{"start":{"line":266,"column":59},"end":{"line":266,"column":64}},"31":{"start":{"line":267,"column":2},"end":{"line":280,"column":4}}},"fnMap":{"0":{"name":"(anonymous_0)","decl":{"start":{"line":12,"column":41},"end":{"line":12,"column":42}},"loc":{"start":{"line":12,"column":63},"end":{"line":23,"column":1}},"line":12},"1":{"name":"(anonymous_1)","decl":{"start":{"line":25,"column":48},"end":{"line":25,"column":49}},"loc":{"start":{"line":25,"column":70},"end":{"line":34,"column":1}},"line":25},"2":{"name":"(anonymous_2)","decl":{"start":{"line":36,"column":38},"end":{"line":36,"column":39}},"loc":{"start":{"line":36,"column":60},"end":{"line":52,"column":1}},"line":36},"3":{"name":"(anonymous_3)","decl":{"start":{"line":54,"column":39},"end":{"line":54,"column":40}},"loc":{"start":{"line":54,"column":45},"end":{"line":72,"column":1}},"line":54},"4":{"name":"(anonymous_4)","decl":{"start":{"line":74,"column":36},"end":{"line":74,"column":37}},"loc":{"start":{"line":74,"column":58},"end":{"line":91,"column":1}},"line":74},"5":{"name":"(anonymous_5)","decl":{"start":{"line":93,"column":45},"end":{"line":93,"column":46}},"loc":{"start":{"line":93,"column":67},"end":{"line":104,"column":1}},"line":93},"6":{"name":"(anonymous_6)","decl":{"start":{"line":106,"column":45},"end":{"line":106,"column":46}},"loc":{"start":{"line":106,"column":67},"end":{"line":136,"column":1}},"line":106},"7":{"name":"(anonymous_7)","decl":{"start":{"line":138,"column":41},"end":{"line":138,"column":42}},"loc":{"start":{"line":138,"column":63},"end":{"line":163,"column":1}},"line":138},"8":{"name":"(anonymous_8)","decl":{"start":{"line":171,"column":28},"end":{"line":171,"column":29}},"loc":{"start":{"line":171,"column":57},"end":{"line":187,"column":1}},"line":171},"9":{"name":"(anonymous_9)","decl":{"start":{"line":189,"column":25},"end":{"line":189,"column":26}},"loc":{"start":{"line":189,"column":54},"end":{"line":205,"column":1}},"line":189},"10":{"name":"(anonymous_10)","decl":{"start":{"line":207,"column":26},"end":{"line":207,"column":27}},"loc":{"start":{"line":207,"column":55},"end":{"line":236,"column":1}},"line":207},"11":{"name":"(anonymous_11)","decl":{"start":{"line":237,"column":29},"end":{"line":237,"column":30}},"loc":{"start":{"line":237,"column":58},"end":{"line":263,"column":1}},"line":237},"12":{"name":"(anonymous_12)","decl":{"start":{"line":265,"column":33},"end":{"line":265,"column":34}},"loc":{"start":{"line":265,"column":62},"end":{"line":281,"column":1}},"line":265}},"branchMap":{"0":{"loc":{"start":{"line":19,"column":14},"end":{"line":19,"column":50}},"type":"binary-expr","locations":[{"start":{"line":19,"column":14},"end":{"line":19,"column":25}},{"start":{"line":19,"column":29},"end":{"line":19,"column":39}},{"start":{"line":19,"column":43},"end":{"line":19,"column":50}}],"line":19},"1":{"loc":{"start":{"line":30,"column":14},"end":{"line":30,"column":50}},"type":"binary-expr","locations":[{"start":{"line":30,"column":14},"end":{"line":30,"column":25}},{"start":{"line":30,"column":29},"end":{"line":30,"column":39}},{"start":{"line":30,"column":43},"end":{"line":30,"column":50}}],"line":30},"2":{"loc":{"start":{"line":47,"column":7},"end":{"line":49,"column":7}},"type":"binary-expr","locations":[{"start":{"line":47,"column":7},"end":{"line":47,"column":19}},{"start":{"line":48,"column":8},"end":{"line":48,"column":79}}],"line":47},"3":{"loc":{"start":{"line":80,"column":21},"end":{"line":80,"column":43}},"type":"binary-expr","locations":[{"start":{"line":80,"column":21},"end":{"line":80,"column":38}},{"start":{"line":80,"column":42},"end":{"line":80,"column":43}}],"line":80},"4":{"loc":{"start":{"line":86,"column":21},"end":{"line":86,"column":43}},"type":"binary-expr","locations":[{"start":{"line":86,"column":21},"end":{"line":86,"column":38}},{"start":{"line":86,"column":42},"end":{"line":86,"column":43}}],"line":86},"5":{"loc":{"start":{"line":107,"column":16},"end":{"line":107,"column":39}},"type":"binary-expr","locations":[{"start":{"line":107,"column":16},"end":{"line":107,"column":27}},{"start":{"line":107,"column":31},"end":{"line":107,"column":39}}],"line":107},"6":{"loc":{"start":{"line":113,"column":21},"end":{"line":113,"column":43}},"type":"binary-expr","locations":[{"start":{"line":113,"column":21},"end":{"line":113,"column":38}},{"start":{"line":113,"column":42},"end":{"line":113,"column":43}}],"line":113},"7":{"loc":{"start":{"line":119,"column":21},"end":{"line":119,"column":43}},"type":"binary-expr","locations":[{"start":{"line":119,"column":21},"end":{"line":119,"column":38}},{"start":{"line":119,"column":42},"end":{"line":119,"column":43}}],"line":119},"8":{"loc":{"start":{"line":125,"column":21},"end":{"line":125,"column":43}},"type":"binary-expr","locations":[{"start":{"line":125,"column":21},"end":{"line":125,"column":38}},{"start":{"line":125,"column":42},"end":{"line":125,"column":43}}],"line":125},"9":{"loc":{"start":{"line":131,"column":21},"end":{"line":131,"column":43}},"type":"binary-expr","locations":[{"start":{"line":131,"column":21},"end":{"line":131,"column":38}},{"start":{"line":131,"column":42},"end":{"line":131,"column":43}}],"line":131},"10":{"loc":{"start":{"line":144,"column":14},"end":{"line":144,"column":36}},"type":"binary-expr","locations":[{"start":{"line":144,"column":14},"end":{"line":144,"column":25}},{"start":{"line":144,"column":29},"end":{"line":144,"column":36}}],"line":144},"11":{"loc":{"start":{"line":148,"column":16},"end":{"line":148,"column":38}},"type":"binary-expr","locations":[{"start":{"line":148,"column":16},"end":{"line":148,"column":27}},{"start":{"line":148,"column":31},"end":{"line":148,"column":38}}],"line":148},"12":{"loc":{"start":{"line":149,"column":21},"end":{"line":149,"column":43}},"type":"binary-expr","locations":[{"start":{"line":149,"column":21},"end":{"line":149,"column":38}},{"start":{"line":149,"column":42},"end":{"line":149,"column":43}}],"line":149},"13":{"loc":{"start":{"line":153,"column":16},"end":{"line":153,"column":38}},"type":"binary-expr","locations":[{"start":{"line":153,"column":16},"end":{"line":153,"column":27}},{"start":{"line":153,"column":31},"end":{"line":153,"column":38}}],"line":153},"14":{"loc":{"start":{"line":154,"column":21},"end":{"line":154,"column":43}},"type":"binary-expr","locations":[{"start":{"line":154,"column":21},"end":{"line":154,"column":38}},{"start":{"line":154,"column":42},"end":{"line":154,"column":43}}],"line":154},"15":{"loc":{"start":{"line":158,"column":16},"end":{"line":158,"column":38}},"type":"binary-expr","locations":[{"start":{"line":158,"column":16},"end":{"line":158,"column":27}},{"start":{"line":158,"column":31},"end":{"line":158,"column":38}}],"line":158},"16":{"loc":{"start":{"line":159,"column":21},"end":{"line":159,"column":43}},"type":"binary-expr","locations":[{"start":{"line":159,"column":21},"end":{"line":159,"column":38}},{"start":{"line":159,"column":42},"end":{"line":159,"column":43}}],"line":159},"17":{"loc":{"start":{"line":172,"column":10},"end":{"line":172,"column":25}},"type":"default-arg","locations":[{"start":{"line":172,"column":18},"end":{"line":172,"column":25}}],"line":172},"18":{"loc":{"start":{"line":172,"column":27},"end":{"line":172,"column":40}},"type":"default-arg","locations":[{"start":{"line":172,"column":36},"end":{"line":172,"column":40}}],"line":172},"19":{"loc":{"start":{"line":172,"column":42},"end":{"line":172,"column":54}},"type":"default-arg","locations":[{"start":{"line":172,"column":50},"end":{"line":172,"column":54}}],"line":172},"20":{"loc":{"start":{"line":190,"column":10},"end":{"line":190,"column":25}},"type":"default-arg","locations":[{"start":{"line":190,"column":18},"end":{"line":190,"column":25}}],"line":190},"21":{"loc":{"start":{"line":190,"column":27},"end":{"line":190,"column":40}},"type":"default-arg","locations":[{"start":{"line":190,"column":36},"end":{"line":190,"column":40}}],"line":190},"22":{"loc":{"start":{"line":190,"column":42},"end":{"line":190,"column":54}},"type":"default-arg","locations":[{"start":{"line":190,"column":50},"end":{"line":190,"column":54}}],"line":190},"23":{"loc":{"start":{"line":208,"column":10},"end":{"line":208,"column":25}},"type":"default-arg","locations":[{"start":{"line":208,"column":18},"end":{"line":208,"column":25}}],"line":208},"24":{"loc":{"start":{"line":208,"column":27},"end":{"line":208,"column":40}},"type":"default-arg","locations":[{"start":{"line":208,"column":36},"end":{"line":208,"column":40}}],"line":208},"25":{"loc":{"start":{"line":208,"column":42},"end":{"line":208,"column":54}},"type":"default-arg","locations":[{"start":{"line":208,"column":50},"end":{"line":208,"column":54}}],"line":208},"26":{"loc":{"start":{"line":238,"column":10},"end":{"line":238,"column":25}},"type":"default-arg","locations":[{"start":{"line":238,"column":18},"end":{"line":238,"column":25}}],"line":238},"27":{"loc":{"start":{"line":238,"column":27},"end":{"line":238,"column":40}},"type":"default-arg","locations":[{"start":{"line":238,"column":36},"end":{"line":238,"column":40}}],"line":238},"28":{"loc":{"start":{"line":238,"column":42},"end":{"line":238,"column":54}},"type":"default-arg","locations":[{"start":{"line":238,"column":50},"end":{"line":238,"column":54}}],"line":238},"29":{"loc":{"start":{"line":266,"column":10},"end":{"line":266,"column":25}},"type":"default-arg","locations":[{"start":{"line":266,"column":18},"end":{"line":266,"column":25}}],"line":266},"30":{"loc":{"start":{"line":266,"column":27},"end":{"line":266,"column":40}},"type":"default-arg","locations":[{"start":{"line":266,"column":36},"end":{"line":266,"column":40}}],"line":266},"31":{"loc":{"start":{"line":266,"column":42},"end":{"line":266,"column":54}},"type":"default-arg","locations":[{"start":{"line":266,"column":50},"end":{"line":266,"column":54}}],"line":266}},"s":{"0":1,"1":0,"2":1,"3":0,"4":1,"5":0,"6":1,"7":0,"8":1,"9":0,"10":1,"11":0,"12":1,"13":0,"14":0,"15":1,"16":0,"17":1,"18":0,"19":0,"20":1,"21":0,"22":0,"23":1,"24":0,"25":0,"26":1,"27":0,"28":0,"29":1,"30":0,"31":0},"f":{"0":0,"1":0,"2":0,"3":0,"4":0,"5":0,"6":0,"7":0,"8":0,"9":0,"10":0,"11":0,"12":0},"b":{"0":[0,0,0],"1":[0,0,0],"2":[0,0],"3":[0,0],"4":[0,0],"5":[0,0],"6":[0,0],"7":[0,0],"8":[0,0],"9":[0,0],"10":[0,0],"11":[0,0],"12":[0,0],"13":[0,0],"14":[0,0],"15":[0,0],"16":[0,0],"17":[0],"18":[0],"19":[0],"20":[0],"21":[0],"22":[0],"23":[0],"24":[0],"25":[0],"26":[0],"27":[0],"28":[0],"29":[0],"30":[0],"31":[0]},"_coverageSchema":"1a1c01bbd47fc00a2c39e90264f33305004495a9","hash":"5af69c2615da8e9bf3d7b74fd359ffe8903cfc15"}
,"/Users/gsoft05/Desktop/Gsoft/cohart-app/app/utils/uiPrimitives.tsx": {"path":"/Users/gsoft05/Desktop/Gsoft/cohart-app/app/utils/uiPrimitives.tsx","statementMap":{"0":{"start":{"line":19,"column":42},"end":{"line":21,"column":1}},"1":{"start":{"line":20,"column":2},"end":{"line":20,"column":70}},"2":{"start":{"line":27,"column":42},"end":{"line":37,"column":1}},"3":{"start":{"line":28,"column":2},"end":{"line":36,"column":4}},"4":{"start":{"line":43,"column":44},"end":{"line":91,"column":1}},"5":{"start":{"line":44,"column":21},"end":{"line":44,"column":23}},"6":{"start":{"line":45,"column":36},"end":{"line":45,"column":47}},"7":{"start":{"line":47,"column":19},"end":{"line":51,"column":3}},"8":{"start":{"line":48,"column":23},"end":{"line":48,"column":36}},"9":{"start":{"line":49,"column":21},"end":{"line":49,"column":66}},"10":{"start":{"line":50,"column":4},"end":{"line":50,"column":60}},"11":{"start":{"line":53,"column":17},"end":{"line":53,"column":19}},"12":{"start":{"line":54,"column":2},"end":{"line":67,"column":3}},"13":{"start":{"line":54,"column":15},"end":{"line":54,"column":16}},"14":{"start":{"line":55,"column":19},"end":{"line":55,"column":79}},"15":{"start":{"line":56,"column":4},"end":{"line":66,"column":6}},"16":{"start":{"line":69,"column":2},"end":{"line":90,"column":4}},"17":{"start":{"line":93,"column":15},"end":{"line":106,"column":2}}},"fnMap":{"0":{"name":"(anonymous_0)","decl":{"start":{"line":19,"column":42},"end":{"line":19,"column":43}},"loc":{"start":{"line":19,"column":70},"end":{"line":21,"column":1}},"line":19},"1":{"name":"(anonymous_1)","decl":{"start":{"line":27,"column":42},"end":{"line":27,"column":43}},"loc":{"start":{"line":27,"column":68},"end":{"line":37,"column":1}},"line":27},"2":{"name":"(anonymous_2)","decl":{"start":{"line":43,"column":44},"end":{"line":43,"column":45}},"loc":{"start":{"line":43,"column":71},"end":{"line":91,"column":1}},"line":43},"3":{"name":"(anonymous_3)","decl":{"start":{"line":47,"column":19},"end":{"line":47,"column":20}},"loc":{"start":{"line":47,"column":45},"end":{"line":51,"column":3}},"line":47}},"branchMap":{"0":{"loc":{"start":{"line":49,"column":21},"end":{"line":49,"column":66}},"type":"cond-expr","locations":[{"start":{"line":49,"column":38},"end":{"line":49,"column":51}},{"start":{"line":49,"column":54},"end":{"line":49,"column":66}}],"line":49},"1":{"loc":{"start":{"line":55,"column":19},"end":{"line":55,"column":79}},"type":"cond-expr","locations":[{"start":{"line":55,"column":52},"end":{"line":55,"column":66}},{"start":{"line":55,"column":69},"end":{"line":55,"column":79}}],"line":55},"2":{"loc":{"start":{"line":55,"column":19},"end":{"line":55,"column":49}},"type":"binary-expr","locations":[{"start":{"line":55,"column":19},"end":{"line":55,"column":26}},{"start":{"line":55,"column":30},"end":{"line":55,"column":49}}],"line":55},"3":{"loc":{"start":{"line":61,"column":10},"end":{"line":63,"column":47}},"type":"cond-expr","locations":[{"start":{"line":62,"column":14},"end":{"line":62,"column":47}},{"start":{"line":63,"column":14},"end":{"line":63,"column":47}}],"line":61},"4":{"loc":{"start":{"line":80,"column":8},"end":{"line":85,"column":36}},"type":"cond-expr","locations":[{"start":{"line":81,"column":12},"end":{"line":84,"column":13}},{"start":{"line":85,"column":12},"end":{"line":85,"column":36}}],"line":80}},"s":{"0":2,"1":49,"2":2,"3":0,"4":2,"5":0,"6":0,"7":0,"8":0,"9":0,"10":0,"11":0,"12":0,"13":0,"14":0,"15":0,"16":0,"17":2},"f":{"0":49,"1":0,"2":0,"3":0},"b":{"0":[0,0],"1":[0,0],"2":[0,0],"3":[0,0],"4":[0,0]},"_coverageSchema":"1a1c01bbd47fc00a2c39e90264f33305004495a9","hash":"97d3875946775e60c89e522a4ff13f6af97f6e9c"}
}
