TN:
SF:app/assets/Arrow_Down.png
FNF:0
FNH:0
DA:1,3
LF:1
LH:1
BRF:0
BRH:0
end_of_record
TN:
SF:app/assets/Arrow_Left.png
FNF:0
FNH:0
DA:1,1
LF:1
LH:1
BRF:0
BRH:0
end_of_record
TN:
SF:app/assets/Arrow_Right.png
FNF:0
FNH:0
DA:1,5
LF:1
LH:1
BRF:0
BRH:0
end_of_record
TN:
SF:app/assets/ChangePhoneNumber.png
FNF:0
FNH:0
DA:1,1
LF:1
LH:1
BRF:0
BRH:0
end_of_record
TN:
SF:app/assets/Circle.png
FNF:0
FNH:0
DA:1,3
LF:1
LH:1
BRF:0
BRH:0
end_of_record
TN:
SF:app/assets/Community.png
FNF:0
FNH:0
DA:1,3
LF:1
LH:1
BRF:0
BRH:0
end_of_record
TN:
SF:app/assets/CommunityTab.png
FNF:0
FNH:0
DA:1,3
LF:1
LH:1
BRF:0
BRH:0
end_of_record
TN:
SF:app/assets/Icon-back.png
FNF:0
FNH:0
DA:1,1
LF:1
LH:1
BRF:0
BRH:0
end_of_record
TN:
SF:app/assets/Inspiration.png
FNF:0
FNH:0
DA:1,3
LF:1
LH:1
BRF:0
BRH:0
end_of_record
TN:
SF:app/assets/LoginBackGround.png
FNF:0
FNH:0
DA:1,2
LF:1
LH:1
BRF:0
BRH:0
end_of_record
TN:
SF:app/assets/MonogramIcon.png
FNF:0
FNH:0
DA:1,1
LF:1
LH:1
BRF:0
BRH:0
end_of_record
TN:
SF:app/assets/Placeholder-1.png
FNF:0
FNH:0
DA:1,5
LF:1
LH:1
BRF:0
BRH:0
end_of_record
TN:
SF:app/assets/Placeholder-2.png
FNF:0
FNH:0
DA:1,5
LF:1
LH:1
BRF:0
BRH:0
end_of_record
TN:
SF:app/assets/Placeholder-3.png
FNF:0
FNH:0
DA:1,5
LF:1
LH:1
BRF:0
BRH:0
end_of_record
TN:
SF:app/assets/Placeholder-4.png
FNF:0
FNH:0
DA:1,3
LF:1
LH:1
BRF:0
BRH:0
end_of_record
TN:
SF:app/assets/Placeholder-5.png
FNF:0
FNH:0
DA:1,5
LF:1
LH:1
BRF:0
BRH:0
end_of_record
TN:
SF:app/assets/Placeholder-6.png
FNF:0
FNH:0
DA:1,5
LF:1
LH:1
BRF:0
BRH:0
end_of_record
TN:
SF:app/assets/Placeholder4.png
FNF:0
FNH:0
DA:1,2
LF:1
LH:1
BRF:0
BRH:0
end_of_record
TN:
SF:app/assets/Search.png
FNF:0
FNH:0
DA:1,1
LF:1
LH:1
BRF:0
BRH:0
end_of_record
TN:
SF:app/assets/StarIconFull.png
FNF:0
FNH:0
DA:1,3
LF:1
LH:1
BRF:0
BRH:0
end_of_record
TN:
SF:app/assets/avatar-placeholder.png
FNF:0
FNH:0
DA:1,1
LF:1
LH:1
BRF:0
BRH:0
end_of_record
TN:
SF:app/assets/cohart-social.png
FNF:0
FNH:0
DA:1,1
LF:1
LH:1
BRF:0
BRH:0
end_of_record
TN:
SF:app/assets/collapse-down.png
FNF:0
FNH:0
DA:1,1
LF:1
LH:1
BRF:0
BRH:0
end_of_record
TN:
SF:app/assets/collapse-up.png
FNF:0
FNH:0
DA:1,1
LF:1
LH:1
BRF:0
BRH:0
end_of_record
TN:
SF:app/assets/discord.png
FNF:0
FNH:0
DA:1,1
LF:1
LH:1
BRF:0
BRH:0
end_of_record
TN:
SF:app/assets/discover.png
FNF:0
FNH:0
DA:1,3
LF:1
LH:1
BRF:0
BRH:0
end_of_record
TN:
SF:app/assets/dummyAvator.png
FNF:0
FNH:0
DA:1,6
LF:1
LH:1
BRF:0
BRH:0
end_of_record
TN:
SF:app/assets/facebook.png
FNF:0
FNH:0
DA:1,1
LF:1
LH:1
BRF:0
BRH:0
end_of_record
TN:
SF:app/assets/ic_edit.png
FNF:0
FNH:0
DA:1,3
LF:1
LH:1
BRF:0
BRH:0
end_of_record
TN:
SF:app/assets/ic_hide.png
FNF:0
FNH:0
DA:1,2
LF:1
LH:1
BRF:0
BRH:0
end_of_record
TN:
SF:app/assets/ic_plus.png
FNF:0
FNH:0
DA:1,1
LF:1
LH:1
BRF:0
BRH:0
end_of_record
TN:
SF:app/assets/ic_qr.png
FNF:0
FNH:0
DA:1,1
LF:1
LH:1
BRF:0
BRH:0
end_of_record
TN:
SF:app/assets/ic_remove.png
FNF:0
FNH:0
DA:1,1
LF:1
LH:1
BRF:0
BRH:0
end_of_record
TN:
SF:app/assets/ic_remove_text.png
FNF:0
FNH:0
DA:1,2
LF:1
LH:1
BRF:0
BRH:0
end_of_record
TN:
SF:app/assets/ic_show.png
FNF:0
FNH:0
DA:1,2
LF:1
LH:1
BRF:0
BRH:0
end_of_record
TN:
SF:app/assets/ic_warning_blue.png
FNF:0
FNH:0
DA:1,2
LF:1
LH:1
BRF:0
BRH:0
end_of_record
TN:
SF:app/assets/instagram.png
FNF:0
FNH:0
DA:1,1
LF:1
LH:1
BRF:0
BRH:0
end_of_record
TN:
SF:app/assets/profileHeaderIcon.png
FNF:0
FNH:0
DA:1,3
LF:1
LH:1
BRF:0
BRH:0
end_of_record
TN:
SF:app/assets/reportIcon.png
FNF:0
FNH:0
DA:1,1
LF:1
LH:1
BRF:0
BRH:0
end_of_record
TN:
SF:app/assets/sample-avatar.jpeg
FNF:0
FNH:0
DA:1,2
LF:1
LH:1
BRF:0
BRH:0
end_of_record
TN:
SF:app/assets/termCondition.png
FNF:0
FNH:0
DA:1,1
LF:1
LH:1
BRF:0
BRH:0
end_of_record
TN:
SF:app/assets/twitter.png
FNF:0
FNH:0
DA:1,1
LF:1
LH:1
BRF:0
BRH:0
end_of_record
TN:
SF:app/components/AnimatedImage.tsx
FN:9,AnimatedImage
FN:12,(anonymous_1)
FN:13,(anonymous_2)
FN:39,(anonymous_3)
FNF:4
FNH:1
FNDA:5,AnimatedImage
FNDA:0,(anonymous_1)
FNDA:0,(anonymous_2)
FNDA:0,(anonymous_3)
DA:10,5
DA:11,5
DA:12,5
DA:13,0
DA:14,0
DA:17,5
DA:40,0
DA:46,3
LF:8
LH:5
BRDA:19,0,0,5
BRDA:19,0,1,0
BRF:2
BRH:1
end_of_record
TN:
SF:app/components/BackHeader.tsx
FN:29,Header
FN:33,(anonymous_1)
FN:43,(anonymous_2)
FNF:3
FNH:1
FNDA:14,Header
FNDA:0,(anonymous_1)
FNDA:0,(anonymous_2)
DA:30,14
DA:31,14
DA:33,14
DA:34,0
DA:35,0
DA:36,0
DA:39,14
DA:45,0
DA:71,1
LF:9
LH:5
BRDA:34,0,0,0
BRDA:34,0,1,0
BRDA:52,1,0,0
BRDA:52,1,1,14
BRF:4
BRH:1
end_of_record
TN:
SF:app/components/BackHeadingHeader.tsx
FN:18,FansHeader
FN:21,(anonymous_1)
FNF:2
FNH:1
FNDA:1,FansHeader
FNDA:0,(anonymous_1)
DA:19,1
DA:20,1
DA:21,1
DA:22,0
DA:24,1
DA:36,1
LF:6
LH:5
BRF:0
BRH:0
end_of_record
TN:
SF:app/components/CodeTextInput.tsx
FN:16,CodeTextInput
FN:46,(anonymous_1)
FN:47,(anonymous_2)
FN:64,(anonymous_3)
FN:65,(anonymous_4)
FN:84,(anonymous_5)
FN:85,(anonymous_6)
FN:104,(anonymous_7)
FN:105,(anonymous_8)
FN:124,(anonymous_9)
FN:125,(anonymous_10)
FN:144,(anonymous_11)
FN:145,(anonymous_12)
FN:155,(anonymous_13)
FNF:14
FNH:1
FNDA:1,CodeTextInput
FNDA:0,(anonymous_1)
FNDA:0,(anonymous_2)
FNDA:0,(anonymous_3)
FNDA:0,(anonymous_4)
FNDA:0,(anonymous_5)
FNDA:0,(anonymous_6)
FNDA:0,(anonymous_7)
FNDA:0,(anonymous_8)
FNDA:0,(anonymous_9)
FNDA:0,(anonymous_10)
FNDA:0,(anonymous_11)
FNDA:0,(anonymous_12)
FNDA:0,(anonymous_13)
DA:17,1
DA:18,1
DA:19,1
DA:20,1
DA:21,1
DA:22,1
DA:23,1
DA:25,1
DA:27,1
DA:47,0
DA:48,0
DA:49,0
DA:50,0
DA:52,0
DA:53,0
DA:65,0
DA:66,0
DA:67,0
DA:68,0
DA:70,0
DA:71,0
DA:73,0
DA:85,0
DA:86,0
DA:87,0
DA:88,0
DA:90,0
DA:91,0
DA:93,0
DA:105,0
DA:106,0
DA:107,0
DA:108,0
DA:110,0
DA:111,0
DA:113,0
DA:125,0
DA:126,0
DA:127,0
DA:128,0
DA:130,0
DA:131,0
DA:133,0
DA:145,0
DA:146,0
DA:147,0
DA:148,0
DA:150,0
DA:151,0
DA:153,0
DA:155,0
DA:156,0
DA:157,0
DA:158,0
DA:160,0
DA:177,1
LF:56
LH:10
BRDA:52,0,0,0
BRDA:52,0,1,0
BRDA:70,1,0,0
BRDA:70,1,1,0
BRDA:90,2,0,0
BRDA:90,2,1,0
BRDA:110,3,0,0
BRDA:110,3,1,0
BRDA:130,4,0,0
BRDA:130,4,1,0
BRDA:150,5,0,0
BRDA:150,5,1,0
BRDA:156,6,0,0
BRDA:156,6,1,0
BRDA:163,7,0,0
BRDA:163,7,1,0
BRF:16
BRH:0
end_of_record
TN:
SF:app/components/CustomMaterialMenu.tsx
FN:22,(anonymous_0)
FNF:1
FNH:0
FNDA:0,(anonymous_0)
DA:22,1
DA:23,0
DA:44,1
LF:3
LH:2
BRF:0
BRH:0
end_of_record
TN:
SF:app/components/CustomStatusBar.tsx
FN:5,FocusAwareStatusBar
FNF:1
FNH:1
FNDA:33,FocusAwareStatusBar
DA:6,33
DA:8,33
LF:2
LH:2
BRDA:8,0,0,33
BRDA:8,0,1,0
BRF:2
BRH:1
end_of_record
TN:
SF:app/components/Header.tsx
FN:40,Header
FN:47,(anonymous_1)
FN:49,(anonymous_2)
FN:60,(anonymous_3)
FN:66,(anonymous_4)
FN:81,(anonymous_5)
FN:108,(anonymous_6)
FN:156,(anonymous_7)
FNF:8
FNH:1
FNDA:31,Header
FNDA:0,(anonymous_1)
FNDA:0,(anonymous_2)
FNDA:0,(anonymous_3)
FNDA:0,(anonymous_4)
FNDA:0,(anonymous_5)
FNDA:0,(anonymous_6)
FNDA:0,(anonymous_7)
DA:41,31
DA:42,31
DA:43,31
DA:45,31
DA:47,31
DA:48,0
DA:49,0
DA:50,0
DA:51,0
DA:53,0
DA:57,0
DA:60,31
DA:61,0
DA:67,0
DA:71,0
DA:78,0
DA:82,0
DA:83,0
DA:84,0
DA:85,0
DA:90,31
DA:109,0
DA:110,0
DA:111,0
DA:112,0
DA:113,0
DA:115,0
DA:118,0
DA:157,0
DA:158,0
DA:160,0
LF:31
LH:7
BRDA:45,0,0,13
BRDA:45,1,0,13
BRDA:48,2,0,0
BRDA:48,2,1,0
BRDA:50,3,0,0
BRDA:50,3,1,0
BRDA:67,4,0,0
BRDA:67,4,1,0
BRDA:68,5,0,0
BRDA:68,5,1,0
BRDA:82,6,0,0
BRDA:82,6,1,0
BRDA:84,7,0,0
BRDA:84,7,1,0
BRDA:105,8,0,31
BRDA:105,8,1,31
BRDA:109,9,0,0
BRDA:109,9,1,0
BRDA:110,10,0,0
BRDA:110,10,1,0
BRDA:112,11,0,0
BRDA:112,11,1,0
BRDA:112,12,0,0
BRDA:112,12,1,0
BRDA:122,13,0,1
BRDA:122,13,1,30
BRDA:124,14,0,30
BRDA:124,14,1,0
BRDA:126,15,0,0
BRDA:126,15,1,30
BRDA:146,16,0,0
BRDA:146,16,1,31
BRDA:148,17,0,31
BRDA:148,17,1,0
BRDA:153,18,0,31
BRDA:153,18,1,0
BRDA:157,19,0,0
BRDA:157,19,1,0
BRDA:157,20,0,0
BRDA:157,20,1,0
BRDA:160,21,0,0
BRDA:160,21,1,0
BRDA:166,22,0,1
BRDA:166,22,1,30
BRDA:168,23,0,0
BRDA:168,23,1,30
BRDA:171,24,0,0
BRDA:171,24,1,30
BRDA:171,25,0,30
BRDA:171,25,1,30
BRF:50
BRH:17
end_of_record
TN:
SF:app/components/HeaderHeading.tsx
FN:30,Header
FNF:1
FNH:1
FNDA:17,Header
DA:31,17
DA:33,17
LF:2
LH:2
BRDA:58,0,0,8
BRDA:58,0,1,9
BRDA:60,1,0,9
BRDA:60,1,1,9
BRF:4
BRH:4
end_of_record
TN:
SF:app/components/Icons.tsx
FN:8,(anonymous_0)
FN:25,(anonymous_1)
FN:49,(anonymous_2)
FN:66,(anonymous_3)
FN:95,(anonymous_4)
FN:106,(anonymous_5)
FN:125,(anonymous_6)
FN:144,(anonymous_7)
FN:154,(anonymous_8)
FN:187,(anonymous_9)
FN:229,(anonymous_10)
FN:247,(anonymous_11)
FN:266,(anonymous_12)
FN:291,(anonymous_13)
FN:328,(anonymous_14)
FN:347,(anonymous_15)
FN:366,(anonymous_16)
FN:383,(anonymous_17)
FN:396,(anonymous_18)
FN:415,(anonymous_19)
FN:438,(anonymous_20)
FN:460,(anonymous_21)
FN:484,(anonymous_22)
FN:516,(anonymous_23)
FN:533,(anonymous_24)
FN:556,(anonymous_25)
FN:591,(anonymous_26)
FN:624,(anonymous_27)
FN:648,(anonymous_28)
FN:678,(anonymous_29)
FN:700,(anonymous_30)
FNF:31
FNH:6
FNDA:0,(anonymous_0)
FNDA:0,(anonymous_1)
FNDA:1,(anonymous_2)
FNDA:0,(anonymous_3)
FNDA:0,(anonymous_4)
FNDA:0,(anonymous_5)
FNDA:0,(anonymous_6)
FNDA:31,(anonymous_7)
FNDA:30,(anonymous_8)
FNDA:0,(anonymous_9)
FNDA:0,(anonymous_10)
FNDA:1,(anonymous_11)
FNDA:0,(anonymous_12)
FNDA:0,(anonymous_13)
FNDA:0,(anonymous_14)
FNDA:0,(anonymous_15)
FNDA:0,(anonymous_16)
FNDA:0,(anonymous_17)
FNDA:0,(anonymous_18)
FNDA:0,(anonymous_19)
FNDA:0,(anonymous_20)
FNDA:0,(anonymous_21)
FNDA:0,(anonymous_22)
FNDA:0,(anonymous_23)
FNDA:1,(anonymous_24)
FNDA:0,(anonymous_25)
FNDA:0,(anonymous_26)
FNDA:0,(anonymous_27)
FNDA:7,(anonymous_28)
FNDA:0,(anonymous_29)
FNDA:0,(anonymous_30)
DA:8,9
DA:9,0
DA:25,9
DA:30,0
DA:31,0
DA:49,9
DA:54,1
DA:55,1
DA:66,9
DA:71,0
DA:72,0
DA:95,9
DA:96,0
DA:106,9
DA:111,0
DA:112,0
DA:125,9
DA:126,0
DA:144,9
DA:145,31
DA:154,9
DA:159,30
DA:160,30
DA:187,9
DA:192,0
DA:193,0
DA:229,9
DA:230,0
DA:247,9
DA:248,1
DA:266,9
DA:267,0
DA:291,9
DA:292,0
DA:328,9
DA:329,0
DA:347,9
DA:348,0
DA:366,9
DA:367,0
DA:383,9
DA:384,0
DA:396,9
DA:397,0
DA:415,9
DA:420,0
DA:421,0
DA:438,9
DA:443,0
DA:444,0
DA:460,9
DA:465,0
DA:484,9
DA:489,0
DA:490,0
DA:516,9
DA:521,0
DA:522,0
DA:533,9
DA:538,1
DA:539,1
DA:556,9
DA:561,0
DA:562,0
DA:591,9
DA:596,0
DA:597,0
DA:624,9
DA:629,0
DA:630,0
DA:648,9
DA:653,7
DA:654,7
DA:678,9
DA:683,0
DA:684,0
DA:700,9
DA:705,0
DA:706,0
LF:79
LH:41
BRDA:13,0,0,0
BRDA:13,0,1,0
BRDA:18,1,0,0
BRDA:18,1,1,0
BRDA:30,2,0,0
BRDA:30,3,0,0
BRDA:30,4,0,0
BRDA:54,5,0,0
BRDA:54,6,0,1
BRDA:54,7,0,1
BRDA:71,8,0,0
BRDA:71,9,0,0
BRDA:71,10,0,0
BRDA:111,11,0,0
BRDA:111,12,0,0
BRDA:111,13,0,0
BRDA:115,14,0,0
BRDA:115,14,1,0
BRDA:159,15,0,0
BRDA:192,16,0,0
BRDA:420,17,0,0
BRDA:420,18,0,0
BRDA:420,19,0,0
BRDA:443,20,0,0
BRDA:443,21,0,0
BRDA:443,22,0,0
BRDA:489,23,0,0
BRDA:489,24,0,0
BRDA:489,25,0,0
BRDA:521,26,0,0
BRDA:521,27,0,0
BRDA:521,28,0,0
BRDA:538,29,0,1
BRDA:538,30,0,1
BRDA:538,31,0,1
BRDA:561,32,0,0
BRDA:561,33,0,0
BRDA:561,34,0,0
BRDA:596,35,0,0
BRDA:596,36,0,0
BRDA:596,37,0,0
BRDA:629,38,0,0
BRDA:629,39,0,0
BRDA:653,40,0,0
BRDA:653,41,0,7
BRDA:653,42,0,7
BRDA:683,43,0,0
BRDA:683,44,0,0
BRDA:683,45,0,0
BRDA:705,46,0,0
BRDA:705,47,0,0
BRDA:705,48,0,0
BRF:52
BRH:7
end_of_record
TN:
SF:app/components/MainHeader.tsx
FN:22,Header
FN:25,(anonymous_1)
FN:28,(anonymous_2)
FNF:3
FNH:1
FNDA:8,Header
FNDA:0,(anonymous_1)
FNDA:0,(anonymous_2)
DA:23,8
DA:24,8
DA:25,8
DA:26,0
DA:28,8
DA:29,0
DA:31,8
DA:58,1
LF:8
LH:6
BRDA:23,0,0,8
BRDA:34,1,0,0
BRDA:34,1,1,8
BRF:3
BRH:2
end_of_record
TN:
SF:app/components/MasonryList.js
FN:3,(anonymous_0)
FN:13,MasonryList
FN:42,(anonymous_2)
FN:50,(anonymous_3)
FN:66,(anonymous_4)
FN:76,(anonymous_5)
FN:81,(anonymous_6)
FNF:7
FNH:4
FNDA:0,(anonymous_0)
FNDA:23,MasonryList
FNDA:0,(anonymous_2)
FNDA:0,(anonymous_3)
FNDA:16,(anonymous_4)
FNDA:16,(anonymous_5)
FNDA:16,(anonymous_6)
DA:3,1
DA:7,0
DA:8,0
DA:14,23
DA:32,22
DA:33,22
DA:43,0
DA:44,0
DA:45,0
DA:51,0
DA:52,0
DA:67,16
DA:77,16
DA:78,16
DA:79,0
DA:81,16
LF:16
LH:8
BRDA:29,0,0,0
BRDA:41,1,0,22
BRDA:41,1,1,12
BRDA:44,2,0,0
BRDA:44,2,1,0
BRDA:44,3,0,0
BRDA:44,3,1,0
BRDA:51,4,0,0
BRDA:51,4,1,0
BRDA:51,5,0,0
BRDA:51,5,1,0
BRDA:52,6,0,0
BRDA:52,6,1,0
BRDA:52,7,0,0
BRDA:52,7,1,0
BRDA:58,8,0,6
BRDA:58,8,1,16
BRDA:58,9,0,22
BRDA:58,9,1,6
BRDA:59,10,0,0
BRDA:59,10,1,6
BRDA:65,11,0,0
BRDA:65,11,1,16
BRDA:72,12,0,0
BRDA:72,12,1,16
BRDA:77,13,0,16
BRDA:77,13,1,0
BRDA:87,14,0,22
BRDA:87,14,1,0
BRF:29
BRH:11
end_of_record
TN:
SF:app/components/PhoneTextInput.tsx
FN:37,TextField
FNF:1
FNH:1
FNDA:40,TextField
DA:47,40
DA:49,40
DA:142,4
LF:3
LH:3
BRDA:44,0,0,40
BRDA:46,1,0,40
BRDA:55,2,0,37
BRDA:55,2,1,3
BRDA:56,3,0,37
BRDA:56,3,1,3
BRDA:60,4,0,40
BRDA:60,4,1,0
BRDA:130,5,0,40
BRDA:130,5,1,0
BRDA:137,6,0,40
BRDA:137,6,1,39
BRF:12
BRH:10
end_of_record
TN:
SF:app/components/SearchBar.tsx
FN:23,(anonymous_0)
FN:24,(anonymous_1)
FN:27,(anonymous_2)
FN:28,(anonymous_3)
FN:29,(anonymous_4)
FN:32,(anonymous_5)
FN:35,(anonymous_6)
FNF:7
FNH:1
FNDA:0,(anonymous_0)
FNDA:1,(anonymous_1)
FNDA:0,(anonymous_2)
FNDA:0,(anonymous_3)
FNDA:0,(anonymous_4)
FNDA:0,(anonymous_5)
FNDA:0,(anonymous_6)
DA:23,2
DA:24,2
DA:31,1
DA:32,1
DA:33,0
DA:34,0
DA:35,0
DA:36,0
DA:40,1
DA:66,2
LF:10
LH:6
BRDA:26,0,0,0
BRDA:27,1,0,0
BRDA:28,2,0,1
BRDA:29,3,0,0
BRDA:49,4,0,1
BRDA:49,4,1,0
BRDA:55,5,0,1
BRDA:55,5,1,0
BRF:8
BRH:3
end_of_record
TN:
SF:app/components/text.tsx
FN:52,(anonymous_0)
FN:53,(anonymous_1)
FNF:2
FNH:1
FNDA:66,(anonymous_0)
FNDA:0,(anonymous_1)
DA:4,33
DA:5,33
DA:6,33
DA:7,33
DA:8,33
DA:9,33
DA:10,33
DA:11,33
DA:12,33
DA:13,33
DA:15,33
DA:19,33
DA:52,33
DA:53,66
DA:54,0
DA:55,0
DA:56,0
DA:57,0
DA:58,0
DA:59,0
DA:60,0
DA:61,0
DA:62,0
DA:63,0
DA:66,0
DA:79,33
DA:85,33
LF:27
LH:16
BRDA:15,0,0,0
BRDA:15,0,1,33
BRDA:56,1,0,0
BRDA:56,1,1,0
BRDA:56,2,0,0
BRDA:56,2,1,0
BRDA:58,3,0,0
BRDA:58,3,1,0
BRDA:58,4,0,0
BRDA:58,4,1,0
BRDA:60,5,0,0
BRDA:60,5,1,0
BRDA:60,6,0,0
BRDA:60,6,1,0
BRDA:62,7,0,0
BRDA:62,7,1,0
BRDA:62,8,0,0
BRDA:62,8,1,0
BRDA:70,9,0,0
BRDA:70,9,1,0
BRF:20
BRH:1
end_of_record
TN:
SF:app/components/LoadingOverlay/index.tsx
FN:6,(anonymous_0)
FNF:1
FNH:0
FNDA:0,(anonymous_0)
DA:6,2
DA:7,0
DA:8,0
LF:3
LH:1
BRF:0
BRH:0
end_of_record
TN:
SF:app/components/LoadingOverlay/style.ts
FNF:0
FNH:0
DA:4,2
LF:1
LH:1
BRF:0
BRH:0
end_of_record
TN:
SF:app/components/PhoneModel/index.tsx
FN:63,(anonymous_0)
FN:78,(anonymous_1)
FN:91,(anonymous_2)
FN:100,(anonymous_3)
FN:104,(anonymous_4)
FN:108,(anonymous_5)
FN:118,(anonymous_6)
FN:125,(anonymous_7)
FN:143,(anonymous_8)
FN:162,(anonymous_9)
FN:172,(anonymous_10)
FN:176,(anonymous_11)
FN:187,(anonymous_12)
FN:223,(anonymous_13)
FN:244,(anonymous_14)
FN:280,(anonymous_15)
FNF:16
FNH:6
FNDA:19,(anonymous_0)
FNDA:41,(anonymous_1)
FNDA:19,(anonymous_2)
FNDA:0,(anonymous_3)
FNDA:0,(anonymous_4)
FNDA:0,(anonymous_5)
FNDA:0,(anonymous_6)
FNDA:0,(anonymous_7)
FNDA:6,(anonymous_8)
FNDA:0,(anonymous_9)
FNDA:1,(anonymous_10)
FNDA:0,(anonymous_11)
FNDA:41,(anonymous_12)
FNDA:0,(anonymous_13)
FNDA:0,(anonymous_14)
FNDA:0,(anonymous_15)
DA:24,5
DA:64,19
DA:65,19
DA:79,41
DA:80,19
DA:84,0
DA:86,19
DA:88,22
DA:92,19
DA:93,19
DA:95,19
DA:96,0
DA:100,19
DA:101,0
DA:104,19
DA:105,0
DA:108,19
DA:109,0
DA:110,0
DA:111,0
DA:112,0
DA:114,0
DA:118,19
DA:119,0
DA:120,0
DA:126,0
DA:127,0
DA:128,0
DA:129,0
DA:133,0
DA:138,0
DA:139,0
DA:143,19
DA:144,6
DA:145,6
DA:146,6
DA:147,6
DA:149,6
DA:150,0
DA:152,6
DA:153,6
DA:154,6
DA:155,0
DA:157,6
DA:163,0
DA:164,0
DA:165,0
DA:166,0
DA:168,0
DA:172,19
DA:173,1
DA:176,19
DA:177,0
DA:178,0
DA:179,0
DA:180,0
DA:184,0
DA:202,41
DA:203,41
DA:204,41
DA:223,0
DA:244,0
DA:280,5
DA:281,0
DA:282,0
DA:283,0
DA:285,0
LF:67
LH:31
BRDA:66,0,0,19
BRDA:66,0,1,0
BRDA:67,1,0,0
BRDA:67,1,1,19
BRDA:69,2,0,0
BRDA:69,2,1,19
BRDA:73,3,0,19
BRDA:73,3,1,0
BRDA:74,4,0,19
BRDA:74,4,1,19
BRDA:79,5,0,19
BRDA:79,5,1,22
BRDA:80,6,0,0
BRDA:80,6,1,19
BRDA:81,7,0,19
BRDA:81,7,1,19
BRDA:81,7,2,18
BRDA:93,8,0,19
BRDA:93,8,1,0
BRDA:127,9,0,0
BRDA:127,9,1,0
BRDA:128,10,0,0
BRDA:128,10,1,0
BRDA:138,11,0,0
BRDA:138,11,1,0
BRDA:146,12,0,6
BRDA:146,12,1,0
BRDA:149,13,0,0
BRDA:149,13,1,6
BRDA:152,14,0,6
BRDA:152,14,1,0
BRDA:154,15,0,0
BRDA:154,15,1,6
BRDA:155,16,0,0
BRDA:155,16,1,0
BRDA:164,17,0,0
BRDA:164,17,1,0
BRDA:164,18,0,0
BRDA:164,18,1,0
BRDA:166,19,0,0
BRDA:166,19,1,0
BRDA:168,20,0,0
BRDA:168,20,1,0
BRDA:177,21,0,0
BRDA:179,22,0,0
BRDA:179,22,1,0
BRDA:181,23,0,0
BRDA:181,23,1,0
BRDA:200,24,0,41
BRDA:201,25,0,41
BRDA:209,26,0,0
BRDA:209,26,1,41
BRDA:210,27,0,41
BRDA:210,27,1,0
BRDA:225,28,0,41
BRDA:225,28,1,1
BRDA:227,29,0,0
BRDA:227,29,1,1
BRDA:242,30,0,0
BRDA:242,30,1,41
BRDA:249,31,0,41
BRDA:249,31,1,0
BRDA:256,32,0,41
BRDA:256,32,1,0
BRDA:261,33,0,41
BRDA:261,33,1,0
BRDA:262,34,0,41
BRDA:262,34,1,0
BRDA:265,35,0,0
BRDA:265,35,1,41
BRDA:267,36,0,0
BRDA:267,36,1,41
BRDA:271,37,0,2
BRDA:271,37,1,39
BRF:74
BRH:33
end_of_record
TN:
SF:app/components/PhoneModel/styles.js
FN:5,wp
FN:9,hp
FNF:2
FNH:2
FNDA:20,wp
FNDA:5,hp
DA:4,5
DA:6,20
DA:7,20
DA:10,5
DA:11,5
DA:13,5
LF:6
LH:6
BRF:0
BRH:0
end_of_record
TN:
SF:app/components/SvgIcons/Chat.tsx
FN:5,(anonymous_0)
FNF:1
FNH:0
FNDA:0,(anonymous_0)
DA:5,3
DA:6,0
DA:7,0
LF:3
LH:1
BRDA:6,0,0,0
BRDA:6,1,0,0
BRDA:6,2,0,0
BRF:3
BRH:0
end_of_record
TN:
SF:app/components/SvgIcons/Community.tsx
FN:5,(anonymous_0)
FNF:1
FNH:0
FNDA:0,(anonymous_0)
DA:5,3
DA:6,0
DA:7,0
LF:3
LH:1
BRDA:6,0,0,0
BRDA:6,1,0,0
BRF:2
BRH:0
end_of_record
TN:
SF:app/components/SvgIcons/Discover.tsx
FN:5,(anonymous_0)
FNF:1
FNH:0
FNDA:0,(anonymous_0)
DA:5,3
DA:6,0
DA:7,0
LF:3
LH:1
BRDA:6,0,0,0
BRDA:6,1,0,0
BRDA:6,2,0,0
BRF:3
BRH:0
end_of_record
TN:
SF:app/components/SvgIcons/Dots.tsx
FN:5,(anonymous_0)
FNF:1
FNH:1
FNDA:14,(anonymous_0)
DA:5,3
DA:6,14
DA:7,14
LF:3
LH:3
BRDA:6,0,0,14
BRDA:6,1,0,14
BRDA:6,2,0,14
BRF:3
BRH:3
end_of_record
TN:
SF:app/components/SvgIcons/Left.tsx
FN:5,(anonymous_0)
FNF:1
FNH:0
FNDA:0,(anonymous_0)
DA:5,3
DA:6,0
DA:7,0
LF:3
LH:1
BRDA:6,0,0,0
BRDA:6,1,0,0
BRDA:6,2,0,0
BRF:3
BRH:0
end_of_record
TN:
SF:app/components/SvgIcons/Menu.tsx
FN:5,(anonymous_0)
FNF:1
FNH:1
FNDA:29,(anonymous_0)
DA:5,3
DA:6,29
DA:7,29
LF:3
LH:3
BRDA:6,0,0,0
BRDA:6,1,0,0
BRDA:6,2,0,0
BRF:3
BRH:0
end_of_record
TN:
SF:app/components/SvgIcons/Notification.tsx
FN:5,(anonymous_0)
FNF:1
FNH:1
FNDA:8,(anonymous_0)
DA:5,3
DA:6,8
DA:7,8
LF:3
LH:3
BRDA:6,0,0,8
BRDA:6,1,0,8
BRDA:6,2,0,8
BRF:3
BRH:3
end_of_record
TN:
SF:app/components/SvgIcons/RightArrow.tsx
FN:5,(anonymous_0)
FNF:1
FNH:1
FNDA:14,(anonymous_0)
DA:5,3
DA:6,14
DA:7,14
LF:3
LH:3
BRDA:6,0,0,14
BRDA:6,1,0,14
BRDA:6,2,0,14
BRF:3
BRH:3
end_of_record
TN:
SF:app/components/SvgIcons/index.tsx
FNF:0
FNH:0
LF:0
LH:0
BRF:0
BRH:0
end_of_record
TN:
SF:app/config/api-config.ts
FNF:0
FNH:0
DA:3,76
LF:1
LH:1
BRDA:5,0,0,0
BRDA:5,0,1,76
BRDA:35,1,0,0
BRDA:35,1,1,76
BRDA:39,2,0,0
BRDA:39,2,1,76
BRF:6
BRH:3
end_of_record
TN:
SF:app/config/colors.ts
FNF:0
FNH:0
DA:1,33
DA:2,33
DA:3,33
DA:4,33
DA:5,33
DA:6,33
DA:7,33
DA:8,33
DA:9,33
DA:10,33
LF:10
LH:10
BRF:0
BRH:0
end_of_record
TN:
SF:app/data/termsAndCondition.ts
FNF:0
FNH:0
DA:1,1
DA:94,1
LF:2
LH:2
BRF:0
BRH:0
end_of_record
TN:
SF:app/enums/request_otp_type.ts
FNF:0
FNH:0
LF:0
LH:0
BRF:0
BRH:0
end_of_record
TN:
SF:app/hooks/useFetch.ts
FN:24,useFetch
FN:42,(anonymous_1)
FN:65,(anonymous_2)
FN:87,(anonymous_3)
FNF:4
FNH:1
FNDA:2,useFetch
FNDA:0,(anonymous_1)
FNDA:0,(anonymous_2)
FNDA:0,(anonymous_3)
DA:32,2
DA:33,2
DA:34,2
DA:35,2
DA:42,2
DA:43,0
DA:45,0
DA:47,0
DA:53,0
DA:59,0
DA:63,2
DA:65,2
DA:66,0
DA:67,0
DA:68,0
DA:69,0
DA:70,0
DA:71,0
DA:73,0
DA:74,0
DA:77,0
DA:79,0
DA:80,0
DA:83,0
DA:87,2
DA:88,0
DA:89,0
DA:90,0
DA:91,0
DA:92,0
DA:94,0
DA:96,0
DA:97,0
DA:100,0
DA:108,0
DA:109,0
DA:110,0
DA:111,0
DA:113,0
DA:114,0
DA:117,0
DA:120,2
LF:42
LH:9
BRDA:43,0,0,0
BRDA:43,0,1,0
BRDA:43,0,2,0
BRDA:43,0,3,0
BRDA:65,1,0,0
BRDA:68,2,0,0
BRDA:68,2,1,0
BRDA:73,3,0,0
BRDA:73,3,1,0
BRDA:79,4,0,0
BRDA:79,4,1,0
BRDA:87,5,0,0
BRDA:90,6,0,0
BRDA:90,6,1,0
BRDA:96,7,0,0
BRDA:96,7,1,0
BRDA:108,8,0,0
BRDA:108,8,1,0
BRDA:113,9,0,0
BRDA:113,9,1,0
BRF:20
BRH:0
end_of_record
TN:
SF:app/lib/isIphone.ts
FN:8,isIphone
FN:12,permissionAlert
FN:21,(anonymous_2)
FN:25,(anonymous_3)
FN:33,isIphoneX
FNF:5
FNH:2
FNDA:53,isIphone
FNDA:0,permissionAlert
FNDA:0,(anonymous_2)
FNDA:0,(anonymous_3)
FNDA:3,isIphoneX
DA:9,53
DA:13,0
DA:26,0
DA:34,3
DA:35,3
LF:5
LH:3
BRDA:9,0,0,53
BRDA:9,0,1,0
BRDA:16,1,0,0
BRDA:16,1,1,0
BRDA:36,2,0,3
BRDA:36,2,1,3
BRDA:36,2,2,3
BRDA:36,2,3,3
BRDA:36,2,4,3
BRDA:36,2,5,3
BRDA:36,2,6,3
BRDA:36,2,7,3
BRDA:36,2,8,3
BRDA:36,2,9,3
BRDA:36,2,10,3
BRDA:36,2,11,3
BRDA:36,2,12,3
BRF:17
BRH:14
end_of_record
TN:
SF:app/models/actions/user.ts
FNF:0
FNH:0
LF:0
LH:0
BRF:0
BRH:0
end_of_record
TN:
SF:app/navigation/BottomTab.tsx
FN:28,BottomTab
FN:35,(anonymous_1)
FN:36,(anonymous_2)
FN:48,(anonymous_3)
FN:59,(anonymous_4)
FN:72,(anonymous_5)
FN:84,(anonymous_6)
FN:93,(anonymous_7)
FNF:8
FNH:6
FNDA:30,BottomTab
FNDA:30,(anonymous_1)
FNDA:1,(anonymous_2)
FNDA:1,(anonymous_3)
FNDA:0,(anonymous_4)
FNDA:1,(anonymous_5)
FNDA:2,(anonymous_6)
FNDA:0,(anonymous_7)
DA:29,30
DA:30,30
DA:32,30
DA:34,30
DA:35,30
DA:36,30
DA:37,1
DA:38,0
DA:39,1
DA:40,0
DA:41,1
DA:42,1
DA:44,0
DA:48,30
DA:49,1
DA:50,0
DA:51,1
DA:52,0
DA:53,1
DA:54,1
DA:56,0
DA:59,30
DA:60,0
DA:61,0
DA:62,0
DA:63,0
DA:64,0
DA:65,0
DA:66,0
DA:68,0
DA:72,30
DA:73,1
DA:74,0
DA:75,1
DA:76,0
DA:77,1
DA:78,1
DA:80,0
DA:84,30
DA:85,2
DA:86,0
DA:87,2
DA:88,0
DA:89,2
DA:90,2
DA:92,0
DA:93,0
DA:94,0
DA:95,0
DA:97,0
DA:102,0
DA:108,30
DA:109,1
DA:146,29
DA:230,3
LF:55
LH:30
BRDA:37,0,0,0
BRDA:37,0,1,1
BRDA:37,1,0,1
BRDA:37,1,1,1
BRDA:39,2,0,0
BRDA:39,2,1,1
BRDA:41,3,0,1
BRDA:41,3,1,0
BRDA:41,4,0,1
BRDA:41,4,1,1
BRDA:49,5,0,0
BRDA:49,5,1,1
BRDA:49,6,0,1
BRDA:49,6,1,1
BRDA:51,7,0,0
BRDA:51,7,1,1
BRDA:53,8,0,1
BRDA:53,8,1,0
BRDA:53,9,0,1
BRDA:53,9,1,1
BRDA:60,10,0,0
BRDA:60,10,1,0
BRDA:60,11,0,0
BRDA:60,11,1,0
BRDA:63,12,0,0
BRDA:63,12,1,0
BRDA:65,13,0,0
BRDA:65,13,1,0
BRDA:65,14,0,0
BRDA:65,14,1,0
BRDA:73,15,0,0
BRDA:73,15,1,1
BRDA:73,16,0,1
BRDA:73,16,1,1
BRDA:75,17,0,0
BRDA:75,17,1,1
BRDA:77,18,0,1
BRDA:77,18,1,0
BRDA:77,19,0,1
BRDA:77,19,1,1
BRDA:85,20,0,0
BRDA:85,20,1,2
BRDA:85,21,0,2
BRDA:85,21,1,2
BRDA:87,22,0,0
BRDA:87,22,1,2
BRDA:89,23,0,2
BRDA:89,23,1,0
BRDA:89,24,0,2
BRDA:89,24,1,2
BRDA:92,25,0,0
BRDA:92,25,1,0
BRDA:94,26,0,0
BRDA:94,26,1,0
BRDA:108,27,0,1
BRDA:108,27,1,29
BRDA:108,28,0,30
BRDA:108,28,1,29
BRDA:156,29,0,0
BRDA:156,29,1,29
BRDA:168,30,0,1
BRDA:168,30,1,28
BRDA:192,31,0,0
BRDA:192,31,1,29
BRDA:196,32,0,0
BRDA:196,32,1,29
BRDA:196,33,0,29
BRDA:196,33,1,0
BRDA:212,34,0,0
BRDA:212,34,1,29
BRF:70
BRH:39
end_of_record
TN:
SF:app/navigation/DeepLinkingController.tsx
FN:18,(anonymous_0)
FN:22,(anonymous_1)
FN:56,(anonymous_2)
FNF:3
FNH:3
FNDA:5,(anonymous_0)
FNDA:4,(anonymous_1)
FNDA:5,(anonymous_2)
DA:19,5
DA:22,5
DA:23,4
DA:24,1
DA:26,3
DA:28,3
DA:30,3
DA:31,0
DA:32,0
DA:33,0
DA:34,0
DA:36,0
DA:37,0
DA:40,3
DA:42,2
DA:43,2
DA:46,2
DA:47,1
DA:50,2
DA:51,1
DA:57,5
LF:21
LH:15
BRDA:23,0,0,1
BRDA:23,0,1,3
BRDA:30,1,0,0
BRDA:30,1,1,3
BRDA:31,2,0,0
BRDA:31,2,1,0
BRDA:40,3,0,1
BRDA:40,3,1,2
BRDA:42,4,0,2
BRDA:42,4,1,0
BRDA:42,5,0,2
BRDA:42,5,1,2
BRDA:42,5,2,2
BRDA:46,6,0,1
BRDA:46,6,1,1
BRDA:50,7,0,1
BRDA:50,7,1,1
BRF:17
BRH:13
end_of_record
TN:
SF:app/navigation/NavigationService.tsx
FN:7,navigate
FN:11,goBack
FN:14,reset
FNF:3
FNH:2
FNDA:13,navigate
FNDA:0,goBack
FNDA:2,reset
DA:5,9
DA:8,13
DA:12,0
DA:15,2
LF:4
LH:3
BRF:0
BRH:0
end_of_record
TN:
SF:app/navigation/UploadModal.tsx
FN:23,QrModel
FN:24,(anonymous_1)
FN:28,(anonymous_2)
FN:33,(anonymous_3)
FN:48,(anonymous_4)
FN:57,(anonymous_5)
FN:59,(anonymous_6)
FN:61,(anonymous_7)
FN:73,(anonymous_8)
FN:77,(anonymous_9)
FN:85,(anonymous_10)
FN:93,(anonymous_11)
FN:95,(anonymous_12)
FN:97,(anonymous_13)
FNF:14
FNH:1
FNDA:29,QrModel
FNDA:0,(anonymous_1)
FNDA:0,(anonymous_2)
FNDA:0,(anonymous_3)
FNDA:0,(anonymous_4)
FNDA:0,(anonymous_5)
FNDA:0,(anonymous_6)
FNDA:0,(anonymous_7)
FNDA:0,(anonymous_8)
FNDA:0,(anonymous_9)
FNDA:0,(anonymous_10)
FNDA:0,(anonymous_11)
FNDA:0,(anonymous_12)
FNDA:0,(anonymous_13)
DA:24,29
DA:25,0
DA:27,29
DA:28,29
DA:29,0
DA:34,0
DA:38,0
DA:45,0
DA:49,0
DA:50,0
DA:51,0
DA:52,0
DA:57,29
DA:58,0
DA:59,0
DA:60,0
DA:61,0
DA:62,0
DA:63,0
DA:65,0
DA:69,0
DA:73,29
DA:74,0
DA:78,0
DA:86,0
DA:87,0
DA:88,0
DA:89,0
DA:93,29
DA:94,0
DA:95,0
DA:96,0
DA:97,0
DA:98,0
DA:99,0
DA:101,0
DA:105,0
DA:110,29
DA:148,3
LF:39
LH:8
BRDA:34,0,0,0
BRDA:34,0,1,0
BRDA:35,1,0,0
BRDA:35,1,1,0
BRDA:49,2,0,0
BRDA:49,2,1,0
BRDA:51,3,0,0
BRDA:51,3,1,0
BRDA:60,4,0,0
BRDA:60,4,1,0
BRDA:62,5,0,0
BRDA:62,5,1,0
BRDA:86,6,0,0
BRDA:86,6,1,0
BRDA:88,7,0,0
BRDA:88,7,1,0
BRDA:96,8,0,0
BRDA:96,8,1,0
BRDA:98,9,0,0
BRDA:98,9,1,0
BRF:20
BRH:0
end_of_record
TN:
SF:app/navigation/VersionCheckController.tsx
FN:15,(anonymous_0)
FN:22,(anonymous_1)
FN:32,(anonymous_2)
FN:40,(anonymous_3)
FN:44,(anonymous_4)
FN:50,(anonymous_5)
FNF:6
FNH:4
FNDA:5,(anonymous_0)
FNDA:5,(anonymous_1)
FNDA:0,(anonymous_2)
FNDA:1,(anonymous_3)
FNDA:0,(anonymous_4)
FNDA:7,(anonymous_5)
DA:7,1
DA:16,5
DA:17,5
DA:23,5
DA:24,4
DA:25,4
DA:26,2
DA:33,0
DA:34,0
DA:40,5
DA:41,1
DA:44,5
DA:45,0
DA:51,7
DA:53,7
DA:54,2
DA:79,1
LF:17
LH:14
BRDA:25,0,0,2
BRDA:25,0,1,2
BRDA:53,1,0,5
BRDA:53,1,1,2
BRF:4
BRH:4
end_of_record
TN:
SF:app/screens/About/index.tsx
FN:19,(anonymous_0)
FNF:1
FNH:1
FNDA:1,(anonymous_0)
DA:16,1
DA:17,1
DA:19,1
DA:20,1
LF:4
LH:4
BRF:0
BRH:0
end_of_record
TN:
SF:app/screens/About/style.ts
FNF:0
FNH:0
DA:5,1
LF:1
LH:1
BRF:0
BRH:0
end_of_record
TN:
SF:app/screens/AllUser/index.tsx
FN:27,AllUser
FN:31,(anonymous_1)
FN:48,(anonymous_2)
FN:68,(anonymous_3)
FN:80,(anonymous_4)
FN:88,(anonymous_5)
FN:97,(anonymous_6)
FN:108,(anonymous_7)
FN:114,(anonymous_8)
FN:117,(anonymous_9)
FN:132,(anonymous_10)
FN:145,(anonymous_11)
FN:147,(anonymous_12)
FN:157,(anonymous_13)
FN:165,(anonymous_14)
FN:175,(anonymous_15)
FN:180,(anonymous_16)
FN:187,(anonymous_17)
FN:199,(anonymous_18)
FN:203,(anonymous_19)
FN:219,(anonymous_20)
FN:248,(anonymous_21)
FNF:22
FNH:2
FNDA:1,AllUser
FNDA:1,(anonymous_1)
FNDA:0,(anonymous_2)
FNDA:0,(anonymous_3)
FNDA:0,(anonymous_4)
FNDA:0,(anonymous_5)
FNDA:0,(anonymous_6)
FNDA:0,(anonymous_7)
FNDA:0,(anonymous_8)
FNDA:0,(anonymous_9)
FNDA:0,(anonymous_10)
FNDA:0,(anonymous_11)
FNDA:0,(anonymous_12)
FNDA:0,(anonymous_13)
FNDA:0,(anonymous_14)
FNDA:0,(anonymous_15)
FNDA:0,(anonymous_16)
FNDA:0,(anonymous_17)
FNDA:0,(anonymous_18)
FNDA:0,(anonymous_19)
FNDA:0,(anonymous_20)
FNDA:0,(anonymous_21)
DA:28,1
DA:29,1
DA:30,1
DA:31,1
DA:32,1
DA:33,1
DA:34,1
DA:35,1
DA:39,1
DA:47,1
DA:50,0
DA:51,0
DA:52,0
DA:53,0
DA:54,0
DA:57,0
DA:68,1
DA:69,0
DA:70,0
DA:71,0
DA:72,0
DA:73,0
DA:75,0
DA:76,0
DA:80,1
DA:81,0
DA:82,0
DA:83,0
DA:85,0
DA:88,1
DA:89,0
DA:90,0
DA:91,0
DA:93,0
DA:94,0
DA:96,0
DA:97,0
DA:101,0
DA:102,0
DA:104,0
DA:108,1
DA:109,0
DA:110,0
DA:111,0
DA:114,1
DA:115,0
DA:118,0
DA:132,1
DA:133,0
DA:134,0
DA:135,0
DA:136,0
DA:145,1
DA:146,0
DA:147,0
DA:148,0
DA:157,1
DA:158,0
DA:165,0
DA:176,0
DA:177,0
DA:188,0
DA:199,0
DA:204,0
DA:220,0
DA:246,1
DA:249,0
DA:250,0
DA:251,0
DA:252,0
LF:70
LH:19
BRDA:28,0,0,0
BRDA:50,1,0,0
BRDA:50,1,1,0
BRDA:72,2,0,0
BRDA:72,2,1,0
BRDA:72,3,0,0
BRDA:72,3,1,0
BRDA:75,4,0,0
BRDA:75,4,1,0
BRDA:81,5,0,0
BRDA:81,5,1,0
BRDA:89,6,0,0
BRDA:89,6,1,0
BRDA:89,7,0,0
BRDA:89,7,1,0
BRDA:90,8,0,0
BRDA:90,8,1,0
BRDA:93,9,0,0
BRDA:93,9,1,0
BRDA:93,10,0,0
BRDA:93,10,1,0
BRDA:96,11,0,0
BRDA:96,11,1,0
BRDA:101,12,0,0
BRDA:101,12,1,0
BRDA:109,13,0,0
BRDA:109,13,1,0
BRDA:146,14,0,0
BRDA:146,14,1,0
BRDA:146,15,0,0
BRDA:146,15,1,0
BRDA:176,16,0,0
BRDA:176,16,1,0
BRDA:193,17,0,0
BRDA:193,17,1,0
BRDA:213,18,0,0
BRDA:213,18,1,0
BRDA:213,19,0,0
BRDA:213,19,1,0
BRDA:229,20,0,0
BRDA:229,20,1,0
BRDA:229,21,0,0
BRDA:229,21,1,0
BRDA:258,22,0,0
BRDA:258,22,1,1
BRDA:260,23,0,0
BRDA:260,23,1,1
BRF:47
BRH:2
end_of_record
TN:
SF:app/screens/AllUser/styles.ts
FNF:0
FNH:0
DA:3,1
LF:1
LH:1
BRF:0
BRH:0
end_of_record
TN:
SF:app/screens/AllUser/components/ProfileView.tsx
FN:16,ProfileView
FNF:1
FNH:0
FNDA:0,ProfileView
DA:17,0
DA:33,1
LF:2
LH:1
BRDA:20,0,0,0
BRDA:20,0,1,0
BRDA:26,1,0,0
BRDA:26,1,1,0
BRF:4
BRH:0
end_of_record
TN:
SF:app/screens/ChangeNumber/index.tsx
FN:25,(anonymous_0)
FN:27,(anonymous_1)
FN:29,(anonymous_2)
FN:32,(anonymous_3)
FN:53,(anonymous_4)
FN:64,(anonymous_5)
FN:72,(anonymous_6)
FN:77,(anonymous_7)
FN:93,(anonymous_8)
FN:106,(anonymous_9)
FN:139,(anonymous_10)
FN:205,(anonymous_11)
FN:218,(anonymous_12)
FN:233,(anonymous_13)
FN:277,(anonymous_14)
FN:286,(anonymous_15)
FNF:16
FNH:4
FNDA:1,(anonymous_0)
FNDA:1,(anonymous_1)
FNDA:1,(anonymous_2)
FNDA:1,(anonymous_3)
FNDA:0,(anonymous_4)
FNDA:0,(anonymous_5)
FNDA:0,(anonymous_6)
FNDA:0,(anonymous_7)
FNDA:0,(anonymous_8)
FNDA:0,(anonymous_9)
FNDA:0,(anonymous_10)
FNDA:0,(anonymous_11)
FNDA:0,(anonymous_12)
FNDA:0,(anonymous_13)
FNDA:0,(anonymous_14)
FNDA:0,(anonymous_15)
DA:25,1
DA:26,1
DA:27,1
DA:29,1
DA:31,1
DA:32,1
DA:33,1
DA:34,1
DA:35,1
DA:36,1
DA:37,1
DA:39,1
DA:40,1
DA:41,1
DA:45,1
DA:53,1
DA:54,0
DA:55,0
DA:56,0
DA:57,0
DA:58,0
DA:59,0
DA:60,0
DA:64,1
DA:65,0
DA:67,0
DA:68,0
DA:69,0
DA:72,0
DA:79,0
DA:89,0
DA:93,1
DA:94,0
DA:95,0
DA:96,0
DA:97,0
DA:98,0
DA:99,0
DA:100,0
DA:101,0
DA:103,0
DA:106,1
DA:107,0
DA:108,0
DA:114,0
DA:125,0
DA:128,1
DA:129,1
DA:140,0
DA:141,0
DA:143,0
DA:206,0
DA:219,0
DA:220,0
DA:234,0
DA:235,0
DA:278,0
DA:287,0
LF:58
LH:21
BRDA:54,0,0,0
BRDA:54,0,1,0
BRDA:67,1,0,0
BRDA:67,1,1,0
BRDA:94,2,0,0
BRDA:94,2,1,0
BRDA:96,3,0,0
BRDA:96,3,1,0
BRDA:96,4,0,0
BRDA:96,4,1,0
BRDA:99,5,0,0
BRDA:99,5,1,0
BRDA:101,6,0,0
BRDA:101,6,1,0
BRDA:107,7,0,0
BRDA:107,7,1,0
BRDA:140,8,0,0
BRDA:140,8,1,0
BRDA:162,9,0,1
BRDA:162,9,1,1
BRDA:172,10,0,0
BRDA:172,10,1,1
BRDA:181,11,0,0
BRDA:181,11,1,1
BRDA:193,12,0,1
BRDA:193,12,1,0
BRDA:223,13,0,1
BRDA:223,13,1,0
BRDA:229,14,0,1
BRDA:229,14,1,0
BRDA:254,15,0,0
BRDA:254,15,1,0
BRDA:308,16,0,0
BRDA:308,16,1,1
BRF:34
BRH:8
end_of_record
TN:
SF:app/screens/ChangeNumber/styles.ts
FNF:0
FNH:0
DA:9,1
LF:1
LH:1
BRF:0
BRH:0
end_of_record
TN:
SF:app/screens/CohartLoginCode/index.tsx
FN:18,(anonymous_0)
FN:22,(anonymous_1)
FN:23,(anonymous_2)
FN:36,(anonymous_3)
FNF:4
FNH:2
FNDA:1,(anonymous_0)
FNDA:1,(anonymous_1)
FNDA:0,(anonymous_2)
FNDA:0,(anonymous_3)
DA:18,1
DA:19,1
DA:20,1
DA:22,1
DA:23,1
DA:24,0
DA:33,0
DA:36,1
DA:37,0
DA:42,0
DA:46,1
LF:11
LH:7
BRDA:59,0,0,0
BRDA:59,0,1,1
BRDA:78,1,0,0
BRDA:78,1,1,1
BRDA:78,2,0,1
BRDA:78,2,1,0
BRF:6
BRH:3
end_of_record
TN:
SF:app/screens/CohartLoginCode/styles.ts
FNF:0
FNH:0
DA:6,1
LF:1
LH:1
BRF:0
BRH:0
end_of_record
TN:
SF:app/screens/ContactAndFeedBack/index.tsx
FN:26,Contact
FN:35,(anonymous_1)
FN:45,(anonymous_2)
FN:53,(anonymous_3)
FN:74,(anonymous_4)
FN:82,(anonymous_5)
FN:90,ValidateEmail
FN:133,(anonymous_7)
FN:144,(anonymous_8)
FN:170,(anonymous_9)
FNF:10
FNH:10
FNDA:9,Contact
FNDA:2,(anonymous_1)
FNDA:1,(anonymous_2)
FNDA:4,(anonymous_3)
FNDA:2,(anonymous_4)
FNDA:1,(anonymous_5)
FNDA:7,ValidateEmail
FNDA:1,(anonymous_7)
FNDA:1,(anonymous_8)
FNDA:1,(anonymous_9)
DA:27,9
DA:28,8
DA:29,8
DA:30,8
DA:31,8
DA:32,8
DA:33,8
DA:35,8
DA:36,2
DA:37,2
DA:38,2
DA:39,2
DA:40,2
DA:41,2
DA:45,8
DA:46,1
DA:47,0
DA:49,1
DA:51,1
DA:53,8
DA:54,4
DA:55,4
DA:56,4
DA:62,3
DA:63,3
DA:68,3
DA:75,2
DA:76,2
DA:77,1
DA:79,1
DA:83,1
DA:87,0
DA:91,7
DA:96,6
DA:98,1
DA:100,8
DA:134,1
DA:145,1
DA:146,1
DA:147,1
DA:171,1
LF:41
LH:39
BRDA:36,0,0,2
BRDA:36,0,1,0
BRDA:46,1,0,0
BRDA:46,1,1,1
BRDA:56,2,0,3
BRDA:56,2,1,1
BRDA:57,3,0,4
BRDA:57,3,1,3
BRDA:57,3,2,3
BRDA:57,3,3,3
BRDA:76,4,0,1
BRDA:76,4,1,1
BRDA:91,5,0,6
BRDA:91,5,1,1
BRDA:125,6,0,7
BRDA:125,6,1,1
BRDA:146,7,0,1
BRDA:146,7,1,0
BRDA:152,8,0,7
BRDA:152,8,1,2
BRDA:185,9,0,5
BRDA:185,9,1,2
BRDA:185,10,0,7
BRDA:185,10,1,4
BRDA:185,10,2,3
BRDA:197,11,0,5
BRDA:197,11,1,2
BRDA:197,12,0,7
BRDA:197,12,1,4
BRDA:197,12,2,3
BRF:30
BRH:27
end_of_record
TN:
SF:app/screens/ContactAndFeedBack/style.ts
FNF:0
FNH:0
DA:5,1
LF:1
LH:1
BRF:0
BRH:0
end_of_record
TN:
SF:app/screens/EditProfile/EditProfile.tsx
FN:72,(anonymous_0)
FN:80,(anonymous_1)
FN:85,(anonymous_2)
FN:96,(anonymous_3)
FN:99,(anonymous_4)
FN:105,(anonymous_5)
FN:112,(anonymous_6)
FN:121,(anonymous_7)
FN:130,(anonymous_8)
FN:132,(anonymous_9)
FN:167,(anonymous_10)
FN:171,(anonymous_11)
FN:180,(anonymous_12)
FN:191,(anonymous_13)
FN:196,(anonymous_14)
FN:201,(anonymous_15)
FN:243,(anonymous_16)
FN:244,(anonymous_17)
FN:264,(anonymous_18)
FNF:19
FNH:10
FNDA:18,(anonymous_0)
FNDA:0,(anonymous_1)
FNDA:9,(anonymous_2)
FNDA:0,(anonymous_3)
FNDA:2,(anonymous_4)
FNDA:2,(anonymous_5)
FNDA:0,(anonymous_6)
FNDA:0,(anonymous_7)
FNDA:0,(anonymous_8)
FNDA:0,(anonymous_9)
FNDA:1,(anonymous_10)
FNDA:2,(anonymous_11)
FNDA:2,(anonymous_12)
FNDA:2,(anonymous_13)
FNDA:1,(anonymous_14)
FNDA:72,(anonymous_15)
FNDA:0,(anonymous_16)
FNDA:0,(anonymous_17)
FNDA:0,(anonymous_18)
DA:53,1
DA:72,1
DA:73,18
DA:74,18
DA:75,18
DA:76,18
DA:77,18
DA:79,18
DA:80,18
DA:82,18
DA:84,18
DA:85,18
DA:86,9
DA:89,18
DA:96,18
DA:97,0
DA:99,18
DA:100,2
DA:106,2
DA:107,2
DA:109,2
DA:110,2
DA:113,0
DA:114,0
DA:115,0
DA:121,18
DA:122,0
DA:130,18
DA:132,18
DA:133,0
DA:134,0
DA:141,0
DA:142,0
DA:150,0
DA:151,0
DA:158,0
DA:166,18
DA:167,18
DA:168,1
DA:171,18
DA:172,2
DA:179,2
DA:181,2
DA:183,2
DA:184,2
DA:185,1
DA:187,1
DA:192,2
DA:196,18
DA:197,1
DA:198,1
DA:201,72
DA:203,18
DA:243,0
DA:244,0
DA:264,0
LF:56
LH:41
BRDA:113,0,0,0
BRDA:113,0,1,0
BRDA:115,1,0,0
BRDA:115,1,1,0
BRDA:125,2,0,0
BRDA:125,2,1,0
BRDA:133,3,0,0
BRDA:133,3,1,0
BRDA:141,4,0,0
BRDA:141,4,1,0
BRDA:150,5,0,0
BRDA:150,5,1,0
BRDA:166,6,0,0
BRDA:166,6,1,18
BRDA:184,7,0,1
BRDA:184,7,1,1
BRDA:229,8,0,4
BRDA:229,8,1,14
BRDA:237,9,0,0
BRDA:237,9,1,18
BRDA:240,10,0,18
BRDA:240,10,1,0
BRDA:247,11,0,18
BRDA:247,11,1,0
BRDA:269,12,0,18
BRDA:269,12,1,18
BRF:26
BRH:10
end_of_record
TN:
SF:app/screens/EditProfile/style.tsx
FNF:0
FNH:0
DA:9,1
LF:1
LH:1
BRDA:73,0,0,0
BRDA:73,0,1,1
BRDA:74,1,0,0
BRDA:74,1,1,1
BRF:4
BRH:2
end_of_record
TN:
SF:app/screens/EditProfile/components/AboutMe/AboutMe.tsx
FN:22,(anonymous_0)
FN:26,(anonymous_1)
FN:51,(anonymous_2)
FN:53,(anonymous_3)
FN:64,(anonymous_4)
FN:73,(anonymous_5)
FN:78,(anonymous_6)
FN:82,(anonymous_7)
FN:92,(anonymous_8)
FN:98,(anonymous_9)
FN:99,(anonymous_10)
FN:104,(anonymous_11)
FN:104,(anonymous_12)
FN:112,(anonymous_13)
FN:150,(anonymous_14)
FN:159,(anonymous_15)
FN:166,(anonymous_16)
FN:170,(anonymous_17)
FN:171,(anonymous_18)
FNF:19
FNH:2
FNDA:1,(anonymous_0)
FNDA:0,(anonymous_1)
FNDA:0,(anonymous_2)
FNDA:0,(anonymous_3)
FNDA:0,(anonymous_4)
FNDA:0,(anonymous_5)
FNDA:0,(anonymous_6)
FNDA:0,(anonymous_7)
FNDA:0,(anonymous_8)
FNDA:0,(anonymous_9)
FNDA:0,(anonymous_10)
FNDA:6,(anonymous_11)
FNDA:0,(anonymous_12)
FNDA:0,(anonymous_13)
FNDA:0,(anonymous_14)
FNDA:0,(anonymous_15)
FNDA:0,(anonymous_16)
FNDA:0,(anonymous_17)
FNDA:0,(anonymous_18)
DA:22,2
DA:26,1
DA:28,1
DA:29,1
DA:30,1
DA:33,1
DA:36,1
DA:39,1
DA:42,1
DA:45,1
DA:48,1
DA:49,1
DA:51,1
DA:52,0
DA:53,0
DA:54,0
DA:55,0
DA:57,0
DA:59,0
DA:65,0
DA:73,0
DA:74,0
DA:75,0
DA:79,0
DA:80,0
DA:83,0
DA:84,0
DA:87,0
DA:88,0
DA:92,1
DA:93,0
DA:98,0
DA:99,0
DA:101,0
DA:104,6
DA:105,0
DA:113,0
DA:116,0
DA:117,0
DA:118,0
DA:120,0
DA:121,0
DA:123,0
DA:124,0
DA:126,0
DA:127,0
DA:129,0
DA:130,0
DA:132,0
DA:133,0
DA:135,0
DA:136,0
DA:138,0
DA:141,0
DA:148,0
DA:151,0
DA:152,0
DA:153,0
DA:159,1
DA:160,0
DA:161,0
DA:163,0
DA:166,1
DA:167,0
DA:168,0
DA:169,0
DA:170,0
DA:171,0
DA:173,0
DA:176,1
LF:70
LH:18
BRDA:28,0,0,1
BRDA:28,0,1,1
BRDA:54,1,0,0
BRDA:54,1,1,0
BRDA:118,2,0,0
BRDA:118,2,1,0
BRDA:118,2,2,0
BRDA:118,2,3,0
BRDA:118,2,4,0
BRDA:118,2,5,0
BRDA:118,2,6,0
BRDA:151,3,0,0
BRDA:151,3,1,0
BRDA:153,4,0,0
BRDA:153,4,1,0
BRDA:160,5,0,0
BRDA:160,5,1,0
BRDA:160,6,0,0
BRDA:160,6,1,0
BRDA:171,7,0,0
BRDA:171,7,1,0
BRDA:210,8,0,0
BRDA:210,8,1,1
BRF:23
BRH:3
end_of_record
TN:
SF:app/screens/EditProfile/components/AboutMe/styles.tsx
FNF:0
FNH:0
DA:5,2
LF:1
LH:1
BRF:0
BRH:0
end_of_record
TN:
SF:app/screens/EditProfile/components/AboutMe/components/AboutMeImages.tsx
FN:27,AboutMeImages
FNF:1
FNH:1
FNDA:2,AboutMeImages
DA:37,2
DA:39,2
DA:40,2
LF:3
LH:3
BRDA:29,0,0,1
BRDA:30,1,0,1
BRDA:31,2,0,1
BRDA:32,3,0,1
BRDA:33,4,0,1
BRDA:34,5,0,1
BRDA:49,6,0,0
BRDA:49,6,1,2
BRDA:53,7,0,0
BRDA:53,7,1,2
BRDA:63,8,0,0
BRDA:63,8,1,2
BRDA:67,9,0,0
BRDA:67,9,1,2
BRDA:77,10,0,0
BRDA:77,10,1,2
BRDA:81,11,0,0
BRDA:81,11,1,2
BRDA:91,12,0,0
BRDA:91,12,1,2
BRDA:95,13,0,0
BRDA:95,13,1,2
BRDA:105,14,0,0
BRDA:105,14,1,2
BRDA:109,15,0,0
BRDA:109,15,1,2
BRDA:120,16,0,0
BRDA:120,16,1,2
BRDA:124,17,0,0
BRDA:124,17,1,2
BRF:30
BRH:18
end_of_record
TN:
SF:app/screens/EditProfile/components/AboutMe/components/style.tsx
FNF:0
FNH:0
DA:4,3
LF:1
LH:1
BRF:0
BRH:0
end_of_record
TN:
SF:app/screens/EditProfile/components/More/More.tsx
FN:22,(anonymous_0)
FN:24,(anonymous_1)
FN:29,(anonymous_2)
FN:33,(anonymous_3)
FN:53,(anonymous_4)
FN:55,(anonymous_5)
FN:55,(anonymous_6)
FN:56,(anonymous_7)
FN:56,(anonymous_8)
FN:58,(anonymous_9)
FN:58,(anonymous_10)
FN:59,(anonymous_11)
FN:59,(anonymous_12)
FN:61,(anonymous_13)
FN:64,(anonymous_14)
FN:68,(anonymous_15)
FN:74,(anonymous_16)
FN:75,(anonymous_17)
FN:84,(anonymous_18)
FN:85,(anonymous_19)
FN:95,(anonymous_20)
FN:104,(anonymous_21)
FN:133,(anonymous_22)
FN:142,(anonymous_23)
FN:190,(anonymous_24)
FNF:25
FNH:14
FNDA:26,(anonymous_0)
FNDA:0,(anonymous_1)
FNDA:13,(anonymous_2)
FNDA:0,(anonymous_3)
FNDA:0,(anonymous_4)
FNDA:5,(anonymous_5)
FNDA:1,(anonymous_6)
FNDA:1,(anonymous_7)
FNDA:3,(anonymous_8)
FNDA:5,(anonymous_9)
FNDA:1,(anonymous_10)
FNDA:1,(anonymous_11)
FNDA:3,(anonymous_12)
FNDA:0,(anonymous_13)
FNDA:0,(anonymous_14)
FNDA:0,(anonymous_15)
FNDA:0,(anonymous_16)
FNDA:0,(anonymous_17)
FNDA:0,(anonymous_18)
FNDA:0,(anonymous_19)
FNDA:18,(anonymous_20)
FNDA:3,(anonymous_21)
FNDA:18,(anonymous_22)
FNDA:3,(anonymous_23)
FNDA:0,(anonymous_24)
DA:22,2
DA:23,26
DA:24,0
DA:26,26
DA:29,2
DA:33,13
DA:34,13
DA:36,13
DA:37,13
DA:39,13
DA:43,13
DA:47,13
DA:51,13
DA:53,13
DA:55,13
DA:56,3
DA:58,13
DA:59,3
DA:61,13
DA:62,0
DA:64,0
DA:65,0
DA:68,0
DA:69,0
DA:72,0
DA:74,0
DA:75,0
DA:80,0
DA:81,0
DA:83,0
DA:84,0
DA:85,0
DA:87,0
DA:88,0
DA:91,13
DA:96,18
DA:105,3
DA:106,0
DA:108,3
DA:109,3
DA:110,3
DA:111,3
DA:113,0
DA:134,18
DA:143,3
DA:144,0
DA:146,3
DA:147,3
DA:148,3
DA:149,3
DA:150,0
DA:151,0
DA:153,3
DA:155,0
DA:191,0
DA:192,0
DA:194,0
LF:57
LH:32
BRDA:23,0,0,0
BRDA:23,0,1,26
BRDA:40,1,0,0
BRDA:40,1,1,13
BRDA:44,2,0,0
BRDA:44,2,1,13
BRDA:48,3,0,0
BRDA:48,3,1,13
BRDA:51,4,0,13
BRDA:51,4,1,13
BRDA:65,5,0,0
BRDA:65,5,1,0
BRDA:69,6,0,0
BRDA:69,6,1,0
BRDA:85,7,0,0
BRDA:85,7,1,0
BRDA:105,8,0,0
BRDA:105,8,1,3
BRDA:105,9,0,3
BRDA:105,9,1,0
BRDA:110,10,0,3
BRDA:110,10,1,0
BRDA:117,11,0,18
BRDA:117,11,1,5
BRDA:143,12,0,0
BRDA:143,12,1,3
BRDA:143,13,0,3
BRDA:143,13,1,0
BRDA:148,14,0,3
BRDA:148,14,1,0
BRDA:149,15,0,0
BRDA:149,15,1,3
BRDA:159,16,0,18
BRDA:159,16,1,5
BRDA:171,17,0,13
BRDA:171,17,1,0
BRDA:191,18,0,0
BRDA:191,18,1,0
BRDA:191,19,0,0
BRDA:191,19,1,0
BRDA:208,20,0,0
BRDA:208,20,1,13
BRDA:213,21,0,0
BRDA:213,21,1,13
BRDA:216,22,0,0
BRDA:216,22,1,13
BRDA:236,23,0,0
BRDA:236,23,1,13
BRF:48
BRH:22
end_of_record
TN:
SF:app/screens/EditProfile/components/More/style.tsx
FNF:0
FNH:0
DA:5,2
LF:1
LH:1
BRF:0
BRH:0
end_of_record
TN:
SF:app/screens/EditProfile/components/MyDetails/MyDetails.tsx
FN:19,(anonymous_0)
FN:26,(anonymous_1)
FN:35,(anonymous_2)
FN:39,(anonymous_3)
FN:43,(anonymous_4)
FN:64,(anonymous_5)
FN:73,(anonymous_6)
FN:74,(anonymous_7)
FN:96,(anonymous_8)
FN:101,(anonymous_9)
FN:141,(anonymous_10)
FN:146,(anonymous_11)
FN:186,(anonymous_12)
FN:191,(anonymous_13)
FN:228,(anonymous_14)
FN:257,(anonymous_15)
FN:262,(anonymous_16)
FN:303,(anonymous_17)
FN:308,(anonymous_18)
FN:345,(anonymous_19)
FN:371,(anonymous_20)
FN:397,(anonymous_21)
FNF:22
FNH:1
FNDA:0,(anonymous_0)
FNDA:0,(anonymous_1)
FNDA:0,(anonymous_2)
FNDA:1,(anonymous_3)
FNDA:0,(anonymous_4)
FNDA:0,(anonymous_5)
FNDA:0,(anonymous_6)
FNDA:0,(anonymous_7)
FNDA:0,(anonymous_8)
FNDA:0,(anonymous_9)
FNDA:0,(anonymous_10)
FNDA:0,(anonymous_11)
FNDA:0,(anonymous_12)
FNDA:0,(anonymous_13)
FNDA:0,(anonymous_14)
FNDA:0,(anonymous_15)
FNDA:0,(anonymous_16)
FNDA:0,(anonymous_17)
FNDA:0,(anonymous_18)
FNDA:0,(anonymous_19)
FNDA:0,(anonymous_20)
FNDA:0,(anonymous_21)
DA:19,2
DA:21,0
DA:26,2
DA:27,0
DA:35,2
DA:36,0
DA:39,2
DA:43,1
DA:44,1
DA:45,1
DA:50,1
DA:64,1
DA:65,0
DA:66,0
DA:67,0
DA:68,0
DA:72,0
DA:73,0
DA:74,0
DA:76,0
DA:78,0
DA:79,0
DA:84,0
DA:88,1
DA:97,0
DA:102,0
DA:142,0
DA:147,0
DA:187,0
DA:192,0
DA:229,0
DA:258,0
DA:263,0
DA:304,0
DA:309,0
DA:346,0
DA:372,0
DA:398,0
LF:38
LH:10
BRDA:28,0,0,0
BRDA:28,0,1,0
BRDA:28,0,2,0
BRDA:28,0,3,0
BRDA:36,1,0,0
BRDA:36,1,1,0
BRDA:74,2,0,0
BRDA:74,2,1,0
BRDA:123,3,0,1
BRDA:123,3,1,0
BRDA:125,4,0,0
BRDA:125,4,1,0
BRDA:129,5,0,0
BRDA:129,5,1,0
BRDA:168,6,0,1
BRDA:168,6,1,0
BRDA:170,7,0,0
BRDA:170,7,1,0
BRDA:174,8,0,0
BRDA:174,8,1,0
BRDA:213,9,0,1
BRDA:213,9,1,0
BRDA:215,10,0,0
BRDA:215,10,1,0
BRDA:219,11,0,0
BRDA:219,11,1,0
BRDA:284,12,0,1
BRDA:284,12,1,0
BRDA:286,13,0,0
BRDA:286,13,1,0
BRDA:290,14,0,0
BRDA:290,14,1,0
BRDA:330,15,0,1
BRDA:330,15,1,0
BRDA:332,16,0,0
BRDA:332,16,1,0
BRDA:336,17,0,0
BRDA:336,17,1,0
BRDA:426,18,0,0
BRDA:426,18,1,1
BRF:40
BRH:6
end_of_record
TN:
SF:app/screens/EditProfile/components/MyDetails/style.tsx
FNF:0
FNH:0
DA:5,2
LF:1
LH:1
BRF:0
BRH:0
end_of_record
TN:
SF:app/screens/EditProfile/components/MyTags/MyTags.tsx
FN:22,(anonymous_0)
FN:33,(anonymous_1)
FN:39,(anonymous_2)
FN:44,(anonymous_3)
FN:57,(anonymous_4)
FN:70,(anonymous_5)
FN:86,(anonymous_6)
FN:92,(anonymous_7)
FN:93,(anonymous_8)
FN:95,(anonymous_9)
FN:96,(anonymous_10)
FN:98,(anonymous_11)
FN:99,(anonymous_12)
FN:103,(anonymous_13)
FN:104,(anonymous_14)
FN:116,(anonymous_15)
FN:145,(anonymous_16)
FN:174,(anonymous_17)
FNF:18
FNH:0
FNDA:0,(anonymous_0)
FNDA:0,(anonymous_1)
FNDA:0,(anonymous_2)
FNDA:0,(anonymous_3)
FNDA:0,(anonymous_4)
FNDA:0,(anonymous_5)
FNDA:0,(anonymous_6)
FNDA:0,(anonymous_7)
FNDA:0,(anonymous_8)
FNDA:0,(anonymous_9)
FNDA:0,(anonymous_10)
FNDA:0,(anonymous_11)
FNDA:0,(anonymous_12)
FNDA:0,(anonymous_13)
FNDA:0,(anonymous_14)
FNDA:0,(anonymous_15)
FNDA:0,(anonymous_16)
FNDA:0,(anonymous_17)
DA:22,1
DA:27,0
DA:29,0
DA:30,0
DA:33,0
DA:39,0
DA:40,0
DA:41,0
DA:42,0
DA:44,0
DA:45,0
DA:46,0
DA:51,0
DA:53,0
DA:54,0
DA:55,0
DA:57,0
DA:58,0
DA:59,0
DA:64,0
DA:66,0
DA:67,0
DA:68,0
DA:70,0
DA:71,0
DA:72,0
DA:77,0
DA:79,0
DA:82,0
DA:83,0
DA:86,0
DA:87,0
DA:89,0
DA:92,0
DA:93,0
DA:95,0
DA:96,0
DA:98,0
DA:99,0
DA:101,0
DA:102,0
DA:103,0
DA:104,0
DA:106,0
DA:107,0
DA:110,0
DA:117,0
DA:146,0
DA:175,0
LF:49
LH:1
BRDA:41,0,0,0
BRDA:41,0,1,0
BRDA:42,1,0,0
BRDA:42,1,1,0
BRDA:45,2,0,0
BRDA:45,2,1,0
BRDA:54,3,0,0
BRDA:54,3,1,0
BRDA:55,4,0,0
BRDA:55,4,1,0
BRDA:58,5,0,0
BRDA:58,5,1,0
BRDA:67,6,0,0
BRDA:67,6,1,0
BRDA:68,7,0,0
BRDA:68,7,1,0
BRDA:71,8,0,0
BRDA:71,8,1,0
BRDA:104,9,0,0
BRDA:104,9,1,0
BRDA:122,10,0,0
BRDA:122,10,1,0
BRDA:125,11,0,0
BRDA:125,11,1,0
BRDA:133,12,0,0
BRDA:133,12,1,0
BRDA:151,13,0,0
BRDA:151,13,1,0
BRDA:154,14,0,0
BRDA:154,14,1,0
BRDA:162,15,0,0
BRDA:162,15,1,0
BRDA:180,16,0,0
BRDA:180,16,1,0
BRDA:183,17,0,0
BRDA:183,17,1,0
BRDA:191,18,0,0
BRDA:191,18,1,0
BRDA:202,19,0,0
BRDA:202,19,1,0
BRF:40
BRH:0
end_of_record
TN:
SF:app/screens/EditProfile/components/MyTags/style.tsx
FNF:0
FNH:0
DA:5,1
LF:1
LH:1
BRF:0
BRH:0
end_of_record
TN:
SF:app/screens/EditProfile/components/QrModal/QrModal.tsx
FN:23,QrModel
FN:24,(anonymous_1)
FN:30,(anonymous_2)
FN:34,(anonymous_3)
FN:39,(anonymous_4)
FN:58,(anonymous_5)
FNF:6
FNH:4
FNDA:16,QrModel
FNDA:0,(anonymous_1)
FNDA:10,(anonymous_2)
FNDA:5,(anonymous_3)
FNDA:1,(anonymous_4)
FNDA:0,(anonymous_5)
DA:24,16
DA:25,0
DA:27,16
DA:28,16
DA:30,16
DA:31,10
DA:32,1
DA:34,10
DA:35,5
DA:39,16
DA:40,1
DA:41,1
DA:42,1
DA:48,1
DA:49,1
DA:51,1
DA:53,0
DA:54,0
DA:58,16
DA:59,0
DA:74,0
DA:79,0
DA:87,0
DA:88,0
DA:94,0
DA:101,0
DA:107,0
DA:110,16
DA:206,1
LF:29
LH:18
BRDA:31,0,0,1
BRDA:31,0,1,9
BRDA:87,1,0,0
BRDA:87,1,1,0
BRDA:143,2,0,14
BRDA:143,2,1,2
BRDA:153,3,0,1
BRDA:153,3,1,1
BRF:8
BRH:6
end_of_record
TN:
SF:app/screens/FansScreen/index.tsx
FN:14,(anonymous_0)
FN:24,(anonymous_1)
FN:30,(anonymous_2)
FN:48,(anonymous_3)
FN:61,(anonymous_4)
FN:62,(anonymous_5)
FN:71,(anonymous_6)
FN:72,(anonymous_7)
FN:81,(anonymous_8)
FN:89,(anonymous_9)
FN:92,(anonymous_10)
FN:105,(anonymous_11)
FN:110,(anonymous_12)
FN:113,(anonymous_13)
FN:123,(anonymous_14)
FN:134,(anonymous_15)
FN:148,(anonymous_16)
FNF:17
FNH:3
FNDA:1,(anonymous_0)
FNDA:0,(anonymous_1)
FNDA:0,(anonymous_2)
FNDA:0,(anonymous_3)
FNDA:0,(anonymous_4)
FNDA:0,(anonymous_5)
FNDA:0,(anonymous_6)
FNDA:0,(anonymous_7)
FNDA:0,(anonymous_8)
FNDA:0,(anonymous_9)
FNDA:0,(anonymous_10)
FNDA:0,(anonymous_11)
FNDA:0,(anonymous_12)
FNDA:0,(anonymous_13)
FNDA:1,(anonymous_14)
FNDA:1,(anonymous_15)
FNDA:0,(anonymous_16)
DA:14,1
DA:15,1
DA:16,1
DA:17,1
DA:18,1
DA:19,1
DA:20,1
DA:21,1
DA:22,1
DA:23,1
DA:24,1
DA:25,0
DA:26,0
DA:27,0
DA:28,0
DA:30,1
DA:31,0
DA:32,0
DA:39,0
DA:40,0
DA:41,0
DA:43,0
DA:45,0
DA:48,1
DA:49,0
DA:50,0
DA:51,0
DA:52,0
DA:58,0
DA:60,0
DA:61,0
DA:62,0
DA:64,0
DA:67,0
DA:68,0
DA:71,1
DA:72,0
DA:73,0
DA:74,0
DA:75,0
DA:76,0
DA:77,0
DA:81,1
DA:82,0
DA:83,0
DA:84,0
DA:85,0
DA:86,0
DA:89,1
DA:90,0
DA:92,1
DA:93,0
DA:94,0
DA:95,0
DA:99,1
DA:111,0
DA:124,1
DA:135,1
DA:148,0
LF:59
LH:20
BRDA:40,0,0,0
BRDA:40,0,1,0
BRDA:50,1,0,0
BRDA:50,1,1,0
BRDA:50,2,0,0
BRDA:50,2,1,0
BRDA:60,3,0,0
BRDA:60,3,1,0
BRDA:60,4,0,0
BRDA:60,4,1,0
BRDA:82,5,0,0
BRDA:82,5,1,0
BRDA:93,6,0,0
BRDA:93,6,1,0
BRDA:126,7,0,1
BRDA:126,7,1,0
BRDA:126,8,0,1
BRDA:126,8,1,1
BRDA:137,9,0,0
BRDA:137,9,1,1
BRDA:137,10,0,1
BRDA:137,10,1,0
BRDA:137,10,2,0
BRF:23
BRH:5
end_of_record
TN:
SF:app/screens/FansScreen/styles.ts
FNF:0
FNH:0
DA:6,1
LF:1
LH:1
BRF:0
BRH:0
end_of_record
TN:
SF:app/screens/FansScreen/components/Friend.tsx
FN:31,Friend
FN:34,(anonymous_1)
FN:36,(anonymous_2)
FNF:3
FNH:0
FNDA:0,Friend
FNDA:0,(anonymous_1)
FNDA:0,(anonymous_2)
DA:32,0
DA:33,0
DA:34,0
DA:36,0
DA:37,0
DA:38,0
DA:47,0
DA:52,0
DA:67,1
LF:9
LH:1
BRDA:37,0,0,0
BRDA:37,0,1,0
BRDA:57,1,0,0
BRDA:57,1,1,0
BRF:4
BRH:0
end_of_record
TN:
SF:app/screens/FeatureSnapshot/index.tsx
FN:12,(anonymous_0)
FN:17,(anonymous_1)
FN:22,(anonymous_2)
FN:34,(anonymous_3)
FN:37,(anonymous_4)
FN:54,(anonymous_5)
FNF:6
FNH:6
FNDA:18,(anonymous_0)
FNDA:3,(anonymous_1)
FNDA:5,(anonymous_2)
FNDA:3,(anonymous_3)
FNDA:10,(anonymous_4)
FNDA:3,(anonymous_5)
DA:12,1
DA:13,18
DA:14,17
DA:15,17
DA:16,17
DA:17,17
DA:18,3
DA:19,3
DA:22,17
DA:23,5
DA:24,5
DA:25,5
DA:26,4
DA:27,4
DA:29,1
DA:30,1
DA:31,1
DA:34,17
DA:35,3
DA:37,17
DA:38,10
DA:44,17
DA:54,3
LF:23
LH:23
BRDA:18,0,0,3
BRDA:18,0,1,0
BRDA:40,1,0,5
BRDA:40,1,1,5
BRF:4
BRH:3
end_of_record
TN:
SF:app/screens/FeatureSnapshot/styles.ts
FNF:0
FNH:0
DA:3,1
LF:1
LH:1
BRF:0
BRH:0
end_of_record
TN:
SF:app/screens/FeatureSnapshot/components/FeatureSnapshot.tsx
FN:8,(anonymous_0)
FN:11,(anonymous_1)
FNF:2
FNH:2
FNDA:5,(anonymous_0)
FNDA:1,(anonymous_1)
DA:8,2
DA:9,5
DA:10,5
DA:11,5
DA:12,1
DA:18,5
DA:36,2
LF:7
LH:7
BRF:0
BRH:0
end_of_record
TN:
SF:app/screens/FirstLogin/index.tsx
FN:15,(anonymous_0)
FN:18,(anonymous_1)
FN:22,(anonymous_2)
FN:26,(anonymous_3)
FNF:4
FNH:1
FNDA:1,(anonymous_0)
FNDA:0,(anonymous_1)
FNDA:0,(anonymous_2)
FNDA:0,(anonymous_3)
DA:15,1
DA:16,1
DA:18,1
DA:19,0
DA:22,1
DA:23,0
DA:26,1
DA:27,0
DA:30,1
DA:31,1
DA:33,0
DA:34,0
DA:36,0
DA:37,0
DA:39,0
LF:15
LH:7
BRDA:30,0,0,1
BRDA:30,0,1,0
BRDA:33,1,0,0
BRDA:33,1,1,0
BRDA:36,2,0,0
BRDA:36,2,1,0
BRF:6
BRH:1
end_of_record
TN:
SF:app/screens/FirstLogin/components/AddInformationForm/index.tsx
FN:30,(anonymous_0)
FN:31,(anonymous_1)
FN:50,(anonymous_2)
FN:51,(anonymous_3)
FN:130,(anonymous_4)
FN:148,(anonymous_5)
FN:167,(anonymous_6)
FN:169,(anonymous_7)
FN:203,(anonymous_8)
FNF:9
FNH:0
FNDA:0,(anonymous_0)
FNDA:0,(anonymous_1)
FNDA:0,(anonymous_2)
FNDA:0,(anonymous_3)
FNDA:0,(anonymous_4)
FNDA:0,(anonymous_5)
FNDA:0,(anonymous_6)
FNDA:0,(anonymous_7)
FNDA:0,(anonymous_8)
DA:30,1
DA:31,0
DA:32,0
DA:33,0
DA:40,0
DA:49,0
DA:50,0
DA:51,0
DA:52,0
DA:53,0
DA:54,0
DA:68,0
DA:73,0
DA:77,0
DA:78,0
DA:79,0
DA:84,0
DA:87,0
DA:88,0
DA:89,0
DA:90,0
DA:99,0
DA:100,0
DA:102,0
DA:103,0
DA:108,0
DA:109,0
DA:110,0
DA:113,0
DA:131,0
DA:149,0
DA:169,0
DA:170,0
DA:171,0
DA:174,0
DA:204,0
LF:36
LH:1
BRDA:63,0,0,0
BRDA:63,0,1,0
BRDA:77,1,0,0
BRDA:77,1,1,0
BRDA:89,2,0,0
BRDA:89,2,1,0
BRDA:115,3,0,0
BRDA:115,3,1,0
BRDA:143,4,0,0
BRDA:143,4,1,0
BRDA:161,5,0,0
BRDA:161,5,1,0
BRDA:188,6,0,0
BRDA:188,6,1,0
BRDA:188,6,2,0
BRDA:189,7,0,0
BRDA:189,7,1,0
BRDA:189,7,2,0
BRDA:190,8,0,0
BRDA:190,8,1,0
BRDA:190,8,2,0
BRDA:216,9,0,0
BRDA:216,9,1,0
BRF:23
BRH:0
end_of_record
TN:
SF:app/screens/FirstLogin/components/AddInformationForm/style.ts
FNF:0
FNH:0
DA:6,1
LF:1
LH:1
BRF:0
BRH:0
end_of_record
TN:
SF:app/screens/FirstLogin/components/Interesting/Tags.tsx
FN:17,(anonymous_0)
FN:22,(anonymous_1)
FN:24,(anonymous_2)
FN:31,(anonymous_3)
FN:42,(anonymous_4)
FN:43,(anonymous_5)
FN:49,(anonymous_6)
FN:51,(anonymous_7)
FN:55,(anonymous_8)
FNF:9
FNH:1
FNDA:11,(anonymous_0)
FNDA:0,(anonymous_1)
FNDA:0,(anonymous_2)
FNDA:0,(anonymous_3)
FNDA:0,(anonymous_4)
FNDA:0,(anonymous_5)
FNDA:0,(anonymous_6)
FNDA:0,(anonymous_7)
FNDA:0,(anonymous_8)
DA:17,3
DA:18,11
DA:20,11
DA:22,11
DA:24,11
DA:25,0
DA:31,11
DA:32,0
DA:38,11
DA:42,11
DA:43,0
DA:44,0
DA:45,0
DA:49,11
DA:50,0
DA:51,0
DA:52,0
DA:54,0
DA:55,0
DA:56,0
DA:59,0
DA:60,0
DA:62,0
DA:63,0
DA:64,0
DA:67,11
LF:26
LH:10
BRDA:44,0,0,0
BRDA:44,0,1,0
BRDA:54,1,0,0
BRDA:54,1,1,0
BRDA:75,2,0,11
BRDA:75,2,1,7
BRF:6
BRH:2
end_of_record
TN:
SF:app/screens/FirstLogin/components/Interesting/index.tsx
FN:21,(anonymous_0)
FN:22,(anonymous_1)
FN:23,(anonymous_2)
FN:29,(anonymous_3)
FN:52,(anonymous_4)
FN:54,(anonymous_5)
FN:91,(anonymous_6)
FNF:7
FNH:3
FNDA:1,(anonymous_0)
FNDA:0,(anonymous_1)
FNDA:0,(anonymous_2)
FNDA:0,(anonymous_3)
FNDA:0,(anonymous_4)
FNDA:10,(anonymous_5)
FNDA:12,(anonymous_6)
DA:21,2
DA:22,1
DA:23,1
DA:24,1
DA:25,1
DA:26,1
DA:27,1
DA:29,1
DA:30,0
DA:31,0
DA:32,0
DA:37,0
DA:38,0
DA:39,0
DA:40,0
DA:41,0
DA:43,0
DA:44,0
DA:47,0
DA:48,0
DA:52,1
DA:54,1
DA:55,10
DA:65,1
DA:91,12
LF:25
LH:13
BRDA:38,0,0,0
BRDA:38,0,1,0
BRDA:67,1,0,1
BRDA:67,1,1,0
BRDA:93,2,0,0
BRDA:93,2,1,1
BRF:6
BRH:2
end_of_record
TN:
SF:app/screens/FirstLogin/components/Interesting/mockData.tsx
FNF:0
FNH:0
DA:6,2
LF:1
LH:1
BRF:0
BRH:0
end_of_record
TN:
SF:app/screens/FirstLogin/components/Interesting/style.ts
FNF:0
FNH:0
DA:7,3
LF:1
LH:1
BRF:0
BRH:0
end_of_record
TN:
SF:app/screens/FirstLogin/components/InterestingTopic/index.tsx
FN:84,(anonymous_0)
FN:85,(anonymous_1)
FN:88,(anonymous_2)
FN:92,(anonymous_3)
FN:119,(anonymous_4)
FN:141,(anonymous_5)
FN:146,(anonymous_6)
FN:148,(anonymous_7)
FN:155,(anonymous_8)
FN:166,(anonymous_9)
FN:167,(anonymous_10)
FN:173,(anonymous_11)
FN:175,(anonymous_12)
FN:179,(anonymous_13)
FNF:14
FNH:4
FNDA:1,(anonymous_0)
FNDA:0,(anonymous_1)
FNDA:0,(anonymous_2)
FNDA:10,(anonymous_3)
FNDA:12,(anonymous_4)
FNDA:10,(anonymous_5)
FNDA:0,(anonymous_6)
FNDA:0,(anonymous_7)
FNDA:0,(anonymous_8)
FNDA:0,(anonymous_9)
FNDA:0,(anonymous_10)
FNDA:0,(anonymous_11)
FNDA:0,(anonymous_12)
FNDA:0,(anonymous_13)
DA:24,1
DA:84,1
DA:85,1
DA:86,1
DA:88,1
DA:89,0
DA:91,1
DA:92,1
DA:93,10
DA:102,1
DA:119,12
DA:141,1
DA:142,10
DA:144,10
DA:146,10
DA:148,10
DA:149,0
DA:155,10
DA:156,0
DA:162,10
DA:166,10
DA:167,0
DA:168,0
DA:169,0
DA:173,10
DA:174,0
DA:175,0
DA:176,0
DA:178,0
DA:179,0
DA:180,0
DA:183,0
DA:184,0
DA:186,0
DA:187,0
DA:188,0
DA:191,10
DA:213,1
LF:38
LH:21
BRDA:121,0,0,0
BRDA:121,0,1,1
BRDA:168,1,0,0
BRDA:168,1,1,0
BRDA:178,2,0,0
BRDA:178,2,1,0
BRDA:198,3,0,10
BRDA:198,3,1,6
BRF:8
BRH:3
end_of_record
TN:
SF:app/screens/FirstLogin/components/MakeConnection/index.tsx
FN:17,(anonymous_0)
FNF:1
FNH:1
FNDA:2,(anonymous_0)
DA:17,2
DA:18,2
DA:19,2
LF:3
LH:3
BRF:0
BRH:0
end_of_record
TN:
SF:app/screens/FirstLogin/components/MakeConnection/style.ts
FNF:0
FNH:0
DA:9,2
LF:1
LH:1
BRF:0
BRH:0
end_of_record
TN:
SF:app/screens/FirstLogin/components/ProfileHeader/index.tsx
FN:10,(anonymous_0)
FNF:1
FNH:1
FNDA:4,(anonymous_0)
DA:10,4
DA:11,4
DA:12,4
DA:14,4
LF:4
LH:4
BRDA:22,0,0,2
BRDA:22,0,1,2
BRF:2
BRH:2
end_of_record
TN:
SF:app/screens/FirstLogin/components/ProfileHeader/style.ts
FNF:0
FNH:0
DA:8,4
LF:1
LH:1
BRF:0
BRH:0
end_of_record
TN:
SF:app/screens/FirstLogin/components/SignUpSuccess/index.tsx
FN:8,(anonymous_0)
FNF:1
FNH:1
FNDA:1,(anonymous_0)
DA:8,2
DA:9,1
LF:2
LH:2
BRF:0
BRH:0
end_of_record
TN:
SF:app/screens/FirstLogin/components/SignUpSuccess/style.ts
FNF:0
FNH:0
DA:8,2
LF:1
LH:1
BRF:0
BRH:0
end_of_record
TN:
SF:app/screens/Login/index.tsx
FN:26,(anonymous_0)
FN:31,(anonymous_1)
FN:37,(anonymous_2)
FN:57,(anonymous_3)
FN:76,(anonymous_4)
FN:84,(anonymous_5)
FN:96,(anonymous_6)
FN:105,(anonymous_7)
FN:106,(anonymous_8)
FN:115,(anonymous_9)
FN:122,(anonymous_10)
FN:133,(anonymous_11)
FNF:12
FNH:2
FNDA:1,(anonymous_0)
FNDA:1,(anonymous_1)
FNDA:0,(anonymous_2)
FNDA:0,(anonymous_3)
FNDA:0,(anonymous_4)
FNDA:0,(anonymous_5)
FNDA:0,(anonymous_6)
FNDA:0,(anonymous_7)
FNDA:0,(anonymous_8)
FNDA:0,(anonymous_9)
FNDA:0,(anonymous_10)
FNDA:0,(anonymous_11)
DA:26,1
DA:27,1
DA:28,1
DA:30,1
DA:31,1
DA:32,1
DA:33,1
DA:34,1
DA:35,1
DA:36,1
DA:37,1
DA:38,0
DA:40,0
DA:41,0
DA:44,0
DA:52,0
DA:54,0
DA:57,1
DA:59,1
DA:77,0
DA:85,0
DA:97,0
DA:98,0
DA:106,0
DA:116,0
DA:123,0
DA:134,0
LF:27
LH:13
BRDA:40,0,0,0
BRDA:40,0,1,0
BRDA:41,1,0,0
BRDA:41,1,1,0
BRDA:69,2,0,0
BRDA:69,2,1,1
BRDA:109,3,0,1
BRDA:109,3,1,0
BRF:8
BRH:2
end_of_record
TN:
SF:app/screens/Login/styles.ts
FNF:0
FNH:0
DA:6,1
LF:1
LH:1
BRF:0
BRH:0
end_of_record
TN:
SF:app/screens/ProfileScreen/index.tsx
FN:48,(anonymous_0)
FN:50,(anonymous_1)
FN:52,(anonymous_2)
FN:73,(anonymous_3)
FN:74,(anonymous_4)
FN:89,(anonymous_5)
FN:94,(anonymous_6)
FN:105,(anonymous_7)
FN:111,(anonymous_8)
FN:134,(anonymous_9)
FN:163,(anonymous_10)
FN:176,(anonymous_11)
FN:187,(anonymous_12)
FN:193,(anonymous_13)
FN:209,(anonymous_14)
FN:233,(anonymous_15)
FN:250,(anonymous_16)
FN:274,(anonymous_17)
FN:290,(anonymous_18)
FN:296,(anonymous_19)
FN:320,(anonymous_20)
FN:362,(anonymous_21)
FN:378,(anonymous_22)
FN:389,(anonymous_23)
FN:410,(anonymous_24)
FN:432,(anonymous_25)
FN:436,(anonymous_26)
FN:440,(anonymous_27)
FN:516,(anonymous_28)
FN:529,(anonymous_29)
FN:568,(anonymous_30)
FN:569,(anonymous_31)
FN:613,(anonymous_32)
FNF:33
FNH:24
FNDA:36,(anonymous_0)
FNDA:35,(anonymous_1)
FNDA:35,(anonymous_2)
FNDA:3,(anonymous_3)
FNDA:3,(anonymous_4)
FNDA:12,(anonymous_5)
FNDA:6,(anonymous_6)
FNDA:3,(anonymous_7)
FNDA:4,(anonymous_8)
FNDA:10,(anonymous_9)
FNDA:15,(anonymous_10)
FNDA:2,(anonymous_11)
FNDA:0,(anonymous_12)
FNDA:0,(anonymous_13)
FNDA:4,(anonymous_14)
FNDA:2,(anonymous_15)
FNDA:0,(anonymous_16)
FNDA:24,(anonymous_17)
FNDA:6,(anonymous_18)
FNDA:0,(anonymous_19)
FNDA:0,(anonymous_20)
FNDA:1,(anonymous_21)
FNDA:1,(anonymous_22)
FNDA:2,(anonymous_23)
FNDA:1,(anonymous_24)
FNDA:0,(anonymous_25)
FNDA:0,(anonymous_26)
FNDA:24,(anonymous_27)
FNDA:35,(anonymous_28)
FNDA:8,(anonymous_29)
FNDA:0,(anonymous_30)
FNDA:0,(anonymous_31)
FNDA:2,(anonymous_32)
DA:48,1
DA:49,36
DA:50,35
DA:52,35
DA:54,35
DA:55,35
DA:56,35
DA:57,35
DA:58,35
DA:59,35
DA:60,35
DA:61,35
DA:62,35
DA:63,35
DA:64,35
DA:65,35
DA:66,35
DA:67,35
DA:68,35
DA:69,35
DA:70,35
DA:71,35
DA:73,35
DA:74,3
DA:75,3
DA:76,3
DA:77,3
DA:78,3
DA:79,3
DA:80,3
DA:81,3
DA:82,3
DA:83,3
DA:84,3
DA:85,3
DA:89,35
DA:90,12
DA:91,9
DA:94,35
DA:95,6
DA:102,0
DA:105,35
DA:106,3
DA:107,3
DA:111,35
DA:112,4
DA:113,4
DA:114,4
DA:115,4
DA:120,2
DA:122,2
DA:123,2
DA:126,2
DA:127,2
DA:129,2
DA:130,2
DA:134,35
DA:135,10
DA:136,10
DA:140,10
DA:141,10
DA:142,0
DA:144,10
DA:146,10
DA:147,10
DA:148,10
DA:151,10
DA:153,0
DA:154,0
DA:156,0
DA:158,0
DA:163,35
DA:164,15
DA:165,15
DA:166,15
DA:167,4
DA:168,11
DA:169,4
DA:171,7
DA:176,35
DA:177,2
DA:178,0
DA:179,0
DA:180,0
DA:185,0
DA:187,0
DA:188,0
DA:193,0
DA:195,0
DA:198,0
DA:199,0
DA:201,0
DA:202,0
DA:203,0
DA:209,35
DA:210,4
DA:211,4
DA:212,4
DA:217,4
DA:218,4
DA:220,4
DA:221,4
DA:224,0
DA:225,0
DA:227,0
DA:228,0
DA:233,35
DA:234,2
DA:235,2
DA:236,0
DA:237,0
DA:242,0
DA:244,0
DA:245,0
DA:250,0
DA:252,0
DA:256,0
DA:257,0
DA:259,0
DA:260,0
DA:273,35
DA:275,24
DA:276,2
DA:279,22
DA:280,2
DA:283,20
DA:284,7
DA:285,13
DA:290,35
DA:291,6
DA:292,4
DA:296,35
DA:297,0
DA:298,0
DA:303,0
DA:307,0
DA:309,0
DA:310,0
DA:313,0
DA:314,0
DA:316,0
DA:320,35
DA:321,0
DA:322,0
DA:323,0
DA:328,0
DA:330,0
DA:331,0
DA:337,0
DA:342,0
DA:344,0
DA:346,0
DA:347,0
DA:349,0
DA:350,0
DA:362,35
DA:363,1
DA:364,0
DA:365,0
DA:368,1
DA:369,1
DA:370,1
DA:376,1
DA:377,1
DA:378,1
DA:381,0
DA:382,0
DA:384,0
DA:385,0
DA:389,35
DA:390,2
DA:391,2
DA:392,2
DA:393,2
DA:398,2
DA:399,2
DA:401,0
DA:402,0
DA:404,0
DA:405,0
DA:409,35
DA:411,1
DA:412,1
DA:413,0
DA:414,0
DA:415,0
DA:421,0
DA:422,0
DA:424,1
DA:426,1
DA:432,35
DA:433,0
DA:436,35
DA:437,0
DA:440,35
DA:441,24
DA:516,35
DA:517,35
DA:529,35
DA:530,8
DA:531,2
DA:537,6
DA:538,0
DA:545,6
DA:549,35
DA:550,35
DA:568,0
DA:570,0
DA:613,2
LF:209
LH:133
BRDA:65,0,0,0
BRDA:65,1,0,35
BRDA:65,2,0,35
BRDA:90,3,0,9
BRDA:90,3,1,3
BRDA:95,4,0,0
BRDA:95,4,1,6
BRDA:96,5,0,6
BRDA:96,5,1,6
BRDA:96,5,2,4
BRDA:96,5,3,2
BRDA:96,5,4,0
BRDA:106,6,0,3
BRDA:106,6,1,0
BRDA:122,7,0,2
BRDA:122,7,1,0
BRDA:126,8,0,2
BRDA:126,8,1,0
BRDA:141,9,0,0
BRDA:141,9,1,10
BRDA:141,10,0,10
BRDA:141,10,1,0
BRDA:141,10,2,0
BRDA:144,11,0,4
BRDA:144,11,1,6
BRDA:147,12,0,10
BRDA:147,12,1,0
BRDA:153,13,0,0
BRDA:153,13,1,0
BRDA:166,14,0,4
BRDA:166,14,1,11
BRDA:168,15,0,4
BRDA:168,15,1,7
BRDA:177,16,0,0
BRDA:177,16,1,2
BRDA:177,17,0,2
BRDA:177,17,1,2
BRDA:188,18,0,0
BRDA:188,18,1,0
BRDA:189,19,0,0
BRDA:189,19,1,0
BRDA:189,19,2,0
BRDA:198,20,0,0
BRDA:198,20,1,0
BRDA:220,21,0,4
BRDA:220,21,1,0
BRDA:224,22,0,0
BRDA:224,22,1,0
BRDA:235,23,0,0
BRDA:235,23,1,2
BRDA:235,24,0,2
BRDA:235,24,1,2
BRDA:245,25,0,0
BRDA:245,25,1,0
BRDA:246,26,0,0
BRDA:246,26,1,0
BRDA:246,26,2,0
BRDA:256,27,0,0
BRDA:256,27,1,0
BRDA:275,28,0,2
BRDA:275,28,1,22
BRDA:279,29,0,2
BRDA:279,29,1,20
BRDA:283,30,0,7
BRDA:283,30,1,13
BRDA:291,31,0,2
BRDA:291,31,1,4
BRDA:292,32,0,2
BRDA:292,32,1,2
BRDA:307,33,0,0
BRDA:307,33,1,0
BRDA:313,34,0,0
BRDA:313,34,1,0
BRDA:330,35,0,0
BRDA:330,35,1,0
BRDA:339,36,0,0
BRDA:339,36,1,0
BRDA:346,37,0,0
BRDA:346,37,1,0
BRDA:363,38,0,0
BRDA:363,38,1,1
BRDA:377,39,0,1
BRDA:377,39,1,0
BRDA:377,40,0,1
BRDA:377,40,1,0
BRDA:381,41,0,0
BRDA:381,41,1,0
BRDA:401,42,0,0
BRDA:401,42,1,0
BRDA:446,43,0,9
BRDA:446,43,1,15
BRDA:459,44,0,11
BRDA:459,44,1,4
BRDA:461,45,0,0
BRDA:461,45,1,4
BRDA:466,46,0,11
BRDA:466,46,1,4
BRDA:468,47,0,0
BRDA:468,47,1,4
BRDA:473,48,0,0
BRDA:473,48,1,15
BRDA:473,49,0,15
BRDA:473,49,1,0
BRDA:475,50,0,4
BRDA:475,50,1,11
BRDA:477,51,0,0
BRDA:477,51,1,11
BRDA:485,52,0,15
BRDA:485,52,1,4
BRDA:485,52,2,0
BRDA:525,53,0,35
BRDA:525,53,1,0
BRDA:530,54,0,2
BRDA:530,54,1,6
BRDA:530,55,0,8
BRDA:530,55,1,4
BRDA:537,56,0,0
BRDA:537,56,1,6
BRDA:537,57,0,6
BRDA:537,57,1,2
BRDA:554,58,0,14
BRDA:554,58,1,21
BRDA:577,59,0,6
BRDA:577,59,1,29
BRDA:579,60,0,4
BRDA:579,60,1,25
BRDA:589,61,0,6
BRDA:589,61,1,29
BRDA:589,62,0,4
BRDA:589,62,1,25
BRDA:622,63,0,35
BRDA:622,63,1,35
BRF:132
BRH:76
end_of_record
TN:
SF:app/screens/ProfileScreen/styles.ts
FNF:0
FNH:0
DA:6,1
LF:1
LH:1
BRF:0
BRH:0
end_of_record
TN:
SF:app/screens/ProfileScreen/components/EmptyComponent.tsx
FN:7,Empty
FNF:1
FNH:1
FNDA:3,Empty
DA:8,3
DA:9,3
DA:17,2
LF:3
LH:3
BRF:0
BRH:0
end_of_record
TN:
SF:app/screens/ProfileScreen/components/ProfileHeader.tsx
FN:26,ProfileHeader
FN:45,(anonymous_1)
FN:47,(anonymous_2)
FN:51,(anonymous_3)
FN:54,(anonymous_4)
FN:58,(anonymous_5)
FN:61,(anonymous_6)
FN:65,numFormatter
FN:76,(anonymous_8)
FNF:9
FNH:8
FNDA:32,ProfileHeader
FNDA:11,(anonymous_1)
FNDA:11,(anonymous_2)
FNDA:1,(anonymous_3)
FNDA:1,(anonymous_4)
FNDA:1,(anonymous_5)
FNDA:1,(anonymous_6)
FNDA:31,numFormatter
FNDA:0,(anonymous_8)
DA:40,32
DA:42,31
DA:43,31
DA:44,31
DA:45,31
DA:46,11
DA:47,11
DA:48,11
DA:51,31
DA:52,1
DA:54,31
DA:55,1
DA:58,31
DA:59,1
DA:61,31
DA:62,1
DA:66,31
DA:67,1
DA:68,30
DA:69,1
DA:70,29
DA:71,1
DA:73,28
DA:76,31
DA:77,0
DA:81,31
DA:199,2
LF:27
LH:26
BRDA:28,0,0,31
BRDA:29,1,0,31
BRDA:30,2,0,31
BRDA:31,3,0,31
BRDA:32,4,0,23
BRDA:33,5,0,23
BRDA:34,6,0,23
BRDA:35,7,0,28
BRDA:36,8,0,31
BRDA:37,9,0,31
BRDA:38,10,0,31
BRDA:39,11,0,19
BRDA:42,12,0,0
BRDA:42,12,1,31
BRDA:46,13,0,0
BRDA:46,13,1,11
BRDA:66,14,0,1
BRDA:66,14,1,30
BRDA:68,15,0,1
BRDA:68,15,1,29
BRDA:68,16,0,30
BRDA:68,16,1,2
BRDA:70,17,0,1
BRDA:70,17,1,28
BRDA:84,18,0,0
BRDA:84,18,1,31
BRDA:84,19,0,31
BRDA:84,19,1,0
BRDA:87,20,0,0
BRDA:87,20,1,31
BRDA:87,21,0,31
BRDA:87,21,1,0
BRDA:90,22,0,0
BRDA:90,22,1,31
BRDA:90,23,0,31
BRDA:90,23,1,0
BRDA:91,24,0,0
BRDA:91,24,1,31
BRDA:91,25,0,31
BRDA:91,25,1,0
BRDA:101,26,0,8
BRDA:101,26,1,23
BRDA:101,27,0,31
BRDA:101,27,1,23
BRDA:101,27,2,23
BRDA:103,28,0,8
BRDA:103,28,1,0
BRDA:103,29,0,8
BRDA:103,29,1,8
BRDA:116,30,0,8
BRDA:116,30,1,0
BRDA:116,31,0,8
BRDA:116,31,1,8
BRDA:130,32,0,8
BRDA:130,32,1,0
BRDA:130,33,0,8
BRDA:130,33,1,8
BRDA:156,34,0,31
BRDA:156,34,1,0
BRDA:158,35,0,0
BRDA:158,35,1,0
BRDA:160,36,0,0
BRDA:160,36,1,0
BRDA:162,37,0,0
BRDA:162,37,1,0
BRDA:164,38,0,0
BRDA:164,38,1,0
BRDA:166,39,0,0
BRDA:166,39,1,0
BRDA:175,40,0,0
BRDA:175,40,1,31
BRF:71
BRH:46
end_of_record
TN:
SF:app/screens/ProfileScreen/components/ProfileImages.tsx
FN:20,ProfileImages
FNF:1
FNH:1
FNDA:6,ProfileImages
DA:28,6
DA:29,6
DA:67,2
LF:3
LH:3
BRDA:22,0,0,1
BRDA:23,1,0,1
BRDA:24,2,0,1
BRDA:25,3,0,1
BRDA:26,4,0,1
BRDA:27,5,0,1
BRDA:34,6,0,0
BRDA:34,6,1,6
BRDA:40,7,0,0
BRDA:40,7,1,6
BRDA:45,8,0,0
BRDA:45,8,1,6
BRDA:50,9,0,0
BRDA:50,9,1,6
BRDA:55,10,0,0
BRDA:55,10,1,6
BRDA:60,11,0,0
BRDA:60,11,1,6
BRF:18
BRH:12
end_of_record
TN:
SF:app/screens/ProfileScreen/components/QrModel.tsx
FN:24,QrModel
FN:25,(anonymous_1)
FN:31,(anonymous_2)
FN:35,(anonymous_3)
FN:40,(anonymous_4)
FN:59,(anonymous_5)
FNF:6
FNH:4
FNDA:39,QrModel
FNDA:0,(anonymous_1)
FNDA:14,(anonymous_2)
FNDA:13,(anonymous_3)
FNDA:3,(anonymous_4)
FNDA:0,(anonymous_5)
DA:25,39
DA:26,0
DA:28,39
DA:29,39
DA:31,39
DA:32,14
DA:33,3
DA:35,14
DA:36,13
DA:40,39
DA:41,3
DA:42,3
DA:43,3
DA:49,3
DA:50,3
DA:52,3
DA:54,0
DA:55,0
DA:59,39
DA:60,0
DA:75,0
DA:80,0
DA:88,0
DA:89,0
DA:95,0
DA:102,0
DA:108,0
DA:111,39
DA:207,3
LF:29
LH:18
BRDA:32,0,0,3
BRDA:32,0,1,11
BRDA:88,1,0,0
BRDA:88,1,1,0
BRDA:144,2,0,33
BRDA:144,2,1,6
BRDA:154,3,0,3
BRDA:154,3,1,3
BRF:8
BRH:6
end_of_record
TN:
SF:app/screens/ProfileScreen/components/TitleStump.tsx
FN:10,(anonymous_0)
FNF:1
FNH:1
FNDA:11,(anonymous_0)
DA:10,2
DA:11,11
LF:2
LH:2
BRF:0
BRH:0
end_of_record
TN:
SF:app/screens/ProfileScreen/components/About/Afflictions.tsx
FN:9,(anonymous_0)
FN:12,(anonymous_1)
FN:21,(anonymous_2)
FN:29,(anonymous_3)
FN:41,(anonymous_4)
FN:42,(anonymous_5)
FNF:6
FNH:0
FNDA:0,(anonymous_0)
FNDA:0,(anonymous_1)
FNDA:0,(anonymous_2)
FNDA:0,(anonymous_3)
FNDA:0,(anonymous_4)
FNDA:0,(anonymous_5)
DA:9,1
DA:10,0
DA:11,0
DA:12,0
DA:13,0
DA:15,0
DA:22,0
DA:30,0
DA:42,0
DA:60,1
LF:10
LH:2
BRDA:10,0,0,0
BRDA:20,1,0,0
BRDA:20,1,1,0
BRDA:39,2,0,0
BRDA:39,2,1,0
BRDA:47,3,0,0
BRDA:47,3,1,0
BRDA:50,4,0,0
BRDA:50,4,1,0
BRF:9
BRH:0
end_of_record
TN:
SF:app/screens/ProfileScreen/components/About/Tags.tsx
FN:6,Tags
FNF:1
FNH:0
FNDA:0,Tags
DA:7,0
DA:14,1
LF:2
LH:1
BRF:0
BRH:0
end_of_record
TN:
SF:app/screens/ProfileScreen/components/About/index.tsx
FN:14,About
FN:36,(anonymous_1)
FN:67,(anonymous_2)
FNF:3
FNH:1
FNDA:5,About
FNDA:0,(anonymous_1)
FNDA:0,(anonymous_2)
DA:27,5
DA:35,5
DA:36,5
DA:37,0
DA:40,5
DA:67,0
DA:132,1
LF:7
LH:5
BRDA:16,0,0,5
BRDA:17,1,0,5
BRDA:18,2,0,5
BRDA:19,3,0,5
BRDA:20,4,0,5
BRDA:21,5,0,0
BRDA:22,6,0,5
BRDA:23,7,0,5
BRDA:24,8,0,5
BRDA:25,9,0,5
BRDA:26,10,0,5
BRDA:29,11,0,5
BRDA:30,12,0,5
BRDA:31,13,0,5
BRDA:32,14,0,5
BRDA:33,15,0,5
BRDA:34,16,0,5
BRDA:51,17,0,5
BRDA:51,17,1,0
BRDA:52,18,0,5
BRDA:52,18,1,1
BRDA:52,18,2,0
BRDA:62,19,0,5
BRDA:62,19,1,0
BRDA:65,20,0,0
BRDA:65,20,1,5
BRDA:65,21,0,5
BRDA:65,21,1,5
BRDA:71,22,0,5
BRDA:71,22,1,0
BRDA:71,22,2,0
BRDA:71,22,3,0
BRDA:77,23,0,0
BRDA:77,23,1,0
BRDA:85,24,0,0
BRDA:85,24,1,0
BRDA:87,25,0,0
BRDA:87,25,1,0
BRDA:98,26,0,0
BRDA:98,26,1,5
BRDA:98,27,0,5
BRDA:98,27,1,0
BRDA:103,28,0,0
BRDA:103,28,1,0
BRDA:103,29,0,0
BRDA:103,29,1,0
BRDA:110,30,0,0
BRDA:110,30,1,5
BRDA:110,31,0,5
BRDA:110,31,1,0
BRDA:115,32,0,0
BRDA:115,32,1,0
BRDA:115,33,0,0
BRDA:115,33,1,0
BRDA:122,34,0,0
BRDA:122,34,1,5
BRDA:122,35,0,5
BRDA:122,35,1,0
BRF:58
BRH:30
end_of_record
TN:
SF:app/screens/ProfileScreen/components/Portfolio/Portfolio.tsx
FN:12,(anonymous_0)
FN:16,(anonymous_1)
FN:17,(anonymous_2)
FN:28,(anonymous_3)
FN:30,(anonymous_4)
FNF:5
FNH:0
FNDA:0,(anonymous_0)
FNDA:0,(anonymous_1)
FNDA:0,(anonymous_2)
FNDA:0,(anonymous_3)
FNDA:0,(anonymous_4)
DA:12,1
DA:13,0
DA:14,0
DA:15,0
DA:16,0
DA:17,0
DA:18,0
DA:28,0
DA:29,0
DA:30,0
DA:31,0
DA:32,0
DA:33,0
DA:38,0
DA:44,0
DA:49,0
DA:50,0
DA:51,0
DA:56,0
DA:104,1
LF:20
LH:2
BRDA:29,0,0,0
BRDA:29,0,1,0
BRDA:29,1,0,0
BRDA:29,1,1,0
BRDA:32,2,0,0
BRDA:32,2,1,0
BRDA:38,3,0,0
BRDA:38,3,1,0
BRDA:38,4,0,0
BRDA:38,4,1,0
BRDA:40,5,0,0
BRDA:40,5,1,0
BRDA:40,6,0,0
BRDA:40,6,1,0
BRDA:44,7,0,0
BRDA:44,7,1,0
BRDA:44,8,0,0
BRDA:44,8,1,0
BRDA:46,9,0,0
BRDA:46,9,1,0
BRDA:46,10,0,0
BRDA:46,10,1,0
BRDA:50,11,0,0
BRDA:50,11,1,0
BRDA:61,12,0,0
BRDA:61,12,1,0
BRDA:61,13,0,0
BRDA:61,13,1,0
BRDA:90,14,0,0
BRDA:90,14,1,0
BRDA:95,15,0,0
BRDA:95,15,1,0
BRF:32
BRH:0
end_of_record
TN:
SF:app/screens/ProfileScreen/components/SnapShots/SnapShots.tsx
FN:7,(anonymous_0)
FN:10,(anonymous_1)
FNF:2
FNH:0
FNDA:0,(anonymous_0)
FNDA:0,(anonymous_1)
DA:7,1
DA:8,0
DA:9,0
DA:10,0
DA:11,0
DA:20,0
DA:38,1
LF:7
LH:2
BRF:0
BRH:0
end_of_record
TN:
SF:app/screens/ReferFriend/index.tsx
FN:25,ReferFriend
FN:29,(anonymous_1)
FN:37,(anonymous_2)
FN:40,(anonymous_3)
FN:43,(anonymous_4)
FNF:5
FNH:5
FNDA:7,ReferFriend
FNDA:4,(anonymous_1)
FNDA:1,(anonymous_2)
FNDA:2,(anonymous_3)
FNDA:4,(anonymous_4)
DA:26,7
DA:27,7
DA:29,7
DA:31,4
DA:32,4
DA:37,7
DA:38,1
DA:40,7
DA:41,2
DA:43,7
DA:44,4
DA:46,7
LF:12
LH:12
BRDA:31,0,0,4
BRDA:31,0,1,0
BRDA:63,1,0,4
BRDA:63,1,1,3
BRDA:82,2,0,7
BRDA:82,2,1,4
BRDA:117,3,0,7
BRDA:117,3,1,1
BRDA:120,4,0,7
BRDA:120,4,1,2
BRF:10
BRH:9
end_of_record
TN:
SF:app/screens/ReferFriend/styles.ts
FNF:0
FNH:0
DA:6,2
LF:1
LH:1
BRF:0
BRH:0
end_of_record
TN:
SF:app/screens/ReferFriend/components/PhoneEmailRefer.tsx
FN:30,PhoneRefer
FN:37,(anonymous_1)
FN:43,(anonymous_2)
FN:61,(anonymous_3)
FN:89,(anonymous_4)
FN:118,(anonymous_5)
FN:123,(anonymous_6)
FN:150,(anonymous_7)
FNF:8
FNH:8
FNDA:40,PhoneRefer
FNDA:39,(anonymous_1)
FNDA:7,(anonymous_2)
FNDA:4,(anonymous_3)
FNDA:5,(anonymous_4)
FNDA:6,(anonymous_5)
FNDA:6,(anonymous_6)
FNDA:6,(anonymous_7)
DA:31,40
DA:32,39
DA:33,39
DA:34,39
DA:35,39
DA:36,39
DA:37,39
DA:38,39
DA:39,39
DA:40,39
DA:41,39
DA:43,39
DA:44,7
DA:46,7
DA:47,1
DA:49,6
DA:50,5
DA:51,4
DA:52,4
DA:54,1
DA:57,1
DA:61,39
DA:62,4
DA:64,4
DA:65,4
DA:72,4
DA:73,3
DA:74,2
DA:75,2
DA:77,1
DA:78,1
DA:81,1
DA:82,1
DA:83,0
DA:85,1
DA:89,39
DA:91,5
DA:92,5
DA:95,39
DA:119,6
DA:120,6
DA:124,6
DA:151,6
DA:152,0
DA:154,6
DA:194,2
LF:46
LH:44
BRDA:46,0,0,1
BRDA:46,0,1,6
BRDA:49,1,0,5
BRDA:49,1,1,1
BRDA:50,2,0,4
BRDA:50,2,1,1
BRDA:73,3,0,2
BRDA:73,3,1,1
BRDA:82,4,0,0
BRDA:82,4,1,1
BRDA:101,5,0,2
BRDA:101,5,1,37
BRDA:109,6,0,0
BRDA:109,6,1,37
BRDA:135,7,0,37
BRDA:135,7,1,1
BRDA:151,8,0,0
BRDA:151,8,1,6
BRDA:158,9,0,37
BRDA:158,9,1,1
BRDA:167,10,0,39
BRDA:167,10,1,24
BRDA:167,10,2,21
BRDA:167,10,3,18
BRDA:173,11,0,0
BRDA:173,11,1,18
BRDA:178,12,0,2
BRDA:178,12,1,16
BRDA:180,13,0,18
BRDA:180,13,1,4
BRF:30
BRH:26
end_of_record
TN:
SF:app/screens/ReferFriend/components/PhoneRefer.tsx
FN:28,PhoneRefer
FN:37,(anonymous_1)
FN:39,(anonymous_2)
FN:52,(anonymous_3)
FN:94,(anonymous_4)
FN:100,(anonymous_5)
FNF:6
FNH:2
FNDA:2,PhoneRefer
FNDA:2,(anonymous_1)
FNDA:0,(anonymous_2)
FNDA:0,(anonymous_3)
FNDA:0,(anonymous_4)
FNDA:0,(anonymous_5)
DA:30,2
DA:31,2
DA:32,2
DA:33,2
DA:34,2
DA:35,2
DA:36,2
DA:37,2
DA:38,2
DA:39,2
DA:40,0
DA:42,0
DA:43,0
DA:45,0
DA:46,0
DA:48,0
DA:52,2
DA:53,0
DA:55,0
DA:56,0
DA:62,0
DA:63,0
DA:64,0
DA:65,0
DA:67,0
DA:68,0
DA:71,0
DA:72,0
DA:73,0
DA:75,0
DA:80,2
DA:95,0
DA:96,0
DA:97,0
DA:101,0
DA:146,2
LF:36
LH:13
BRDA:42,0,0,0
BRDA:42,0,1,0
BRDA:45,1,0,0
BRDA:45,1,1,0
BRDA:63,2,0,0
BRDA:63,2,1,0
BRDA:72,3,0,0
BRDA:72,3,1,0
BRDA:86,4,0,0
BRDA:86,4,1,2
BRDA:96,5,0,0
BRDA:96,5,1,0
BRDA:113,6,0,2
BRDA:113,6,1,0
BRDA:117,7,0,2
BRDA:117,7,1,2
BRDA:117,7,2,0
BRDA:122,8,0,0
BRDA:122,8,1,0
BRDA:130,9,0,0
BRDA:130,9,1,0
BRDA:132,10,0,0
BRDA:132,10,1,0
BRF:23
BRH:4
end_of_record
TN:
SF:app/screens/Register/components/RegisterSuccess/index.tsx
FN:11,(anonymous_0)
FNF:1
FNH:1
FNDA:1,(anonymous_0)
DA:11,1
DA:12,1
LF:2
LH:2
BRF:0
BRH:0
end_of_record
TN:
SF:app/screens/Register/components/RegisterSuccess/style.ts
FNF:0
FNH:0
DA:10,1
LF:1
LH:1
BRF:0
BRH:0
end_of_record
TN:
SF:app/screens/Register/components/SocialList/index.tsx
FN:13,(anonymous_0)
FN:14,(anonymous_1)
FN:16,(anonymous_2)
FN:26,(anonymous_3)
FN:30,(anonymous_4)
FN:34,(anonymous_5)
FN:38,(anonymous_6)
FNF:7
FNH:1
FNDA:1,(anonymous_0)
FNDA:0,(anonymous_1)
FNDA:0,(anonymous_2)
FNDA:0,(anonymous_3)
FNDA:0,(anonymous_4)
FNDA:0,(anonymous_5)
FNDA:0,(anonymous_6)
DA:13,1
DA:14,1
DA:15,0
DA:17,0
DA:18,0
DA:20,0
DA:26,1
DA:27,0
DA:30,1
DA:31,0
DA:34,1
DA:35,0
DA:38,1
DA:39,0
DA:42,1
LF:15
LH:7
BRDA:17,0,0,0
BRDA:17,0,1,0
BRF:2
BRH:0
end_of_record
TN:
SF:app/screens/Register/components/SocialList/style.ts
FNF:0
FNH:0
DA:9,1
LF:1
LH:1
BRF:0
BRH:0
end_of_record
TN:
SF:app/screens/TermsAndCondition/index.tsx
FN:16,TermsAndCondition
FNF:1
FNH:1
FNDA:1,TermsAndCondition
DA:17,1
DA:19,1
LF:2
LH:2
BRF:0
BRH:0
end_of_record
TN:
SF:app/screens/TermsAndCondition/style.ts
FNF:0
FNH:0
DA:4,1
LF:1
LH:1
BRF:0
BRH:0
end_of_record
TN:
SF:app/screens/Welcome/index.tsx
FN:45,(anonymous_0)
FN:52,(anonymous_1)
FN:58,(anonymous_2)
FN:63,(anonymous_3)
FN:72,(anonymous_4)
FN:77,(anonymous_5)
FN:85,(anonymous_6)
FN:88,(anonymous_7)
FN:93,(anonymous_8)
FN:97,(anonymous_9)
FN:107,(anonymous_10)
FN:130,(anonymous_11)
FN:150,(anonymous_12)
FN:187,(anonymous_13)
FN:197,(anonymous_14)
FN:202,(anonymous_15)
FNF:16
FNH:3
FNDA:1,(anonymous_0)
FNDA:0,(anonymous_1)
FNDA:0,(anonymous_2)
FNDA:0,(anonymous_3)
FNDA:0,(anonymous_4)
FNDA:0,(anonymous_5)
FNDA:0,(anonymous_6)
FNDA:1,(anonymous_7)
FNDA:1,(anonymous_8)
FNDA:0,(anonymous_9)
FNDA:0,(anonymous_10)
FNDA:0,(anonymous_11)
FNDA:0,(anonymous_12)
FNDA:0,(anonymous_13)
FNDA:0,(anonymous_14)
FNDA:0,(anonymous_15)
DA:34,1
DA:45,1
DA:46,1
DA:47,1
DA:48,1
DA:49,1
DA:50,1
DA:52,1
DA:53,0
DA:55,0
DA:56,0
DA:57,0
DA:59,0
DA:60,0
DA:61,0
DA:65,0
DA:66,0
DA:68,0
DA:71,0
DA:73,0
DA:75,0
DA:79,0
DA:80,0
DA:81,0
DA:85,1
DA:86,0
DA:88,1
DA:89,1
DA:93,1
DA:95,1
DA:97,1
DA:98,0
DA:99,0
DA:101,0
DA:102,0
DA:105,0
DA:108,0
DA:127,1
DA:129,1
DA:132,0
DA:136,0
DA:137,0
DA:138,0
DA:139,0
DA:140,0
DA:142,0
DA:143,0
DA:144,0
DA:149,1
DA:151,0
DA:152,0
DA:153,0
DA:158,1
DA:187,0
DA:197,0
DA:202,0
LF:56
LH:18
BRDA:55,0,0,0
BRDA:55,0,1,0
BRDA:89,1,0,1
BRDA:89,1,1,0
BRDA:90,2,0,0
BRDA:90,2,1,1
BRDA:98,3,0,0
BRDA:98,3,1,0
BRDA:98,4,0,0
BRDA:98,4,1,0
BRDA:101,5,0,0
BRDA:101,5,1,0
BRDA:101,6,0,0
BRDA:101,6,1,0
BRDA:132,7,0,0
BRDA:132,7,1,0
BRDA:136,8,0,0
BRDA:136,8,1,0
BRDA:136,9,0,0
BRDA:136,9,1,0
BRF:20
BRH:2
end_of_record
TN:
SF:app/screens/Welcome/components/Footer/index.tsx
FN:18,(anonymous_0)
FN:21,(anonymous_1)
FNF:2
FNH:1
FNDA:1,(anonymous_0)
FNDA:0,(anonymous_1)
DA:18,2
DA:19,1
DA:20,1
DA:21,1
DA:22,0
DA:24,1
LF:6
LH:5
BRF:0
BRH:0
end_of_record
TN:
SF:app/screens/Welcome/components/Footer/styles.ts
FNF:0
FNH:0
DA:10,2
LF:1
LH:1
BRF:0
BRH:0
end_of_record
TN:
SF:app/screens/Welcome/components/VideoPost/index.tsx
FN:22,(anonymous_0)
FN:49,(anonymous_1)
FN:60,(anonymous_2)
FN:61,(anonymous_3)
FN:70,(anonymous_4)
FN:76,(anonymous_5)
FN:80,(anonymous_6)
FN:83,(anonymous_7)
FN:84,(anonymous_8)
FN:89,(anonymous_9)
FN:92,(anonymous_10)
FN:97,(anonymous_11)
FN:104,(anonymous_12)
FN:114,(anonymous_13)
FN:121,(anonymous_14)
FN:140,(anonymous_15)
FN:160,(anonymous_16)
FN:162,(anonymous_17)
FN:167,(anonymous_18)
FN:180,(anonymous_19)
FN:190,(anonymous_20)
FN:193,(anonymous_21)
FN:199,(anonymous_22)
FN:224,(anonymous_23)
FN:272,(anonymous_24)
FNF:25
FNH:0
FNDA:0,(anonymous_0)
FNDA:0,(anonymous_1)
FNDA:0,(anonymous_2)
FNDA:0,(anonymous_3)
FNDA:0,(anonymous_4)
FNDA:0,(anonymous_5)
FNDA:0,(anonymous_6)
FNDA:0,(anonymous_7)
FNDA:0,(anonymous_8)
FNDA:0,(anonymous_9)
FNDA:0,(anonymous_10)
FNDA:0,(anonymous_11)
FNDA:0,(anonymous_12)
FNDA:0,(anonymous_13)
FNDA:0,(anonymous_14)
FNDA:0,(anonymous_15)
FNDA:0,(anonymous_16)
FNDA:0,(anonymous_17)
FNDA:0,(anonymous_18)
FNDA:0,(anonymous_19)
FNDA:0,(anonymous_20)
FNDA:0,(anonymous_21)
FNDA:0,(anonymous_22)
FNDA:0,(anonymous_23)
FNDA:0,(anonymous_24)
DA:21,1
DA:32,0
DA:33,0
DA:37,0
DA:47,0
DA:50,0
DA:51,0
DA:52,0
DA:53,0
DA:57,0
DA:58,0
DA:59,0
DA:60,0
DA:62,0
DA:63,0
DA:64,0
DA:66,0
DA:67,0
DA:71,0
DA:72,0
DA:74,0
DA:77,0
DA:80,0
DA:81,0
DA:83,0
DA:84,0
DA:85,0
DA:89,0
DA:90,0
DA:92,0
DA:93,0
DA:97,0
DA:98,0
DA:99,0
DA:104,0
DA:105,0
DA:106,0
DA:110,0
DA:115,0
DA:116,0
DA:122,0
DA:123,0
DA:124,0
DA:125,0
DA:127,0
DA:128,0
DA:141,0
DA:142,0
DA:143,0
DA:144,0
DA:146,0
DA:147,0
DA:163,0
DA:164,0
DA:168,0
DA:181,0
DA:182,0
DA:191,0
DA:194,0
DA:200,0
DA:201,0
DA:225,0
DA:273,0
DA:274,0
DA:278,0
DA:280,0
DA:282,0
DA:353,1
DA:357,1
LF:69
LH:3
BRDA:44,0,0,0
BRDA:45,1,0,0
BRDA:46,2,0,0
BRDA:49,3,0,0
BRDA:54,4,0,0
BRDA:54,4,1,0
BRDA:62,5,0,0
BRDA:62,5,1,0
BRDA:63,6,0,0
BRDA:63,6,1,0
BRDA:98,7,0,0
BRDA:98,7,1,0
BRDA:105,8,0,0
BRDA:105,8,1,0
BRDA:115,9,0,0
BRDA:115,9,1,0
BRDA:122,10,0,0
BRDA:122,10,1,0
BRDA:132,11,0,0
BRDA:132,11,1,0
BRDA:132,12,0,0
BRDA:132,12,1,0
BRDA:137,13,0,0
BRDA:137,13,1,0
BRDA:137,13,2,0
BRDA:137,13,3,0
BRDA:141,14,0,0
BRDA:141,14,1,0
BRDA:156,15,0,0
BRDA:156,15,1,0
BRDA:156,16,0,0
BRDA:156,16,1,0
BRDA:163,17,0,0
BRDA:163,17,1,0
BRDA:200,18,0,0
BRDA:200,18,1,0
BRDA:239,19,0,0
BRDA:239,19,1,0
BRDA:269,20,0,0
BRDA:269,20,1,0
BRDA:273,21,0,0
BRDA:273,21,1,0
BRDA:293,22,0,0
BRDA:293,22,1,0
BRDA:314,23,0,0
BRDA:314,23,1,0
BRF:46
BRH:0
end_of_record
TN:
SF:app/screens/Welcome/components/WelcomePage/index.tsx
FN:11,(anonymous_0)
FNF:1
FNH:0
FNDA:0,(anonymous_0)
DA:11,1
DA:12,0
DA:13,0
LF:3
LH:1
BRF:0
BRH:0
end_of_record
TN:
SF:app/screens/Welcome/components/WelcomePage/styles.ts
FNF:0
FNH:0
DA:6,1
LF:1
LH:1
BRF:0
BRH:0
end_of_record
TN:
SF:app/services/acceptCommunityGuideLines.ts
FN:4,(anonymous_0)
FNF:1
FNH:1
FNDA:1,(anonymous_0)
DA:4,2
DA:5,1
LF:2
LH:2
BRF:0
BRH:0
end_of_record
TN:
SF:app/services/acceptPendingRequest.ts
FN:4,(anonymous_0)
FNF:1
FNH:1
FNDA:1,(anonymous_0)
DA:4,2
DA:5,1
LF:2
LH:2
BRF:0
BRH:0
end_of_record
TN:
SF:app/services/addNewGroup.ts
FN:4,(anonymous_0)
FNF:1
FNH:1
FNDA:1,(anonymous_0)
DA:4,2
DA:5,1
LF:2
LH:2
BRF:0
BRH:0
end_of_record
TN:
SF:app/services/addUserInformation.ts
FN:4,(anonymous_0)
FNF:1
FNH:1
FNDA:1,(anonymous_0)
DA:4,2
DA:5,1
LF:2
LH:2
BRF:0
BRH:0
end_of_record
TN:
SF:app/services/addUserProfile.ts
FN:4,(anonymous_0)
FNF:1
FNH:1
FNDA:1,(anonymous_0)
DA:4,3
DA:5,1
LF:2
LH:2
BRF:0
BRH:0
end_of_record
TN:
SF:app/services/blockUser.ts
FN:8,(anonymous_0)
FNF:1
FNH:1
FNDA:3,(anonymous_0)
DA:8,2
DA:9,3
LF:2
LH:2
BRF:0
BRH:0
end_of_record
TN:
SF:app/services/checkAlreadyConnected.ts
FN:11,(anonymous_0)
FNF:1
FNH:0
FNDA:0,(anonymous_0)
DA:11,1
DA:12,0
LF:2
LH:1
BRF:0
BRH:0
end_of_record
TN:
SF:app/services/createUserWithMail.ts
FN:4,(anonymous_0)
FNF:1
FNH:1
FNDA:1,(anonymous_0)
DA:4,2
DA:5,1
LF:2
LH:2
BRF:0
BRH:0
end_of_record
TN:
SF:app/services/deletePost.ts
FN:9,deletePost
FNF:1
FNH:1
FNDA:1,deletePost
DA:10,1
LF:1
LH:1
BRF:0
BRH:0
end_of_record
TN:
SF:app/services/deleteWork.ts
FN:4,(anonymous_0)
FNF:1
FNH:1
FNDA:1,(anonymous_0)
DA:4,2
DA:5,1
LF:2
LH:2
BRF:0
BRH:0
end_of_record
TN:
SF:app/services/fetchAllGroup.ts
FN:4,(anonymous_0)
FNF:1
FNH:1
FNDA:1,(anonymous_0)
DA:4,2
DA:5,1
LF:2
LH:2
BRF:0
BRH:0
end_of_record
TN:
SF:app/services/fetchUserWork.ts
FN:35,fetchUserWork
FNF:1
FNH:1
FNDA:5,fetchUserWork
DA:38,5
LF:1
LH:1
BRF:0
BRH:0
end_of_record
TN:
SF:app/services/followStatus.ts
FN:9,followStatus
FNF:1
FNH:0
FNDA:0,followStatus
DA:10,0
LF:1
LH:0
BRF:0
BRH:0
end_of_record
TN:
SF:app/services/followUser.ts
FN:11,(anonymous_0)
FNF:1
FNH:1
FNDA:1,(anonymous_0)
DA:11,2
DA:12,1
LF:2
LH:2
BRF:0
BRH:0
end_of_record
TN:
SF:app/services/getAllPosts.ts
FN:4,(anonymous_0)
FNF:1
FNH:1
FNDA:1,(anonymous_0)
DA:4,2
DA:5,1
LF:2
LH:2
BRF:0
BRH:0
end_of_record
TN:
SF:app/services/getConnectUser.ts
FN:4,(anonymous_0)
FNF:1
FNH:1
FNDA:1,(anonymous_0)
DA:4,2
DA:5,1
LF:2
LH:2
BRF:0
BRH:0
end_of_record
TN:
SF:app/services/getFansList.ts
FN:10,getFansList
FNF:1
FNH:0
FNDA:0,getFansList
DA:11,0
LF:1
LH:0
BRF:0
BRH:0
end_of_record
TN:
SF:app/services/getFeaturedPosts.ts
FN:7,getFeaturedPosts
FNF:1
FNH:1
FNDA:2,getFeaturedPosts
DA:8,2
LF:1
LH:1
BRF:0
BRH:0
end_of_record
TN:
SF:app/services/getPendingRequest.ts
FN:4,(anonymous_0)
FNF:1
FNH:1
FNDA:1,(anonymous_0)
DA:4,2
DA:5,1
LF:2
LH:2
BRF:0
BRH:0
end_of_record
TN:
SF:app/services/getPostDetail.ts
FN:4,(anonymous_0)
FNF:1
FNH:1
FNDA:1,(anonymous_0)
DA:4,2
DA:5,1
LF:2
LH:2
BRF:0
BRH:0
end_of_record
TN:
SF:app/services/getSavedWork.ts
FN:4,(anonymous_0)
FNF:1
FNH:1
FNDA:1,(anonymous_0)
DA:4,2
DA:5,1
LF:2
LH:2
BRF:0
BRH:0
end_of_record
TN:
SF:app/services/getSingUrl.ts
FN:4,(anonymous_0)
FNF:1
FNH:1
FNDA:1,(anonymous_0)
DA:4,2
DA:5,1
LF:2
LH:2
BRF:0
BRH:0
end_of_record
TN:
SF:app/services/getSuggestedConnections.ts
FN:4,(anonymous_0)
FNF:1
FNH:1
FNDA:1,(anonymous_0)
DA:4,2
DA:5,1
LF:2
LH:2
BRF:0
BRH:0
end_of_record
TN:
SF:app/services/getSuggestedConnectionsCategories.ts
FN:4,(anonymous_0)
FNF:1
FNH:1
FNDA:1,(anonymous_0)
DA:4,2
DA:5,1
LF:2
LH:2
BRF:0
BRH:0
end_of_record
TN:
SF:app/services/getUserInformation.ts
FN:4,(anonymous_0)
FNF:1
FNH:1
FNDA:13,(anonymous_0)
DA:4,3
DA:5,13
LF:2
LH:2
BRF:0
BRH:0
end_of_record
TN:
SF:app/services/getUserPost.ts
FN:36,getUserPost
FNF:1
FNH:1
FNDA:1,getUserPost
DA:39,1
LF:1
LH:1
BRF:0
BRH:0
end_of_record
TN:
SF:app/services/loginAs.ts
FN:4,(anonymous_0)
FNF:1
FNH:1
FNDA:1,(anonymous_0)
DA:4,2
DA:5,1
LF:2
LH:2
BRF:0
BRH:0
end_of_record
TN:
SF:app/services/loginUser.ts
FN:4,(anonymous_0)
FNF:1
FNH:1
FNDA:1,(anonymous_0)
DA:4,2
DA:5,1
LF:2
LH:2
BRF:0
BRH:0
end_of_record
TN:
SF:app/services/logout.ts
FN:4,logout
FNF:1
FNH:1
FNDA:1,logout
DA:5,1
LF:1
LH:1
BRF:0
BRH:0
end_of_record
TN:
SF:app/services/otpCodeService.ts
FN:10,(anonymous_0)
FN:19,(anonymous_1)
FN:29,(anonymous_2)
FNF:3
FNH:3
FNDA:1,(anonymous_0)
FNDA:1,(anonymous_1)
FNDA:1,(anonymous_2)
DA:10,3
DA:11,1
DA:19,3
DA:20,1
DA:29,3
DA:30,1
LF:6
LH:6
BRF:0
BRH:0
end_of_record
TN:
SF:app/services/rejectPendingRequest.ts
FN:4,(anonymous_0)
FNF:1
FNH:1
FNDA:1,(anonymous_0)
DA:4,2
DA:5,1
LF:2
LH:2
BRF:0
BRH:0
end_of_record
TN:
SF:app/services/reportUser.ts
FN:9,(anonymous_0)
FNF:1
FNH:1
FNDA:1,(anonymous_0)
DA:9,2
DA:10,1
LF:2
LH:2
BRF:0
BRH:0
end_of_record
TN:
SF:app/services/saveProfileImage.ts
FN:4,saveProfileImage
FNF:1
FNH:0
FNDA:0,saveProfileImage
DA:5,0
LF:1
LH:0
BRF:0
BRH:0
end_of_record
TN:
SF:app/services/saveUserInterest.ts
FN:4,(anonymous_0)
FNF:1
FNH:1
FNDA:1,(anonymous_0)
DA:4,4
DA:5,1
LF:2
LH:2
BRF:0
BRH:0
end_of_record
TN:
SF:app/services/saveUserProfileTags.ts
FN:11,saveUserProfileTags
FNF:1
FNH:0
FNDA:0,saveUserProfileTags
DA:12,0
LF:1
LH:0
BRF:0
BRH:0
end_of_record
TN:
SF:app/services/sendReferral.ts
FN:4,sentReferral
FNF:1
FNH:1
FNDA:1,sentReferral
DA:5,1
LF:1
LH:1
BRF:0
BRH:0
end_of_record
TN:
SF:app/services/updateBioProfile.ts
FN:4,(anonymous_0)
FNF:1
FNH:1
FNDA:1,(anonymous_0)
DA:4,2
DA:5,1
LF:2
LH:2
BRF:0
BRH:0
end_of_record
TN:
SF:app/services/updatePhoneNumber.ts
FN:4,(anonymous_0)
FNF:1
FNH:1
FNDA:1,(anonymous_0)
DA:4,2
DA:5,1
LF:2
LH:2
BRF:0
BRH:0
end_of_record
TN:
SF:app/services/updateUserView.ts
FN:4,(anonymous_0)
FNF:1
FNH:1
FNDA:1,(anonymous_0)
DA:4,2
DA:5,1
LF:2
LH:2
BRF:0
BRH:0
end_of_record
TN:
SF:app/services/uploadAvatar.ts
FN:4,uploadAvatar
FNF:1
FNH:0
FNDA:0,uploadAvatar
DA:5,0
LF:1
LH:0
BRF:0
BRH:0
end_of_record
TN:
SF:app/services/uploadBackGroundImage.ts
FN:4,(anonymous_0)
FNF:1
FNH:1
FNDA:1,(anonymous_0)
DA:4,2
DA:5,1
LF:2
LH:2
BRF:0
BRH:0
end_of_record
TN:
SF:app/services/uploadImage.ts
FN:3,(anonymous_0)
FNF:1
FNH:1
FNDA:1,(anonymous_0)
DA:3,2
DA:4,1
LF:2
LH:2
BRF:0
BRH:0
end_of_record
TN:
SF:app/services/userProfileAboutMe.ts
FN:4,userProfileAboutMe
FNF:1
FNH:0
FNDA:0,userProfileAboutMe
DA:5,0
LF:1
LH:0
BRF:0
BRH:0
end_of_record
TN:
SF:app/services/userProfileDetails.ts
FN:4,userProfileDetail
FNF:1
FNH:0
FNDA:0,userProfileDetail
DA:5,0
LF:1
LH:0
BRF:0
BRH:0
end_of_record
TN:
SF:app/services/userProfileMore.ts
FN:4,userProfileMore
FNF:1
FNH:0
FNDA:0,userProfileMore
DA:5,0
LF:1
LH:0
BRF:0
BRH:0
end_of_record
TN:
SF:app/services/verifyUsername.ts
FN:4,(anonymous_0)
FNF:1
FNH:1
FNDA:1,(anonymous_0)
DA:4,2
DA:5,1
LF:2
LH:2
BRF:0
BRH:0
end_of_record
TN:
SF:app/store/actions/appAction.ts
FN:6,addNewPostRequest
FN:13,addNewPostResponse
FN:20,getAllPostsRequest
FN:27,startDeeplinkRequest
FN:33,finishDeeplinkRequest
FN:39,getAllPostsResponse
FN:46,getUserPostsRequest
FN:52,getUserPostsResponse
FN:58,getYourConnectionRequest
FN:65,getYourConnectionResponse
FN:71,getSuggestedConnectionsRequest
FN:78,getSuggestedConnectionsResponse
FN:84,getPendingRequestRequest
FN:91,getPendingRequestResponse
FN:98,getSuggestionConnectionCategoriesRequest
FN:105,getSuggestionConnectionCategoriesResponse
FN:112,fetchUserWorkRequest
FN:118,fetchUserWorkResponse
FN:125,getAcceptPendingRequest
FN:132,rejectPendingRequest
FN:139,addNewGroupRequest
FN:146,addNewGroupResponse
FN:153,addUserInGroupRequest
FN:160,addUserInGroupResponse
FN:167,getAllUserGroupRequest
FN:174,getAllUserGroupResponse
FN:181,getSavedWorkRequest
FN:188,getSavedWorkResponse
FN:195,logOut
FN:201,socketEvent
FNF:30
FNH:12
FNDA:0,addNewPostRequest
FNDA:1,addNewPostResponse
FNDA:0,getAllPostsRequest
FNDA:0,startDeeplinkRequest
FNDA:5,finishDeeplinkRequest
FNDA:1,getAllPostsResponse
FNDA:0,getUserPostsRequest
FNDA:2,getUserPostsResponse
FNDA:0,getYourConnectionRequest
FNDA:2,getYourConnectionResponse
FNDA:0,getSuggestedConnectionsRequest
FNDA:2,getSuggestedConnectionsResponse
FNDA:0,getPendingRequestRequest
FNDA:5,getPendingRequestResponse
FNDA:0,getSuggestionConnectionCategoriesRequest
FNDA:2,getSuggestionConnectionCategoriesResponse
FNDA:0,fetchUserWorkRequest
FNDA:2,fetchUserWorkResponse
FNDA:0,getAcceptPendingRequest
FNDA:0,rejectPendingRequest
FNDA:0,addNewGroupRequest
FNDA:0,addNewGroupResponse
FNDA:0,addUserInGroupRequest
FNDA:0,addUserInGroupResponse
FNDA:0,getAllUserGroupRequest
FNDA:2,getAllUserGroupResponse
FNDA:0,getSavedWorkRequest
FNDA:1,getSavedWorkResponse
FNDA:4,logOut
FNDA:0,socketEvent
DA:7,0
DA:14,1
DA:21,0
DA:28,0
DA:34,5
DA:40,1
DA:47,0
DA:53,2
DA:59,0
DA:66,2
DA:72,0
DA:79,2
DA:85,0
DA:92,5
DA:99,0
DA:106,2
DA:113,0
DA:119,2
DA:126,0
DA:133,0
DA:140,0
DA:147,0
DA:154,0
DA:161,0
DA:168,0
DA:175,2
DA:182,0
DA:189,1
DA:196,4
DA:202,0
LF:30
LH:12
BRF:0
BRH:0
end_of_record
TN:
SF:app/store/actions/loadingActions.ts
FN:8,enableLoading
FN:14,disableLoading
FN:20,enableAppLoading
FN:26,disableAppLoading
FNF:4
FNH:4
FNDA:130,enableLoading
FNDA:145,disableLoading
FNDA:37,enableAppLoading
FNDA:41,disableAppLoading
DA:9,130
DA:15,145
DA:21,37
DA:27,41
LF:4
LH:4
BRF:0
BRH:0
end_of_record
TN:
SF:app/store/actions/navigationActions.ts
FN:6,navigateToSignUp
FN:10,navigateToOtpVerification
FN:14,navigateToHome
FN:17,navigateToProfile
FN:20,navigateToMyProfile
FN:23,navigateToDiscover
FN:26,navigateToDiscoverFirstTime
FN:30,navigateToTopic
FN:33,navigateToForgotPassword
FN:36,navigateToForgotSignUp
FN:39,reset
FN:43,navigateToCommunity
FN:47,navigateToWelcome
FNF:13
FNH:8
FNDA:2,navigateToSignUp
FNDA:2,navigateToOtpVerification
FNDA:0,navigateToHome
FNDA:0,navigateToProfile
FNDA:2,navigateToMyProfile
FNDA:1,navigateToDiscover
FNDA:0,navigateToDiscoverFirstTime
FNDA:1,navigateToTopic
FNDA:0,navigateToForgotPassword
FNDA:2,navigateToForgotSignUp
FNDA:2,reset
FNDA:3,navigateToCommunity
FNDA:0,navigateToWelcome
DA:7,2
DA:11,2
DA:15,0
DA:18,0
DA:21,2
DA:24,1
DA:27,0
DA:31,1
DA:34,0
DA:37,2
DA:40,2
DA:44,3
DA:48,0
LF:13
LH:8
BRF:0
BRH:0
end_of_record
TN:
SF:app/store/actions/snackBarAction.ts
FN:8,enableSnackBar
FN:19,disableSnackBar
FNF:2
FNH:1
FNDA:99,enableSnackBar
FNDA:0,disableSnackBar
DA:11,99
DA:20,0
LF:2
LH:1
BRDA:9,0,0,88
BRF:1
BRH:1
end_of_record
TN:
SF:app/store/actions/types.ts
FNF:0
FNH:0
DA:2,46
DA:3,46
DA:5,46
DA:6,46
DA:9,46
DA:12,46
DA:13,46
DA:14,46
DA:15,46
DA:17,46
DA:18,46
DA:19,46
DA:20,46
DA:21,46
DA:22,46
DA:23,46
DA:24,46
DA:26,46
DA:27,46
DA:29,46
DA:30,46
DA:32,46
DA:33,46
DA:35,46
DA:36,46
DA:39,46
DA:41,46
DA:43,46
DA:44,46
DA:46,46
DA:48,46
DA:49,46
DA:51,46
DA:52,46
DA:55,46
DA:56,46
DA:58,46
DA:59,46
DA:62,46
DA:64,46
DA:66,46
DA:67,46
DA:69,46
DA:70,46
DA:73,46
DA:75,46
DA:77,46
DA:78,46
DA:81,46
DA:82,46
DA:83,46
DA:84,46
DA:86,46
DA:87,46
DA:89,46
DA:90,46
DA:92,46
DA:93,46
DA:96,46
DA:98,46
DA:100,46
DA:101,46
DA:104,46
DA:106,46
DA:107,46
DA:108,46
DA:110,46
DA:112,46
DA:113,46
DA:115,46
DA:116,46
DA:118,46
DA:120,46
DA:121,46
DA:122,46
DA:123,46
DA:124,46
LF:77
LH:77
BRF:0
BRH:0
end_of_record
TN:
SF:app/store/actions/userActions.ts
FN:33,resendOtp
FN:40,requestOtp
FN:47,requestLogin
FN:56,requestGetUserInformation
FN:63,onGetUserResponse
FN:70,onLoginResponse
FN:77,editProfileResponse
FN:86,editProfileRequest
FN:92,saveTopicResponse
FN:101,saveTopicRequest
FN:107,uploadImage
FN:118,saveArtWorkDataRequest
FN:125,saveArtWorkDataResponse
FN:132,updateProfileDataRequest
FN:141,updateProfileDataResponse
FN:150,updateUserInformationRequest
FN:159,updateUserInformationResponse
FN:167,acceptCommunityGuideLines
FN:173,uploadBackGroundImageRequest
FN:180,uploadBackGroundImageResponse
FN:187,acceptCommunityGuideLinesRequest
FN:193,acceptCommunityGuideLinesResponse
FN:198,changeNumberRequest
FN:209,changeNumberResponse
FN:218,viewTutorialRequest
FN:227,viewTutorialResponse
FN:233,deletePost
FN:243,deleteWork
FN:252,loginAsRequest
FN:261,logOutRequest
FN:270,logOutApiLoading
FNF:31
FNH:13
FNDA:0,resendOtp
FNDA:0,requestOtp
FNDA:0,requestLogin
FNDA:1,requestGetUserInformation
FNDA:0,onGetUserResponse
FNDA:4,onLoginResponse
FNDA:1,editProfileResponse
FNDA:0,editProfileRequest
FNDA:1,saveTopicResponse
FNDA:0,saveTopicRequest
FNDA:1,uploadImage
FNDA:0,saveArtWorkDataRequest
FNDA:0,saveArtWorkDataResponse
FNDA:0,updateProfileDataRequest
FNDA:1,updateProfileDataResponse
FNDA:0,updateUserInformationRequest
FNDA:1,updateUserInformationResponse
FNDA:0,acceptCommunityGuideLines
FNDA:0,uploadBackGroundImageRequest
FNDA:1,uploadBackGroundImageResponse
FNDA:0,acceptCommunityGuideLinesRequest
FNDA:1,acceptCommunityGuideLinesResponse
FNDA:0,changeNumberRequest
FNDA:1,changeNumberResponse
FNDA:0,viewTutorialRequest
FNDA:1,viewTutorialResponse
FNDA:0,deletePost
FNDA:0,deleteWork
FNDA:0,loginAsRequest
FNDA:46,logOutRequest
FNDA:2,logOutApiLoading
DA:34,0
DA:41,0
DA:50,0
DA:57,1
DA:64,0
DA:71,4
DA:80,1
DA:87,0
DA:95,1
DA:102,0
DA:111,1
DA:119,0
DA:126,0
DA:135,0
DA:144,1
DA:153,0
DA:162,1
DA:168,0
DA:174,0
DA:181,1
DA:188,0
DA:194,1
DA:203,0
DA:212,1
DA:221,0
DA:228,1
DA:237,0
DA:247,0
DA:256,0
DA:264,46
DA:274,2
LF:31
LH:13
BRDA:262,0,0,0
BRF:1
BRH:0
end_of_record
TN:
SF:app/store/sagas/acceptCommunityGuideLinesSaga.ts
FN:21,acceptCommunityGuideLinesSaga
FN:26,(anonymous_1)
FNF:2
FNH:2
FNDA:4,acceptCommunityGuideLinesSaga
FNDA:2,(anonymous_1)
DA:22,4
DA:23,4
DA:25,3
DA:26,2
DA:31,2
DA:40,2
DA:41,2
DA:42,1
DA:43,1
DA:45,1
DA:46,1
DA:49,2
DA:50,1
DA:52,1
DA:54,2
LF:15
LH:15
BRDA:41,0,0,1
BRDA:41,0,1,1
BRDA:49,1,0,1
BRDA:49,1,1,1
BRF:4
BRH:4
end_of_record
TN:
SF:app/store/sagas/acceptPendingRequestSaga.ts
FN:20,getPendingRequestSaga
FN:22,(anonymous_1)
FN:30,(anonymous_2)
FNF:3
FNH:3
FNDA:4,getPendingRequestSaga
FNDA:2,(anonymous_1)
FNDA:1,(anonymous_2)
DA:21,4
DA:22,2
DA:24,4
DA:25,4
DA:27,2
DA:28,2
DA:29,1
DA:30,1
DA:32,1
DA:34,1
DA:36,1
DA:38,1
DA:40,2
DA:41,2
DA:43,2
DA:44,1
DA:46,1
DA:48,2
LF:18
LH:18
BRDA:28,0,0,1
BRDA:28,0,1,1
BRDA:43,1,0,1
BRDA:43,1,1,1
BRF:4
BRH:4
end_of_record
TN:
SF:app/store/sagas/addNewGroup.ts
FN:19,addNewGroupSaga
FN:23,(anonymous_1)
FNF:2
FNH:2
FNDA:3,addNewGroupSaga
FNDA:2,(anonymous_1)
DA:20,3
DA:21,3
DA:22,2
DA:23,2
DA:25,2
DA:27,2
DA:28,1
DA:29,1
DA:30,1
DA:31,1
DA:32,1
DA:34,1
DA:36,2
DA:37,1
DA:39,1
DA:41,2
LF:16
LH:16
BRDA:27,0,0,1
BRDA:27,0,1,1
BRDA:31,1,0,1
BRDA:31,1,1,0
BRDA:36,2,0,1
BRDA:36,2,1,1
BRF:6
BRH:5
end_of_record
TN:
SF:app/store/sagas/addNewPostSaga.ts
FN:21,newPost
FN:24,(anonymous_1)
FNF:2
FNH:2
FNDA:3,newPost
FNDA:1,(anonymous_1)
DA:22,3
DA:23,3
DA:24,1
DA:26,1
DA:30,1
DA:32,1
DA:34,1
DA:36,1
DA:39,2
DA:40,1
DA:42,1
DA:44,2
LF:12
LH:12
BRDA:26,0,0,1
BRDA:26,0,1,0
BRDA:39,1,0,1
BRDA:39,1,1,1
BRF:4
BRH:3
end_of_record
TN:
SF:app/store/sagas/addProfileSaga.ts
FN:35,editProfile
FN:38,(anonymous_1)
FNF:2
FNH:2
FNDA:4,editProfile
FNDA:2,(anonymous_1)
DA:36,4
DA:37,4
DA:38,2
DA:41,2
DA:54,2
DA:56,2
DA:64,2
DA:65,1
DA:66,1
DA:67,1
DA:69,1
DA:70,1
DA:73,2
DA:74,1
DA:76,1
DA:78,2
LF:16
LH:16
BRDA:49,0,0,0
BRDA:49,0,1,2
BRDA:64,1,0,1
BRDA:64,1,1,1
BRDA:73,2,0,1
BRDA:73,2,1,1
BRF:6
BRH:5
end_of_record
TN:
SF:app/store/sagas/deletePostSaga.ts
FN:22,newPost
FN:26,(anonymous_1)
FN:39,(anonymous_2)
FNF:3
FNH:3
FNDA:4,newPost
FNDA:2,(anonymous_1)
FNDA:1,(anonymous_2)
DA:23,4
DA:24,4
DA:25,2
DA:26,2
DA:32,2
DA:33,2
DA:37,2
DA:38,1
DA:39,1
DA:41,1
DA:43,1
DA:46,3
DA:47,1
DA:49,2
DA:51,3
LF:15
LH:15
BRDA:37,0,0,1
BRDA:37,0,1,1
BRDA:46,1,0,1
BRDA:46,1,1,2
BRF:4
BRH:4
end_of_record
TN:
SF:app/store/sagas/deleteWorkSaga.ts
FN:22,newPost
FN:26,(anonymous_1)
FN:38,(anonymous_2)
FNF:3
FNH:3
FNDA:3,newPost
FNDA:2,(anonymous_1)
FNDA:1,(anonymous_2)
DA:23,3
DA:24,3
DA:25,2
DA:26,2
DA:32,2
DA:33,2
DA:36,2
DA:37,1
DA:38,1
DA:40,1
DA:42,1
DA:45,2
DA:46,1
DA:48,1
DA:50,1
LF:15
LH:15
BRDA:36,0,0,1
BRDA:36,0,1,1
BRDA:45,1,0,1
BRDA:45,1,1,1
BRF:4
BRH:4
end_of_record
TN:
SF:app/store/sagas/fetchAllGroupSaga.ts
FN:18,getAllPost
FNF:1
FNH:1
FNDA:4,getAllPost
DA:19,4
DA:20,4
DA:22,2
DA:23,2
DA:24,1
DA:25,1
DA:27,1
DA:29,2
DA:31,2
DA:32,1
DA:34,1
DA:36,1
LF:12
LH:12
BRDA:23,0,0,1
BRDA:23,0,1,1
BRDA:31,1,0,1
BRDA:31,1,1,1
BRF:4
BRH:4
end_of_record
TN:
SF:app/store/sagas/getAllPostSaga.ts
FN:17,getAllPost
FNF:1
FNH:1
FNDA:3,getAllPost
DA:18,3
DA:19,3
DA:23,2
DA:24,0
DA:25,0
DA:37,0
DA:41,0
DA:42,0
DA:52,0
DA:53,0
DA:60,0
DA:63,2
DA:66,2
DA:67,1
DA:69,1
DA:71,2
DA:73,1
DA:74,1
DA:75,1
DA:77,3
LF:20
LH:12
BRDA:23,0,0,0
BRDA:23,0,1,2
BRDA:37,1,0,0
BRDA:37,1,1,0
BRDA:38,2,0,0
BRDA:38,2,1,0
BRDA:66,3,0,1
BRDA:66,3,1,1
BRF:8
BRH:3
end_of_record
TN:
SF:app/store/sagas/getMySavedWorkSaga.ts
FN:18,getSavedWorkSaga
FNF:1
FNH:1
FNDA:4,getSavedWorkSaga
DA:19,4
DA:20,4
DA:22,2
DA:23,2
DA:24,1
DA:25,1
DA:26,1
DA:29,1
DA:31,2
DA:33,2
DA:34,1
DA:36,1
DA:39,1
LF:13
LH:13
BRDA:23,0,0,1
BRDA:23,0,1,1
BRDA:25,1,0,1
BRDA:25,1,1,0
BRDA:33,2,0,1
BRDA:33,2,1,1
BRF:6
BRH:5
end_of_record
TN:
SF:app/store/sagas/getPendingRequestSaga.ts
FN:17,getPendingRequestSaga
FNF:1
FNH:1
FNDA:6,getPendingRequestSaga
DA:18,6
DA:19,6
DA:21,4
DA:23,4
DA:24,2
DA:25,2
DA:26,1
DA:28,1
DA:30,2
DA:31,1
DA:33,1
DA:35,4
DA:37,2
DA:38,1
DA:40,1
DA:42,1
LF:16
LH:16
BRDA:23,0,0,2
BRDA:23,0,1,2
BRDA:25,1,0,1
BRDA:25,1,1,1
BRDA:30,2,0,1
BRDA:30,2,1,1
BRDA:37,3,0,1
BRDA:37,3,1,1
BRF:8
BRH:8
end_of_record
TN:
SF:app/store/sagas/getSuggestedConnectionCategoriesSaga.ts
FN:21,getSuggestedConnectionCategorySaga
FN:25,(anonymous_1)
FNF:2
FNH:2
FNDA:6,getSuggestedConnectionCategorySaga
FNDA:4,(anonymous_1)
DA:22,6
DA:23,6
DA:25,4
DA:27,4
DA:33,4
DA:34,2
DA:35,2
DA:36,1
DA:42,1
DA:45,2
DA:47,4
DA:49,2
DA:50,1
DA:52,1
DA:54,1
LF:15
LH:15
BRDA:33,0,0,2
BRDA:33,0,1,2
BRDA:35,1,0,1
BRDA:35,1,1,1
BRDA:49,2,0,1
BRDA:49,2,1,1
BRF:6
BRH:6
end_of_record
TN:
SF:app/store/sagas/getSuggestedConnectionSaga.ts
FN:18,getSuggestedConnectionsSaga
FNF:1
FNH:1
FNDA:6,getSuggestedConnectionsSaga
DA:19,6
DA:20,6
DA:22,4
DA:26,4
DA:27,2
DA:28,2
DA:29,1
DA:35,1
DA:38,2
DA:40,4
DA:42,2
DA:43,1
DA:45,1
DA:47,1
DA:48,1
LF:15
LH:15
BRDA:26,0,0,2
BRDA:26,0,1,2
BRDA:28,1,0,1
BRDA:28,1,1,1
BRDA:42,2,0,1
BRDA:42,2,1,1
BRF:6
BRH:6
end_of_record
TN:
SF:app/store/sagas/getUserPostSaga.ts
FN:23,newPost
FN:26,(anonymous_1)
FNF:2
FNH:2
FNDA:3,newPost
FNDA:2,(anonymous_1)
DA:24,3
DA:25,3
DA:26,3
DA:31,2
DA:36,2
DA:37,2
DA:39,2
DA:41,2
DA:42,1
DA:44,2
DA:45,1
DA:47,1
DA:50,2
DA:51,1
DA:53,1
DA:55,1
LF:16
LH:16
BRDA:41,0,0,1
BRDA:41,0,1,1
BRDA:44,1,0,1
BRDA:44,1,1,1
BRDA:50,2,0,1
BRDA:50,2,1,1
BRF:6
BRH:6
end_of_record
TN:
SF:app/store/sagas/getYourConnectionSaga.ts
FN:18,getYourConnectionsSaga
FNF:1
FNH:1
FNDA:5,getYourConnectionsSaga
DA:19,5
DA:20,5
DA:22,3
DA:23,3
DA:24,2
DA:25,2
DA:26,1
DA:32,1
DA:35,1
DA:37,3
DA:39,2
DA:40,1
DA:42,1
DA:44,1
LF:14
LH:14
BRDA:23,0,0,2
BRDA:23,0,1,1
BRDA:25,1,0,1
BRDA:25,1,1,1
BRDA:39,2,0,1
BRDA:39,2,1,1
BRF:6
BRH:6
end_of_record
TN:
SF:app/store/sagas/loginAsRequestSaga.ts
FN:18,loginAsync
FNF:1
FNH:1
FNDA:6,loginAsync
DA:19,6
DA:20,6
DA:23,4
DA:26,4
DA:27,3
DA:28,2
DA:33,2
DA:35,1
DA:38,3
DA:40,3
DA:41,1
DA:43,2
DA:46,1
DA:47,1
DA:50,2
DA:51,1
DA:53,1
DA:55,1
LF:18
LH:18
BRDA:26,0,0,3
BRDA:26,0,1,1
BRDA:26,1,0,4
BRDA:26,1,1,3
BRDA:27,2,0,2
BRDA:27,2,1,1
BRDA:40,3,0,1
BRDA:40,3,1,2
BRDA:50,4,0,1
BRDA:50,4,1,1
BRF:10
BRH:10
end_of_record
TN:
SF:app/store/sagas/loginSaga.ts
FN:36,loginAsync
FN:40,(anonymous_1)
FNF:2
FNH:2
FNDA:13,loginAsync
FNDA:12,(anonymous_1)
DA:37,13
DA:38,13
DA:39,12
DA:40,12
DA:42,12
DA:45,12
DA:46,11
DA:54,1
DA:63,12
DA:67,12
DA:68,6
DA:69,6
DA:71,2
DA:72,2
DA:83,2
DA:84,0
DA:88,0
DA:90,2
DA:93,2
DA:94,0
DA:96,2
DA:98,6
DA:99,2
DA:100,2
DA:101,4
DA:102,2
DA:103,2
DA:105,2
DA:106,2
DA:109,5
DA:110,5
LF:31
LH:28
BRDA:45,0,0,11
BRDA:45,0,1,1
BRDA:51,1,0,0
BRDA:51,1,1,11
BRDA:67,2,0,6
BRDA:67,2,1,6
BRDA:67,3,0,12
BRDA:67,3,1,6
BRDA:71,4,0,2
BRDA:71,4,1,0
BRDA:74,5,0,0
BRDA:74,5,1,2
BRDA:77,6,0,0
BRDA:77,6,1,2
BRDA:83,7,0,0
BRDA:83,7,1,2
BRDA:83,8,0,2
BRDA:83,8,1,2
BRDA:93,9,0,0
BRDA:93,9,1,2
BRDA:98,10,0,2
BRDA:98,10,1,4
BRDA:101,11,0,2
BRDA:101,11,1,2
BRF:24
BRH:18
end_of_record
TN:
SF:app/store/sagas/logoutSaga.ts
FN:10,logOut
FN:16,(anonymous_1)
FN:18,(anonymous_2)
FN:21,(anonymous_3)
FN:24,(anonymous_4)
FNF:5
FNH:5
FNDA:3,logOut
FNDA:2,(anonymous_1)
FNDA:2,(anonymous_2)
FNDA:2,(anonymous_3)
FNDA:2,(anonymous_4)
DA:11,3
DA:13,3
DA:14,3
DA:16,3
DA:17,2
DA:18,2
DA:20,2
DA:21,2
DA:23,2
DA:24,2
DA:26,2
DA:28,2
DA:29,1
DA:30,1
DA:31,1
DA:32,1
DA:33,1
DA:39,1
DA:42,1
DA:43,1
DA:44,1
DA:46,1
DA:47,0
DA:48,0
DA:51,1
DA:52,1
DA:53,1
LF:27
LH:25
BRDA:28,0,0,1
BRDA:28,0,1,1
BRDA:30,1,0,1
BRDA:30,1,1,0
BRDA:32,2,0,1
BRDA:32,2,1,0
BRDA:43,3,0,1
BRDA:43,3,1,0
BRDA:47,4,0,0
BRDA:47,4,1,0
BRF:10
BRH:5
end_of_record
TN:
SF:app/store/sagas/rejectPendingRequestSaga.ts
FN:12,getPendingRequestSaga
FN:14,(anonymous_1)
FN:23,(anonymous_2)
FNF:3
FNH:3
FNDA:3,getPendingRequestSaga
FNDA:1,(anonymous_1)
FNDA:1,(anonymous_2)
DA:13,3
DA:14,1
DA:17,3
DA:18,3
DA:20,1
DA:21,1
DA:22,1
DA:23,1
DA:25,1
DA:27,1
DA:29,1
DA:31,2
DA:32,1
DA:34,1
DA:36,2
LF:15
LH:15
BRDA:21,0,0,1
BRDA:21,0,1,0
BRDA:31,1,0,1
BRDA:31,1,1,1
BRF:4
BRH:3
end_of_record
TN:
SF:app/store/sagas/requestOtpSaga.ts
FN:11,requestOtpSaga
FNF:1
FNH:1
FNDA:12,requestOtpSaga
DA:12,12
DA:13,12
DA:14,12
DA:17,12
DA:18,6
DA:23,6
DA:27,6
DA:31,6
DA:35,10
DA:37,10
DA:39,4
DA:40,4
DA:49,6
DA:51,4
DA:52,4
DA:56,2
DA:60,2
DA:61,2
LF:18
LH:18
BRDA:17,0,0,6
BRDA:17,0,1,6
BRDA:37,1,0,4
BRDA:37,1,1,6
BRDA:49,2,0,4
BRDA:49,2,1,2
BRF:6
BRH:6
end_of_record
TN:
SF:app/store/sagas/resendOtpSaga.ts
FN:11,resendOtpSaga
FNF:1
FNH:1
FNDA:12,resendOtpSaga
DA:12,12
DA:13,12
DA:14,12
DA:17,12
DA:19,6
DA:23,6
DA:28,6
DA:33,6
DA:38,10
DA:40,10
DA:42,4
DA:43,4
DA:45,6
DA:46,3
DA:49,3
DA:53,2
DA:54,2
LF:17
LH:17
BRDA:17,0,0,6
BRDA:17,0,1,6
BRDA:40,1,0,4
BRDA:40,1,1,6
BRDA:45,2,0,3
BRDA:45,2,1,3
BRF:6
BRH:6
end_of_record
TN:
SF:app/store/sagas/saveTopicSaga.ts
FN:20,saveTopicSaga
FN:25,(anonymous_1)
FNF:2
FNH:2
FNDA:4,saveTopicSaga
FNDA:2,(anonymous_1)
DA:22,4
DA:23,4
DA:24,4
DA:25,2
DA:27,2
DA:39,2
DA:40,2
DA:43,2
DA:44,1
DA:45,1
DA:47,1
DA:48,1
DA:51,2
DA:52,1
DA:54,1
DA:56,1
LF:16
LH:16
BRDA:43,0,0,1
BRDA:43,0,1,1
BRDA:51,1,0,1
BRDA:51,1,1,1
BRF:4
BRH:4
end_of_record
TN:
SF:app/store/sagas/updatePhoneNumberSaga.ts
FN:19,editProfile
FNF:1
FNH:1
FNDA:5,editProfile
DA:20,5
DA:21,5
DA:26,3
DA:27,3
DA:28,1
DA:33,1
DA:34,1
DA:36,1
DA:37,2
DA:38,1
DA:39,1
DA:43,1
DA:44,1
DA:49,4
DA:50,1
DA:52,3
DA:54,3
LF:17
LH:17
BRDA:27,0,0,1
BRDA:27,0,1,2
BRDA:37,1,0,1
BRDA:37,1,1,1
BRDA:49,2,0,1
BRDA:49,2,1,3
BRF:6
BRH:6
end_of_record
TN:
SF:app/store/sagas/updateProfileSaga.ts
FN:21,editProfile
FN:24,(anonymous_1)
FNF:2
FNH:2
FNDA:5,editProfile
FNDA:3,(anonymous_1)
DA:22,5
DA:23,5
DA:24,3
DA:25,3
DA:49,3
DA:54,3
DA:55,1
DA:56,1
DA:58,2
DA:59,2
DA:62,2
DA:63,1
DA:65,1
DA:67,1
LF:14
LH:14
BRDA:54,0,0,1
BRDA:54,0,1,2
BRDA:62,1,0,1
BRDA:62,1,1,1
BRF:4
BRH:4
end_of_record
TN:
SF:app/store/sagas/updateUserInformationSaga.ts
FN:10,editProfile
FNF:1
FNH:1
FNDA:5,editProfile
DA:11,5
DA:12,5
DA:18,3
DA:19,3
DA:20,1
DA:21,1
DA:23,2
DA:24,2
DA:27,2
DA:28,1
DA:30,1
DA:32,1
LF:12
LH:12
BRDA:19,0,0,1
BRDA:19,0,1,2
BRDA:27,1,0,1
BRDA:27,1,1,1
BRF:4
BRH:4
end_of_record
TN:
SF:app/store/sagas/uploadBackGroundImageSaga.ts
FN:12,uploadBackGroundImageSaga
FNF:1
FNH:1
FNDA:4,uploadBackGroundImageSaga
DA:15,4
DA:16,4
DA:22,2
DA:26,2
DA:30,2
DA:36,2
DA:41,2
DA:42,1
DA:45,1
DA:47,1
DA:48,1
DA:51,2
DA:52,1
DA:54,1
DA:56,1
LF:15
LH:15
BRDA:41,0,0,1
BRDA:41,0,1,1
BRDA:51,1,0,1
BRDA:51,1,1,1
BRF:4
BRH:4
end_of_record
TN:
SF:app/store/sagas/viewTutorialSaga.ts
FN:6,uploadBackGroundImageSaga
FNF:1
FNH:1
FNDA:2,uploadBackGroundImageSaga
DA:9,2
DA:15,2
DA:16,1
DA:17,1
DA:20,1
DA:21,1
LF:6
LH:6
BRDA:16,0,0,1
BRDA:16,0,1,0
BRDA:20,1,0,1
BRDA:20,1,1,0
BRF:4
BRH:2
end_of_record
TN:
SF:app/utils/icons.tsx
FN:12,(anonymous_0)
FN:25,(anonymous_1)
FN:36,(anonymous_2)
FN:54,(anonymous_3)
FN:74,(anonymous_4)
FN:93,(anonymous_5)
FN:106,(anonymous_6)
FN:138,(anonymous_7)
FN:171,(anonymous_8)
FN:189,(anonymous_9)
FN:207,(anonymous_10)
FN:237,(anonymous_11)
FN:265,(anonymous_12)
FNF:13
FNH:0
FNDA:0,(anonymous_0)
FNDA:0,(anonymous_1)
FNDA:0,(anonymous_2)
FNDA:0,(anonymous_3)
FNDA:0,(anonymous_4)
FNDA:0,(anonymous_5)
FNDA:0,(anonymous_6)
FNDA:0,(anonymous_7)
FNDA:0,(anonymous_8)
FNDA:0,(anonymous_9)
FNDA:0,(anonymous_10)
FNDA:0,(anonymous_11)
FNDA:0,(anonymous_12)
DA:12,1
DA:13,0
DA:25,1
DA:26,0
DA:36,1
DA:38,0
DA:54,1
DA:55,0
DA:74,1
DA:75,0
DA:93,1
DA:94,0
DA:106,1
DA:107,0
DA:108,0
DA:138,1
DA:139,0
DA:171,1
DA:172,0
DA:173,0
DA:189,1
DA:190,0
DA:191,0
DA:207,1
DA:208,0
DA:209,0
DA:237,1
DA:238,0
DA:239,0
DA:265,1
DA:266,0
DA:267,0
LF:32
LH:13
BRDA:19,0,0,0
BRDA:19,0,1,0
BRDA:19,0,2,0
BRDA:30,1,0,0
BRDA:30,1,1,0
BRDA:30,1,2,0
BRDA:47,2,0,0
BRDA:47,2,1,0
BRDA:80,3,0,0
BRDA:80,3,1,0
BRDA:86,4,0,0
BRDA:86,4,1,0
BRDA:107,5,0,0
BRDA:107,5,1,0
BRDA:113,6,0,0
BRDA:113,6,1,0
BRDA:119,7,0,0
BRDA:119,7,1,0
BRDA:125,8,0,0
BRDA:125,8,1,0
BRDA:131,9,0,0
BRDA:131,9,1,0
BRDA:144,10,0,0
BRDA:144,10,1,0
BRDA:148,11,0,0
BRDA:148,11,1,0
BRDA:149,12,0,0
BRDA:149,12,1,0
BRDA:153,13,0,0
BRDA:153,13,1,0
BRDA:154,14,0,0
BRDA:154,14,1,0
BRDA:158,15,0,0
BRDA:158,15,1,0
BRDA:159,16,0,0
BRDA:159,16,1,0
BRDA:172,17,0,0
BRDA:172,18,0,0
BRDA:172,19,0,0
BRDA:190,20,0,0
BRDA:190,21,0,0
BRDA:190,22,0,0
BRDA:208,23,0,0
BRDA:208,24,0,0
BRDA:208,25,0,0
BRDA:238,26,0,0
BRDA:238,27,0,0
BRDA:238,28,0,0
BRDA:266,29,0,0
BRDA:266,30,0,0
BRDA:266,31,0,0
BRF:51
BRH:0
end_of_record
TN:
SF:app/utils/uiPrimitives.tsx
FN:19,(anonymous_0)
FN:27,(anonymous_1)
FN:43,(anonymous_2)
FN:47,(anonymous_3)
FNF:4
FNH:1
FNDA:49,(anonymous_0)
FNDA:0,(anonymous_1)
FNDA:0,(anonymous_2)
FNDA:0,(anonymous_3)
DA:19,2
DA:20,49
DA:27,2
DA:28,0
DA:43,2
DA:44,0
DA:45,0
DA:47,0
DA:48,0
DA:49,0
DA:50,0
DA:53,0
DA:54,0
DA:55,0
DA:56,0
DA:69,0
DA:93,2
LF:17
LH:5
BRDA:49,0,0,0
BRDA:49,0,1,0
BRDA:55,1,0,0
BRDA:55,1,1,0
BRDA:55,2,0,0
BRDA:55,2,1,0
BRDA:61,3,0,0
BRDA:61,3,1,0
BRDA:80,4,0,0
BRDA:80,4,1,0
BRF:10
BRH:0
end_of_record
